#
# A fatal error has been detected by the Java Runtime Environment:
#
#  SIGBUS (0xa) at pc=0x000000010c1f300e, pid=51260, tid=0x0000000000005403
#
# JRE version: Java(TM) SE Runtime Environment (8.0_321-b07) (build 1.8.0_321-b07)
# Java VM: Java HotSpot(TM) 64-Bit Server VM (25.321-b07 mixed mode bsd-amd64 compressed oops)
# Problematic frame:
# V  [libjvm.dylib+0x45600e]  BytecodeStream::next()+0x5e
#
# Failed to write core dump. Core dumps have been disabled. To enable core dumping, try "ulimit -c unlimited" before starting Java again
#
# If you would like to submit a bug report, please visit:
#   http://bugreport.java.com/bugreport/crash.jsp
#

---------------  T H R E A D  ---------------

Current thread (0x00007fd6cf862000):  VMThread [stack: 0x000000030a0bc000,0x000000030a1bc000] [id=21507]

siginfo: si_signo: 10 (SIGBUS), si_code: 2 (BUS_ADRERR), si_addr: 0x00000001104ae200

Registers:
RAX=0x000000010c4ade00, RBX=0x000000030a1bba20, RCX=0x000000010c4adef0, RDX=0x0000000000000002
RSP=0x000000030a1bb990, RBP=0x000000030a1bb9c0, RSI=0x0000000000000002, RDI=0x0000000000000003
R8 =0x000000010c4c1780, R9 =0x0000000000000001, R10=0x000000010c4b836b, R11=0x000000000000100a
R12=0x00000000000000ff, R13=0x0000000004000400, R14=0x00000000ffffffff, R15=0x00000001348ee69a
RIP=0x000000010c1f300e, EFLAGS=0x0000000000000206, ERR=0x0000000000000004
  TRAPNO=0x000000000000000e

Top of Stack: (sp=0x000000030a1bb990)
0x000000030a1bb990:   000000000a1bba01 0000000000000099
0x000000030a1bb9a0:   0000000000000000 000000010c490c78
0x000000030a1bb9b0:   000000030a1bba20 000000030a1bb9f0
0x000000030a1bb9c0:   000000030a1bba80 000000010c1f2e7c
0x000000030a1bb9d0:   00000001348ee730 00007fd6cf862000
0x000000030a1bb9e0:   00000001348f6ac8 00007fd6cf862000
0x000000030a1bb9f0:   00000001348f6ac8 00000001348f6ac8
0x000000030a1bba00:   00007fd6cf862000 000000220000001f
0x000000030a1bba10:   0000009900000064 000000990c020000
0x000000030a1bba20:   00000001348ee730 00000001348ee730
0x000000030a1bba30:   00007fd6cf862000 0000002200000022
0x000000030a1bba40:   0000009900000064 000000990bf20000
0x000000030a1bba50:   e3e5dc1bec64003e 0000000000000016
0x000000030a1bba60:   0000000000000000 000000010c4ab180
0x000000030a1bba70:   0000000000000017 00000001348ee730
0x000000030a1bba80:   000000030a1bbb00 000000010c147c24
0x000000030a1bba90:   00000000000000e0 00007fd66f8d63b0
0x000000030a1bbaa0:   000000000a6d5a90 00000000000000e0
0x000000030a1bbab0:   00000001348f6790 000000030a1bbad0
0x000000030a1bbac0:   000000030a1bbb00 ffff00010c147b28
0x000000030a1bbad0:   00000016348ffffe 00000007c034f938
0x000000030a1bbae0:   00000007c0430600 000000010c4ab180
0x000000030a1bbaf0:   000000030a6d5a90 00007fd6cf862000
0x000000030a1bbb00:   000000030a1bbbd0 000000010c13d9e0
0x000000030a1bbb10:   000000010ecd3ca0 00007fd6cf862000
0x000000030a1bbb20:   0000600000de3040 00006000027e51d0
0x000000030a1bbb30:   00006000027e51e0 00006000027e52b8
0x000000030a1bbb40:   00000000000000d8 000000030a1bbc10
0x000000030a1bbb50:   0000000000000001 000000013489f958
0x000000030a1bbb60:   00007fd6cf862000 0000000000000002
0x000000030a1bbb70:   000000010c1e582a 00006000016e8188
0x000000030a1bbb80:   000000030a1bbbb0 000000010c13a01a 

Instructions: (pc=0x000000010c1f300e)
0x000000010c1f2fee:   4c 89 fe e8 94 7e c7 ff 41 89 c4 49 63 c4 48 8d
0x000000010c1f2ffe:   0d ed ae 2b 00 4c 63 2c 81 48 8d 05 f2 ad 2b 00
0x000000010c1f300e:   42 0f b6 04 28 83 e0 0f 84 c0 75 10 48 8b 7b 08
0x000000010c1f301e:   4c 89 fe e8 ca f6 ff ff 85 c0 7e 0c 8b 53 18 8b 

Register to memory mapping:

RAX=0x000000010c4ade00: _ZN9Bytecodes8_lengthsE+0 in /Library/Internet Plug-Ins/JavaAppletPlugin.plugin/Contents/Home/lib/server/libjvm.dylib at 0x000000010bd9d000
RBX=0x000000030a1bba20 is an unknown value
RCX=0x000000010c4adef0: _ZN9Bytecodes10_java_codeE+0 in /Library/Internet Plug-Ins/JavaAppletPlugin.plugin/Contents/Home/lib/server/libjvm.dylib at 0x000000010bd9d000
RDX=0x0000000000000002 is an unknown value
RSP=0x000000030a1bb990 is an unknown value
RBP=0x000000030a1bb9c0 is an unknown value
RSI=0x0000000000000002 is an unknown value
RDI=0x0000000000000003 is an unknown value
R8 =0x000000010c4c1780: _ZN2os16_processor_countE+0 in /Library/Internet Plug-Ins/JavaAppletPlugin.plugin/Contents/Home/lib/server/libjvm.dylib at 0x000000010bd9d000
R9 =0x0000000000000001 is an unknown value
R10=0x000000010c4b836b: AssumeMP+0 in /Library/Internet Plug-Ins/JavaAppletPlugin.plugin/Contents/Home/lib/server/libjvm.dylib at 0x000000010bd9d000
R11=0x000000000000100a is an unknown value
R12=0x00000000000000ff is an unknown value
R13=0x0000000004000400 is an unknown value
R14=0x00000000ffffffff is an unknown value
R15=0x00000001348ee69a is pointing into metadata


Stack: [0x000000030a0bc000,0x000000030a1bc000],  sp=0x000000030a1bb990,  free space=1022k
Native frames: (J=compiled Java code, j=interpreted, Vv=VM code, C=native code)
V  [libjvm.dylib+0x45600e]  BytecodeStream::next()+0x5e
V  [libjvm.dylib+0x455e7c]  MethodComparator::methods_EMCP(Method*, Method*)+0x2f4
V  [libjvm.dylib+0x3aac24]  VM_RedefineClasses::check_methods_and_mark_as_obsolete()+0x7c
V  [libjvm.dylib+0x3a09e0]  VM_RedefineClasses::redefine_single_class(_jclass*, Klass*, Thread*)+0x114
V  [libjvm.dylib+0x3a077c]  VM_RedefineClasses::doit()+0x7e
V  [libjvm.dylib+0x5a243e]  VM_Operation::evaluate()+0x46
V  [libjvm.dylib+0x5a19d1]  VMThread::evaluate_operation(VM_Operation*)+0x149
V  [libjvm.dylib+0x5a1415]  VMThread::loop()+0xb9
V  [libjvm.dylib+0x5a1250]  VMThread::run()+0x74
V  [libjvm.dylib+0x48e20f]  java_start(Thread*)+0xfa
C  [libsystem_pthread.dylib+0x61d3]  _pthread_start+0x7d
C  [libsystem_pthread.dylib+0x1bd3]  thread_start+0xf

VM_Operation (0x000000030a6d5a90): RedefineClasses, mode: safepoint, requested by thread 0x00007fd6d0828800, redefining class com.bluehouseinc.dataconverter.parsers.esp.model.DependencyGraphMapper



---------------  P R O C E S S  ---------------

Java Threads: ( => current thread )
  0x00007fd6694fc000 JavaThread "ProgressBar" daemon [_thread_blocked, id=65467, stack(0x000000030aef1000,0x000000030aff1000)]
  0x00007fd6d0b67000 JavaThread "Service Thread" daemon [_thread_blocked, id=24583, stack(0x000000030aceb000,0x000000030adeb000)]
  0x00007fd6cf86a800 JavaThread "C1 CompilerThread3" daemon [_thread_blocked, id=24067, stack(0x000000030abe8000,0x000000030ace8000)]
  0x00007fd6bf80b000 JavaThread "C2 CompilerThread2" daemon [_thread_blocked, id=23555, stack(0x000000030aae5000,0x000000030abe5000)]
  0x00007fd6bf80d000 JavaThread "C2 CompilerThread1" daemon [_thread_blocked, id=23043, stack(0x000000030a9e2000,0x000000030aae2000)]
  0x00007fd6d0b51000 JavaThread "C2 CompilerThread0" daemon [_thread_blocked, id=22611, stack(0x000000030a8df000,0x000000030a9df000)]
  0x00007fd6d100c800 JavaThread "JDWP Command Reader" daemon [_thread_in_native, id=31235, stack(0x000000030a7dc000,0x000000030a8dc000)]
  0x00007fd6d0827800 JavaThread "JDWP Event Helper Thread" daemon [_thread_blocked, id=31747, stack(0x000000030a6d9000,0x000000030a7d9000)]
  0x00007fd6d0828800 JavaThread "JDWP Transport Listener: dt_socket" daemon [_thread_blocked, id=32267, stack(0x000000030a5d6000,0x000000030a6d6000)]
  0x00007fd6cf874800 JavaThread "Signal Dispatcher" daemon [_thread_blocked, id=21763, stack(0x000000030a4d3000,0x000000030a5d3000)]
  0x00007fd6bf80a800 JavaThread "Finalizer" daemon [_thread_blocked, id=20259, stack(0x000000030a2c2000,0x000000030a3c2000)]
  0x00007fd6cf868800 JavaThread "Reference Handler" daemon [_thread_blocked, id=21027, stack(0x000000030a1bf000,0x000000030a2bf000)]
  0x00007fd6cf80f800 JavaThread "main" [_thread_in_native, id=10243, stack(0x000000030969e000,0x000000030979e000)]

Other Threads:
=>0x00007fd6cf862000 VMThread [stack: 0x000000030a0bc000,0x000000030a1bc000] [id=21507]
  0x00007fd6cf86b800 WatcherThread [stack: 0x000000030adee000,0x000000030aeee000] [id=25147]

VM state:at safepoint (normal execution)

VM Mutex/Monitor currently owned by a thread:  ([mutex/lock_event])
[0x00006000036e2e00] Threads_lock - owner thread: 0x00007fd6cf862000

heap address: 0x00000005c0000000, size: 8192 MB, Compressed Oops mode: Zero based, Oop shift amount: 3
Narrow klass base: 0x0000000000000000, Narrow klass shift: 3
Compressed class space size: 1073741824 Address: 0x00000007c0000000

Heap:
 PSYoungGen      total 506368K, used 263254K [0x0000000715580000, 0x0000000735f80000, 0x00000007c0000000)
  eden space 491520K, 51% used [0x0000000715580000,0x0000000724c3a6c0,0x0000000733580000)
  from space 14848K, 71% used [0x0000000735100000,0x0000000735b5b1f0,0x0000000735f80000)
  to   space 21504K, 0% used [0x0000000733580000,0x0000000733580000,0x0000000734a80000)
 ParOldGen       total 147456K, used 5274K [0x00000005c0000000, 0x00000005c9000000, 0x0000000715580000)
  object space 147456K, 3% used [0x00000005c0000000,0x00000005c0526ae8,0x00000005c9000000)
 Metaspace       used 32297K, capacity 34454K, committed 34560K, reserved 1079296K
  class space    used 3968K, capacity 4338K, committed 4352K, reserved 1048576K

Card table byte_map: [0x000000011cb82000,0x000000011db83000] byte_map_base: 0x0000000119d82000

Marking Bits: (ParMarkBitMap*) 0x000000010c4c22e8
 Begin Bits: [0x000000011e62e000, 0x000000012662e000)
 End Bits:   [0x000000012662e000, 0x000000012e62e000)

Polling page: 0x000000010afd9000

CodeCache: size=245760Kb used=16745Kb max_used=17672Kb free=229014Kb
 bounds [0x000000010db82000, 0x000000010ece2000, 0x000000011cb82000]
 total_blobs=4650 nmethods=4171 adapters=401
 compilation: enabled

Compilation events (10 events):
Event: 315.642 Thread 0x00007fd6d0b51000 5007       4       java.util.concurrent.ThreadPoolExecutor$Worker::lock (6 bytes)
Event: 315.646 Thread 0x00007fd6d0b51000 nmethod 5007 0x000000010e0fd490 code [0x000000010e0fd600, 0x000000010e0fd728]
Event: 414.605 Thread 0x00007fd6bf80b000 5008       4       java.util.concurrent.ScheduledThreadPoolExecutor$DelayedWorkQueue::add (9 bytes)
Event: 414.605 Thread 0x00007fd6bf80d000 5009   !   4       java.util.concurrent.ScheduledThreadPoolExecutor$DelayedWorkQueue::offer (124 bytes)
Event: 414.628 Thread 0x00007fd6bf80d000 nmethod 5009 0x000000010ecd1dd0 code [0x000000010ecd1fc0, 0x000000010ecd2890]
Event: 414.630 Thread 0x00007fd6bf80b000 nmethod 5008 0x000000010e8a6450 code [0x000000010e8a6640, 0x000000010e8a6fb0]
Event: 415.603 Thread 0x00007fd6d0b51000 5010       4       java.util.concurrent.ScheduledThreadPoolExecutor$ScheduledFutureTask::run (59 bytes)
Event: 415.603 Thread 0x00007fd6bf80d000 5011   !   4       java.util.concurrent.FutureTask::runAndReset (128 bytes)
Event: 415.614 Thread 0x00007fd6bf80d000 nmethod 5011 0x000000010e8ee810 code [0x000000010e8ee9a0, 0x000000010e8eedb8]
Event: 415.618 Thread 0x00007fd6d0b51000 nmethod 5010 0x000000010ddad190 code [0x000000010ddad3a0, 0x000000010ddadca8]

GC Heap History (10 events):
Event: 2.456 GC heap before
{Heap before GC invocations=1 (full 0):
 PSYoungGen      total 153088K, used 131584K [0x0000000715580000, 0x0000000720000000, 0x00000007c0000000)
  eden space 131584K, 100% used [0x0000000715580000,0x000000071d600000,0x000000071d600000)
  from space 21504K, 0% used [0x000000071eb00000,0x000000071eb00000,0x0000000720000000)
  to   space 21504K, 0% used [0x000000071d600000,0x000000071d600000,0x000000071eb00000)
 ParOldGen       total 349696K, used 0K [0x00000005c0000000, 0x00000005d5580000, 0x0000000715580000)
  object space 349696K, 0% used [0x00000005c0000000,0x00000005c0000000,0x00000005d5580000)
 Metaspace       used 19776K, capacity 20504K, committed 20608K, reserved 1067008K
  class space    used 2432K, capacity 2611K, committed 2688K, reserved 1048576K
Event: 2.491 GC heap after
Heap after GC invocations=1 (full 0):
 PSYoungGen      total 153088K, used 11750K [0x0000000715580000, 0x0000000728080000, 0x00000007c0000000)
  eden space 131584K, 0% used [0x0000000715580000,0x0000000715580000,0x000000071d600000)
  from space 21504K, 54% used [0x000000071d600000,0x000000071e1798d0,0x000000071eb00000)
  to   space 21504K, 0% used [0x0000000726b80000,0x0000000726b80000,0x0000000728080000)
 ParOldGen       total 349696K, used 8K [0x00000005c0000000, 0x00000005d5580000, 0x0000000715580000)
  object space 349696K, 0% used [0x00000005c0000000,0x00000005c0002000,0x00000005d5580000)
 Metaspace       used 19776K, capacity 20504K, committed 20608K, reserved 1067008K
  class space    used 2432K, capacity 2611K, committed 2688K, reserved 1048576K
}
Event: 2.637 GC heap before
{Heap before GC invocations=2 (full 0):
 PSYoungGen      total 153088K, used 20813K [0x0000000715580000, 0x0000000728080000, 0x00000007c0000000)
  eden space 131584K, 6% used [0x0000000715580000,0x0000000715e59db8,0x000000071d600000)
  from space 21504K, 54% used [0x000000071d600000,0x000000071e1798d0,0x000000071eb00000)
  to   space 21504K, 0% used [0x0000000726b80000,0x0000000726b80000,0x0000000728080000)
 ParOldGen       total 349696K, used 8K [0x00000005c0000000, 0x00000005d5580000, 0x0000000715580000)
  object space 349696K, 0% used [0x00000005c0000000,0x00000005c0002000,0x00000005d5580000)
 Metaspace       used 20344K, capacity 21078K, committed 21248K, reserved 1067008K
  class space    used 2513K, capacity 2690K, committed 2816K, reserved 1048576K
Event: 2.663 GC heap after
Heap after GC invocations=2 (full 0):
 PSYoungGen      total 284672K, used 5431K [0x0000000715580000, 0x0000000728080000, 0x00000007c0000000)
  eden space 263168K, 0% used [0x0000000715580000,0x0000000715580000,0x0000000725680000)
  from space 21504K, 25% used [0x0000000726b80000,0x00000007270cdd38,0x0000000728080000)
  to   space 21504K, 0% used [0x0000000725680000,0x0000000725680000,0x0000000726b80000)
 ParOldGen       total 349696K, used 16K [0x00000005c0000000, 0x00000005d5580000, 0x0000000715580000)
  object space 349696K, 0% used [0x00000005c0000000,0x00000005c0004000,0x00000005d5580000)
 Metaspace       used 20344K, capacity 21078K, committed 21248K, reserved 1067008K
  class space    used 2513K, capacity 2690K, committed 2816K, reserved 1048576K
}
Event: 2.663 GC heap before
{Heap before GC invocations=3 (full 1):
 PSYoungGen      total 284672K, used 5431K [0x0000000715580000, 0x0000000728080000, 0x00000007c0000000)
  eden space 263168K, 0% used [0x0000000715580000,0x0000000715580000,0x0000000725680000)
  from space 21504K, 25% used [0x0000000726b80000,0x00000007270cdd38,0x0000000728080000)
  to   space 21504K, 0% used [0x0000000725680000,0x0000000725680000,0x0000000726b80000)
 ParOldGen       total 349696K, used 16K [0x00000005c0000000, 0x00000005d5580000, 0x0000000715580000)
  object space 349696K, 0% used [0x00000005c0000000,0x00000005c0004000,0x00000005d5580000)
 Metaspace       used 20344K, capacity 21078K, committed 21248K, reserved 1067008K
  class space    used 2513K, capacity 2690K, committed 2816K, reserved 1048576K
Event: 2.680 GC heap after
Heap after GC invocations=3 (full 1):
 PSYoungGen      total 284672K, used 0K [0x0000000715580000, 0x0000000728080000, 0x00000007c0000000)
  eden space 263168K, 0% used [0x0000000715580000,0x0000000715580000,0x0000000725680000)
  from space 21504K, 0% used [0x0000000726b80000,0x0000000726b80000,0x0000000728080000)
  to   space 21504K, 0% used [0x0000000725680000,0x0000000725680000,0x0000000726b80000)
 ParOldGen       total 147456K, used 5258K [0x00000005c0000000, 0x00000005c9000000, 0x0000000715580000)
  object space 147456K, 3% used [0x00000005c0000000,0x00000005c0522ae8,0x00000005c9000000)
 Metaspace       used 20344K, capacity 21078K, committed 21248K, reserved 1067008K
  class space    used 2513K, capacity 2690K, committed 2816K, reserved 1048576K
}
Event: 7.228 GC heap before
{Heap before GC invocations=4 (full 1):
 PSYoungGen      total 284672K, used 263168K [0x0000000715580000, 0x0000000728080000, 0x00000007c0000000)
  eden space 263168K, 100% used [0x0000000715580000,0x0000000725680000,0x0000000725680000)
  from space 21504K, 0% used [0x0000000726b80000,0x0000000726b80000,0x0000000728080000)
  to   space 21504K, 0% used [0x0000000725680000,0x0000000725680000,0x0000000726b80000)
 ParOldGen       total 147456K, used 5258K [0x00000005c0000000, 0x00000005c9000000, 0x0000000715580000)
  object space 147456K, 3% used [0x00000005c0000000,0x00000005c0522ae8,0x00000005c9000000)
 Metaspace       used 26932K, capacity 28202K, committed 28544K, reserved 1075200K
  class space    used 3331K, capacity 3588K, committed 3712K, reserved 1048576K
Event: 7.240 GC heap after
Heap after GC invocations=4 (full 1):
 PSYoungGen      total 284672K, used 14302K [0x0000000715580000, 0x0000000736600000, 0x00000007c0000000)
  eden space 263168K, 0% used [0x0000000715580000,0x0000000715580000,0x0000000725680000)
  from space 21504K, 66% used [0x0000000725680000,0x0000000726477810,0x0000000726b80000)
  to   space 21504K, 0% used [0x0000000735100000,0x0000000735100000,0x0000000736600000)
 ParOldGen       total 147456K, used 5266K [0x00000005c0000000, 0x00000005c9000000, 0x0000000715580000)
  object space 147456K, 3% used [0x00000005c0000000,0x00000005c0524ae8,0x00000005c9000000)
 Metaspace       used 26932K, capacity 28202K, committed 28544K, reserved 1075200K
  class space    used 3331K, capacity 3588K, committed 3712K, reserved 1048576K
}
Event: 8.000 GC heap before
{Heap before GC invocations=5 (full 1):
 PSYoungGen      total 284672K, used 277470K [0x0000000715580000, 0x0000000736600000, 0x00000007c0000000)
  eden space 263168K, 100% used [0x0000000715580000,0x0000000725680000,0x0000000725680000)
  from space 21504K, 66% used [0x0000000725680000,0x0000000726477810,0x0000000726b80000)
  to   space 21504K, 0% used [0x0000000735100000,0x0000000735100000,0x0000000736600000)
 ParOldGen       total 147456K, used 5266K [0x00000005c0000000, 0x00000005c9000000, 0x0000000715580000)
  object space 147456K, 3% used [0x00000005c0000000,0x00000005c0524ae8,0x00000005c9000000)
 Metaspace       used 28148K, capacity 29736K, committed 29952K, reserved 1075200K
  class space    used 3455K, capacity 3755K, committed 3840K, reserved 1048576K
Event: 8.008 GC heap after
Heap after GC invocations=5 (full 1):
 PSYoungGen      total 506368K, used 10604K [0x0000000715580000, 0x0000000735f80000, 0x00000007c0000000)
  eden space 491520K, 0% used [0x0000000715580000,0x0000000715580000,0x0000000733580000)
  from space 14848K, 71% used [0x0000000735100000,0x0000000735b5b1f0,0x0000000735f80000)
  to   space 21504K, 0% used [0x0000000733580000,0x0000000733580000,0x0000000734a80000)
 ParOldGen       total 147456K, used 5274K [0x00000005c0000000, 0x00000005c9000000, 0x0000000715580000)
  object space 147456K, 3% used [0x00000005c0000000,0x00000005c0526ae8,0x00000005c9000000)
 Metaspace       used 28148K, capacity 29736K, committed 29952K, reserved 1075200K
  class space    used 3455K, capacity 3755K, committed 3840K, reserved 1048576K
}

Deoptimization events (10 events):
Event: 33.754 Thread 0x00007fd6cf80f800 Uncommon trap: reason=bimorphic action=maybe_recompile pc=0x000000010e9a0f20 method=java.util.WeakHashMap.eq(Ljava/lang/Object;Ljava/lang/Object;)Z @ 7
Event: 33.755 Thread 0x00007fd6cf80f800 Uncommon trap: reason=bimorphic action=maybe_recompile pc=0x000000010ec662fc method=java.util.stream.ReferencePipeline$Head.forEach(Ljava/util/function/Consumer;)V @ 12
Event: 34.036 Thread 0x00007fd6cf80f800 Uncommon trap: reason=unhandled action=none pc=0x000000010e5af03c method=java.net.URLClassLoader.findClass(Ljava/lang/String;)Ljava/lang/Class; @ 44
Event: 34.056 Thread 0x00007fd6cf80f800 Uncommon trap: reason=unhandled action=none pc=0x000000010e5af03c method=java.net.URLClassLoader.findClass(Ljava/lang/String;)Ljava/lang/Class; @ 44
Event: 34.060 Thread 0x00007fd6cf80f800 Uncommon trap: reason=unhandled action=none pc=0x000000010e5af03c method=java.net.URLClassLoader.findClass(Ljava/lang/String;)Ljava/lang/Class; @ 44
Event: 34.076 Thread 0x00007fd6cf80f800 Uncommon trap: reason=unhandled action=none pc=0x000000010e5af03c method=java.net.URLClassLoader.findClass(Ljava/lang/String;)Ljava/lang/Class; @ 44
Event: 34.080 Thread 0x00007fd6cf80f800 Uncommon trap: reason=unhandled action=none pc=0x000000010e5af03c method=java.net.URLClassLoader.findClass(Ljava/lang/String;)Ljava/lang/Class; @ 44
Event: 34.082 Thread 0x00007fd6cf80f800 Uncommon trap: reason=unhandled action=none pc=0x000000010e5af03c method=java.net.URLClassLoader.findClass(Ljava/lang/String;)Ljava/lang/Class; @ 44
Event: 34.083 Thread 0x00007fd6cf80f800 Uncommon trap: reason=unhandled action=none pc=0x000000010e5af03c method=java.net.URLClassLoader.findClass(Ljava/lang/String;)Ljava/lang/Class; @ 44
Event: 34.083 Thread 0x00007fd6cf80f800 Uncommon trap: reason=unhandled action=none pc=0x000000010e5af03c method=java.net.URLClassLoader.findClass(Ljava/lang/String;)Ljava/lang/Class; @ 44

Classes redefined (5 events):
Event: 377.613 Thread 0x00007fd6cf862000 redefined class name=com.bluehouseinc.dataconverter.parsers.esp.model.DependencyGraphMapper, count=1
Event: 489.832 Thread 0x00007fd6cf862000 redefined class name=com.bluehouseinc.dataconverter.parsers.esp.model.DependencyGraphMapper, count=2
Event: 660.375 Thread 0x00007fd6cf862000 redefined class name=com.bluehouseinc.dataconverter.parsers.esp.EspParser, count=1
Event: 745.623 Thread 0x00007fd6cf862000 redefined class name=com.bluehouseinc.dataconverter.parsers.esp.model.DependencyGraphMapper, count=3
Event: 1066.973 Thread 0x00007fd6cf862000 redefined class name=com.bluehouseinc.dataconverter.parsers.esp.model.DependencyGraphMapper, count=4

Internal exceptions (10 events):
Event: 30.554 Thread 0x00007fd6cf80f800 Exception <a 'java/lang/ClassNotFoundException': com/bluehouseinc/tidal/api/model/BaseAPIOwnerObjectCustomizer> (0x000000071d44be48) thrown at [/System/Volumes/Data/jenkins/workspace/8-2-build-macosx-x86_64/jdk8u321/2141/hotspot/src/share/vm/classfile/sys
Event: 30.556 Thread 0x00007fd6cf80f800 Exception <a 'java/lang/ClassNotFoundException': com/bluehouseinc/tidal/api/model/job/BaseJobCustomizer> (0x000000071d4658b0) thrown at [/System/Volumes/Data/jenkins/workspace/8-2-build-macosx-x86_64/jdk8u321/2141/hotspot/src/share/vm/classfile/systemDict
Event: 30.589 Thread 0x00007fd6cf80f800 Exception <a 'java/lang/ClassNotFoundException': com/bluehouseinc/tidal/api/model/job/JobCustomizer> (0x000000071d5c43d0) thrown at [/System/Volumes/Data/jenkins/workspace/8-2-build-macosx-x86_64/jdk8u321/2141/hotspot/src/share/vm/classfile/systemDictiona
Event: 30.944 Thread 0x00007fd6cf80f800 Exception <a 'java/net/SocketTimeoutException': Read timed out> (0x0000000721d7f378) thrown at [/System/Volumes/Data/jenkins/workspace/8-2-build-macosx-x86_64/jdk8u321/2141/hotspot/src/share/vm/prims/jni.cpp, line 737]
Event: 31.912 Thread 0x00007fd6cf80f800 Exception <a 'java/net/SocketTimeoutException': Read timed out> (0x00000007227bf5f0) thrown at [/System/Volumes/Data/jenkins/workspace/8-2-build-macosx-x86_64/jdk8u321/2141/hotspot/src/share/vm/prims/jni.cpp, line 737]
Event: 32.697 Thread 0x00007fd6cf80f800 Exception <a 'java/net/SocketTimeoutException': Read timed out> (0x00000007231e6598) thrown at [/System/Volumes/Data/jenkins/workspace/8-2-build-macosx-x86_64/jdk8u321/2141/hotspot/src/share/vm/prims/jni.cpp, line 737]
Event: 32.862 Thread 0x00007fd6cf80f800 Exception <a 'java/net/SocketTimeoutException': Read timed out> (0x0000000723301628) thrown at [/System/Volumes/Data/jenkins/workspace/8-2-build-macosx-x86_64/jdk8u321/2141/hotspot/src/share/vm/prims/jni.cpp, line 737]
Event: 33.153 Thread 0x00007fd6cf80f800 Exception <a 'java/net/SocketTimeoutException': Read timed out> (0x00000007233386a8) thrown at [/System/Volumes/Data/jenkins/workspace/8-2-build-macosx-x86_64/jdk8u321/2141/hotspot/src/share/vm/prims/jni.cpp, line 737]
Event: 33.363 Thread 0x00007fd6cf80f800 Exception <a 'java/net/SocketTimeoutException': Read timed out> (0x00000007233b3848) thrown at [/System/Volumes/Data/jenkins/workspace/8-2-build-macosx-x86_64/jdk8u321/2141/hotspot/src/share/vm/prims/jni.cpp, line 737]
Event: 33.759 Thread 0x00007fd6cf80f800 Exception <a 'java/net/SocketTimeoutException': Read timed out> (0x0000000723ea8b78) thrown at [/System/Volumes/Data/jenkins/workspace/8-2-build-macosx-x86_64/jdk8u321/2141/hotspot/src/share/vm/prims/jni.cpp, line 737]

Events (10 events):
Event: 745.624 Executing VM operation: RedefineClasses done
Event: 746.899 Executing VM operation: ChangeBreakpoints
Event: 746.903 Executing VM operation: ChangeBreakpoints done
Event: 1066.956 Executing VM operation: RedefineClasses
Event: 1066.973 Executing VM operation: RedefineClasses done
Event: 1066.983 Executing VM operation: ChangeBreakpoints
Event: 1066.985 Executing VM operation: ChangeBreakpoints done
Event: 1098.596 Executing VM operation: ChangeBreakpoints
Event: 1098.597 Executing VM operation: ChangeBreakpoints done
Event: 1146.680 Executing VM operation: RedefineClasses


Dynamic libraries:
0x00007ff8236f7000 	/System/Library/Frameworks/Cocoa.framework/Versions/A/Cocoa
0x00007ff80cd42000 	/System/Library/Frameworks/AppKit.framework/Versions/C/AppKit
0x00007ff80fa4b000 	/System/Library/Frameworks/CoreData.framework/Versions/A/CoreData
0x00007ff80ab19000 	/System/Library/Frameworks/Foundation.framework/Versions/C/Foundation
0x00007ff8161b5000 	/usr/lib/libSystem.B.dylib
0x00007ff80dd4a000 	/System/Library/PrivateFrameworks/UIFoundation.framework/Versions/A/UIFoundation
0x00007ffb0c6f3000 	/System/Library/PrivateFrameworks/CollectionViewCore.framework/Versions/A/CollectionViewCore
0x00007ff81d616000 	/System/Library/PrivateFrameworks/RemoteViewServices.framework/Versions/A/RemoteViewServices
0x00007ff813fae000 	/System/Library/PrivateFrameworks/XCTTargetBootstrap.framework/Versions/A/XCTTargetBootstrap
0x00007ff8190f8000 	/System/Library/PrivateFrameworks/InternationalSupport.framework/Versions/A/InternationalSupport
0x00007ff819181000 	/System/Library/PrivateFrameworks/UserActivity.framework/Versions/A/UserActivity
0x00007ffb23620000 	/System/Library/PrivateFrameworks/WindowManagement.framework/Versions/A/WindowManagement
0x00007ff80a808000 	/System/Library/Frameworks/SystemConfiguration.framework/Versions/A/SystemConfiguration
0x00007ff8184d8000 	/usr/lib/libspindump.dylib
0x00007ff80df18000 	/System/Library/Frameworks/UniformTypeIdentifiers.framework/Versions/A/UniformTypeIdentifiers
0x00007ff81216a000 	/usr/lib/libapp_launch_measurement.dylib
0x00007ff810ed2000 	/System/Library/PrivateFrameworks/CoreAnalytics.framework/Versions/A/CoreAnalytics
0x00007ff81216d000 	/System/Library/PrivateFrameworks/CoreAutoLayout.framework/Versions/A/CoreAutoLayout
0x00007ff81381b000 	/System/Library/Frameworks/Metal.framework/Versions/A/Metal
0x00007ff814737000 	/usr/lib/liblangid.dylib
0x00007ff813fb3000 	/System/Library/PrivateFrameworks/CoreSVG.framework/Versions/A/CoreSVG
0x00007ff80e881000 	/System/Library/PrivateFrameworks/SkyLight.framework/Versions/A/SkyLight
0x00007ff80ec74000 	/System/Library/Frameworks/CoreGraphics.framework/Versions/A/CoreGraphics
0x00007ff81dcfc000 	/System/Library/Frameworks/Accelerate.framework/Versions/A/Accelerate
0x00007ff817f49000 	/System/Library/PrivateFrameworks/IconServices.framework/Versions/A/IconServices
0x00007ff8137fc000 	/System/Library/Frameworks/IOSurface.framework/Versions/A/IOSurface
0x00007ff810efd000 	/usr/lib/libDiagnosticMessagesClient.dylib
0x00007ff8160c6000 	/usr/lib/libz.1.dylib
0x00007ff8213b7000 	/System/Library/Frameworks/ApplicationServices.framework/Versions/A/ApplicationServices
0x00007ff813f9a000 	/System/Library/PrivateFrameworks/DFRFoundation.framework/Versions/A/DFRFoundation
0x00007ff80c60e000 	/usr/lib/libicucore.A.dylib
0x00007ff819f95000 	/System/Library/Frameworks/AudioToolbox.framework/Versions/A/AudioToolbox
0x00007ff819103000 	/System/Library/PrivateFrameworks/DataDetectorsCore.framework/Versions/A/DataDetectorsCore
0x00007ff9116be000 	/System/Library/PrivateFrameworks/TextInput.framework/Versions/A/TextInput
0x00007ff80e7ea000 	/usr/lib/libMobileGestalt.dylib
0x00007ff813ca2000 	/System/Library/Frameworks/Carbon.framework/Versions/A/Frameworks/HIToolbox.framework/Versions/A/HIToolbox
0x00007ff811af7000 	/System/Library/Frameworks/QuartzCore.framework/Versions/A/QuartzCore
0x00007ff80c281000 	/System/Library/Frameworks/Security.framework/Versions/A/Security
0x00007ff81d64e000 	/System/Library/Frameworks/Carbon.framework/Versions/A/Frameworks/SpeechRecognition.framework/Versions/A/SpeechRecognition
0x00007ff811ea9000 	/System/Library/PrivateFrameworks/CoreUI.framework/Versions/A/CoreUI
0x00007ff80bbcf000 	/System/Library/Frameworks/CoreAudio.framework/Versions/A/CoreAudio
0x00007ff810fd6000 	/System/Library/Frameworks/DiskArbitration.framework/Versions/A/DiskArbitration
0x00007ff8188f4000 	/System/Library/PrivateFrameworks/MultitouchSupport.framework/Versions/A/MultitouchSupport
0x00007ff80e7e9000 	/usr/lib/libenergytrace.dylib
0x00007ff80cc23000 	/System/Library/Frameworks/IOKit.framework/Versions/A/IOKit
0x00007ff81da4b000 	/System/Library/Frameworks/CoreServices.framework/Versions/A/CoreServices
0x00007ff812102000 	/System/Library/PrivateFrameworks/PerformanceAnalysis.framework/Versions/A/PerformanceAnalysis
0x00007ffa21a11000 	/System/Library/Frameworks/OpenGL.framework/Versions/A/OpenGL
0x00007ff8121b5000 	/usr/lib/libxml2.2.dylib
0x00007ff815560000 	/System/Library/PrivateFrameworks/MobileKeyBag.framework/Versions/A/MobileKeyBag
0x00007ff809918000 	/usr/lib/libobjc.A.dylib
0x00007ff809be2000 	/usr/lib/libc++.1.dylib
0x00007ff80f481000 	/System/Library/Frameworks/ColorSync.framework/Versions/A/ColorSync
0x00007ff809d12000 	/System/Library/Frameworks/CoreFoundation.framework/Versions/A/CoreFoundation
0x00007ff814303000 	/System/Library/Frameworks/CoreImage.framework/Versions/A/CoreImage
0x00007ff80b9dd000 	/System/Library/Frameworks/CoreText.framework/Versions/A/CoreText
0x00007ff813fea000 	/System/Library/Frameworks/ImageIO.framework/Versions/A/ImageIO
0x00007ff8161bb000 	/System/Library/PrivateFrameworks/SoftLinking.framework/Versions/A/SoftLinking
0x00007ff81643c000 	/usr/lib/libcompression.dylib
0x00007ff819031000 	/System/Library/PrivateFrameworks/TextureIO.framework/Versions/A/TextureIO
0x00007ff817b73000 	/usr/lib/libate.dylib
0x00007ff8161af000 	/usr/lib/system/libcache.dylib
0x00007ff816166000 	/usr/lib/system/libcommonCrypto.dylib
0x00007ff816193000 	/usr/lib/system/libcompiler_rt.dylib
0x00007ff816185000 	/usr/lib/system/libcopyfile.dylib
0x00007ff809a4b000 	/usr/lib/system/libcorecrypto.dylib
0x00007ff809b0f000 	/usr/lib/system/libdispatch.dylib
0x00007ff809cb9000 	/usr/lib/system/libdyld.dylib
0x00007ff8161a5000 	/usr/lib/system/libkeymgr.dylib
0x00007ff816145000 	/usr/lib/system/libmacho.dylib
0x00007ff81564e000 	/usr/lib/system/libquarantine.dylib
0x00007ff8161a3000 	/usr/lib/system/libremovefile.dylib
0x00007ff80e84f000 	/usr/lib/system/libsystem_asl.dylib
0x00007ff8099ec000 	/usr/lib/system/libsystem_blocks.dylib
0x00007ff809b5a000 	/usr/lib/system/libsystem_c.dylib
0x00007ff81619b000 	/usr/lib/system/libsystem_collections.dylib
0x00007ff814728000 	/usr/lib/system/libsystem_configuration.dylib
0x00007ff8137cd000 	/usr/lib/system/libsystem_containermanager.dylib
0x00007ff815dfa000 	/usr/lib/system/libsystem_coreservices.dylib
0x00007ff80c89f000 	/usr/lib/system/libsystem_darwin.dylib
0x00007ff8161a6000 	/usr/lib/system/libsystem_dnssd.dylib
0x00007ff809b57000 	/usr/lib/system/libsystem_featureflags.dylib
0x00007ff809ce7000 	/usr/lib/system/libsystem_info.dylib
0x00007ff8160d9000 	/usr/lib/system/libsystem_m.dylib
0x00007ff809ae2000 	/usr/lib/system/libsystem_malloc.dylib
0x00007ff80e7d2000 	/usr/lib/system/libsystem_networkextension.dylib
0x00007ff80cce0000 	/usr/lib/system/libsystem_notify.dylib
0x00007ff81472c000 	/usr/lib/system/libsystem_sandbox.dylib
0x00007ff8161a0000 	/usr/lib/system/libsystem_secinit.dylib
0x00007ff809c73000 	/usr/lib/system/libsystem_kernel.dylib
0x00007ff809cdd000 	/usr/lib/system/libsystem_platform.dylib
0x00007ff809cad000 	/usr/lib/system/libsystem_pthread.dylib
0x00007ff810294000 	/usr/lib/system/libsystem_symptoms.dylib
0x00007ff809a31000 	/usr/lib/system/libsystem_trace.dylib
0x00007ff816172000 	/usr/lib/system/libunwind.dylib
0x00007ff8099f0000 	/usr/lib/system/libxpc.dylib
0x00007ff809c5e000 	/usr/lib/libc++abi.dylib
0x00007ff81617d000 	/usr/lib/liboah.dylib
0x00007ff817901000 	/usr/lib/liblzma.5.dylib
0x00007ff8161b7000 	/usr/lib/libfakelink.dylib
0x00007ff80e430000 	/System/Library/Frameworks/CFNetwork.framework/Versions/A/CFNetwork
0x00007ff8162f4000 	/usr/lib/libarchive.2.dylib
0x00007ff81b8e4000 	/System/Library/Frameworks/Combine.framework/Versions/A/Combine
0x00007ff819a32000 	/usr/lib/swift/libswiftCore.dylib
0x00007ff90e693000 	/usr/lib/swift/libswiftCoreFoundation.dylib
0x00007ff90c757000 	/usr/lib/swift/libswiftDarwin.dylib
0x00007ff81f298000 	/usr/lib/swift/libswiftDispatch.dylib
0x00007ff90e6af000 	/usr/lib/swift/libswiftIOKit.dylib
0x00007ff8217f6000 	/usr/lib/swift/libswiftObjectiveC.dylib
0x00007ff90e6a4000 	/usr/lib/swift/libswiftXPC.dylib
0x00007ffc0a1dc000 	/usr/lib/swift/libswift_Concurrency.dylib
0x00007ffc0a319000 	/usr/lib/swift/libswift_StringProcessing.dylib
0x00007ff8217fa000 	/usr/lib/swift/libswiftos.dylib
0x00007ff80cba6000 	/System/Library/PrivateFrameworks/CoreServicesInternal.framework/Versions/A/CoreServicesInternal
0x00007ff815675000 	/usr/lib/libbsm.0.dylib
0x00007ff81614a000 	/usr/lib/system/libkxld.dylib
0x00007ff812136000 	/System/Library/Frameworks/CoreServices.framework/Versions/A/Frameworks/FSEvents.framework/Versions/A/FSEvents
0x00007ff80c8aa000 	/System/Library/Frameworks/CoreServices.framework/Versions/A/Frameworks/CarbonCore.framework/Versions/A/CarbonCore
0x00007ff810f40000 	/System/Library/Frameworks/CoreServices.framework/Versions/A/Frameworks/Metadata.framework/Versions/A/Metadata
0x00007ff815e00000 	/System/Library/Frameworks/CoreServices.framework/Versions/A/Frameworks/OSServices.framework/Versions/A/OSServices
0x00007ff81637c000 	/System/Library/Frameworks/CoreServices.framework/Versions/A/Frameworks/SearchKit.framework/Versions/A/SearchKit
0x00007ff810218000 	/System/Library/Frameworks/CoreServices.framework/Versions/A/Frameworks/AE.framework/Versions/A/AE
0x00007ff80a1ad000 	/System/Library/Frameworks/CoreServices.framework/Versions/A/Frameworks/LaunchServices.framework/Versions/A/LaunchServices
0x00007ff8178b2000 	/System/Library/Frameworks/CoreServices.framework/Versions/A/Frameworks/DictionaryServices.framework/Versions/A/DictionaryServices
0x00007ff812143000 	/System/Library/Frameworks/CoreServices.framework/Versions/A/Frameworks/SharedFileList.framework/Versions/A/SharedFileList
0x00007ff816406000 	/usr/lib/libapple_nghttp2.dylib
0x00007ff80e42c000 	/usr/lib/libnetwork.dylib
0x00007ff80feca000 	/usr/lib/libsqlite3.dylib
0x00007ff81029c000 	/System/Library/Frameworks/Network.framework/Versions/A/Network
0x00007ffb29049000 	/usr/lib/libCoreEntitlements.dylib
0x00007ffb16165000 	/System/Library/PrivateFrameworks/MessageSecurity.framework/Versions/A/MessageSecurity
0x00007ff80feb1000 	/System/Library/PrivateFrameworks/ProtocolBuffer.framework/Versions/A/ProtocolBuffer
0x00007ff815d1c000 	/System/Library/PrivateFrameworks/AppleFSCompression.framework/Versions/A/AppleFSCompression
0x00007ff81565d000 	/usr/lib/libcoretls.dylib
0x00007ff81791a000 	/usr/lib/libcoretls_cfhelpers.dylib
0x00007ff816436000 	/usr/lib/libpam.2.dylib
0x00007ff81798c000 	/usr/lib/libxar.1.dylib
0x00007ff817f25000 	/usr/lib/libheimdal-asn1.dylib
0x00007ff8161bc000 	/usr/lib/libpcap.A.dylib
0x00007ff81028b000 	/usr/lib/libdns_services.dylib
0x00007ff814733000 	/System/Library/PrivateFrameworks/AppleSystemInfo.framework/Versions/A/AppleSystemInfo
0x00007ff815367000 	/System/Library/PrivateFrameworks/IOMobileFramebuffer.framework/Versions/A/IOMobileFramebuffer
0x00007ff815deb000 	/usr/lib/libbz2.1.0.dylib
0x00007ff815651000 	/usr/lib/libCheckFix.dylib
0x00007ff80e866000 	/System/Library/PrivateFrameworks/TCC.framework/Versions/A/TCC
0x00007ff814739000 	/System/Library/PrivateFrameworks/CoreNLP.framework/Versions/A/CoreNLP
0x00007ff810eff000 	/System/Library/PrivateFrameworks/MetadataUtilities.framework/Versions/A/MetadataUtilities
0x00007ff815686000 	/usr/lib/libmecab.dylib
0x00007ff80a888000 	/usr/lib/libCRFSuite.dylib
0x00007ff8156df000 	/usr/lib/libgermantok.dylib
0x00007ff8163e2000 	/usr/lib/libThaiTokenizer.dylib
0x00007ff810fde000 	/System/Library/Frameworks/Accelerate.framework/Versions/A/Frameworks/vImage.framework/Versions/A/vImage
0x00007ff81da1e000 	/System/Library/Frameworks/Accelerate.framework/Versions/A/Frameworks/vecLib.framework/Versions/A/vecLib
0x00007ff8179ce000 	/System/Library/Frameworks/Accelerate.framework/Versions/A/Frameworks/vecLib.framework/Versions/A/libvMisc.dylib
0x00007ff815162000 	/System/Library/Frameworks/Accelerate.framework/Versions/A/Frameworks/vecLib.framework/Versions/A/libvDSP.dylib
0x00007ff80a56b000 	/System/Library/Frameworks/Accelerate.framework/Versions/A/Frameworks/vecLib.framework/Versions/A/libBLAS.dylib
0x00007ff81651a000 	/System/Library/Frameworks/Accelerate.framework/Versions/A/Frameworks/vecLib.framework/Versions/A/libLAPACK.dylib
0x00007ff8156e2000 	/System/Library/Frameworks/Accelerate.framework/Versions/A/Frameworks/vecLib.framework/Versions/A/libLinearAlgebra.dylib
0x00007ff816421000 	/System/Library/Frameworks/Accelerate.framework/Versions/A/Frameworks/vecLib.framework/Versions/A/libSparseBLAS.dylib
0x00007ff816514000 	/System/Library/Frameworks/Accelerate.framework/Versions/A/Frameworks/vecLib.framework/Versions/A/libQuadrature.dylib
0x00007ff81481f000 	/System/Library/Frameworks/Accelerate.framework/Versions/A/Frameworks/vecLib.framework/Versions/A/libBNNS.dylib
0x00007ff80a791000 	/System/Library/Frameworks/Accelerate.framework/Versions/A/Frameworks/vecLib.framework/Versions/A/libSparse.dylib
0x00007ffb153a3000 	/System/Library/PrivateFrameworks/MIL.framework/Versions/A/MIL
0x00007ff8161f1000 	/usr/lib/libiconv.2.dylib
0x00007ff816144000 	/usr/lib/libcharset.1.dylib
0x00007ff81211a000 	/System/Library/Frameworks/OpenDirectory.framework/Versions/A/Frameworks/CFOpenDirectory.framework/Versions/A/CFOpenDirectory
0x00007ff81210e000 	/System/Library/Frameworks/OpenDirectory.framework/Versions/A/OpenDirectory
0x00007ff81791c000 	/System/Library/PrivateFrameworks/APFS.framework/Versions/A/APFS
0x00007ff815593000 	/System/Library/Frameworks/SecurityFoundation.framework/Versions/A/SecurityFoundation
0x00007ff81799a000 	/usr/lib/libutil.dylib
0x00007ffb1431f000 	/System/Library/PrivateFrameworks/InstalledContentLibrary.framework/Versions/A/InstalledContentLibrary
0x00007ff80cbe6000 	/System/Library/PrivateFrameworks/CoreServicesStore.framework/Versions/A/CoreServicesStore
0x00007ffb0b295000 	/System/Library/PrivateFrameworks/AppleMobileFileIntegrity.framework/Versions/A/AppleMobileFileIntegrity
0x00007ff90e675000 	/usr/lib/libmis.dylib
0x00007ff91cf1d000 	/System/Library/PrivateFrameworks/MobileSystemServices.framework/Versions/A/MobileSystemServices
0x00007ffa18c85000 	/System/Library/PrivateFrameworks/ConfigProfileHelper.framework/Versions/A/ConfigProfileHelper
0x00007ff8163e4000 	/System/Library/PrivateFrameworks/AppleSauce.framework/Versions/A/AppleSauce
0x00007ff80b4a2000 	/System/Library/PrivateFrameworks/LanguageModeling.framework/Versions/A/LanguageModeling
0x00007ff81799e000 	/usr/lib/libxslt.1.dylib
0x00007ff8162e3000 	/usr/lib/libcmph.dylib
0x00007ff815354000 	/System/Library/PrivateFrameworks/CoreEmoji.framework/Versions/A/CoreEmoji
0x00007ff81481a000 	/System/Library/PrivateFrameworks/LinguisticData.framework/Versions/A/LinguisticData
0x00007ff80a748000 	/System/Library/PrivateFrameworks/Lexicon.framework/Versions/A/Lexicon
0x00007ff815621000 	/System/Library/PrivateFrameworks/BackgroundTaskManagement.framework/Versions/A/BackgroundTaskManagement
0x00007ffb2918b000 	/usr/lib/libTLE.dylib
0x00007ffc0a262000 	/usr/lib/swift/libswift_RegexParser.dylib
0x00007ff8187be000 	/System/Library/PrivateFrameworks/AppleJPEG.framework/Versions/A/AppleJPEG
0x00007ff817f0a000 	/usr/lib/libexpat.1.dylib
0x00007ff818e8e000 	/System/Library/Frameworks/ImageIO.framework/Versions/A/Resources/libPng.dylib
0x00007ff818ebb000 	/System/Library/Frameworks/ImageIO.framework/Versions/A/Resources/libTIFF.dylib
0x00007ff818fab000 	/System/Library/Frameworks/ImageIO.framework/Versions/A/Resources/libGIF.dylib
0x00007ff818809000 	/System/Library/Frameworks/ImageIO.framework/Versions/A/Resources/libJP2.dylib
0x00007ff818f4b000 	/System/Library/Frameworks/ImageIO.framework/Versions/A/Resources/libJPEG.dylib
0x00007ff818f42000 	/System/Library/Frameworks/ImageIO.framework/Versions/A/Resources/libRadiance.dylib
0x00007ff813b3b000 	/System/Library/PrivateFrameworks/FontServices.framework/libFontParser.dylib
0x00007ff8101bd000 	/System/Library/PrivateFrameworks/RunningBoardServices.framework/Versions/A/RunningBoardServices
0x00007ff823da3000 	/System/Library/PrivateFrameworks/IOSurfaceAccelerator.framework/Versions/A/IOSurfaceAccelerator
0x00007ff8188f0000 	/System/Library/PrivateFrameworks/WatchdogClient.framework/Versions/A/WatchdogClient
0x00007ff80b608000 	/System/Library/Frameworks/CoreDisplay.framework/Versions/A/CoreDisplay
0x00007ff813a2a000 	/System/Library/Frameworks/CoreMedia.framework/Versions/A/CoreMedia
0x00007ff813812000 	/System/Library/PrivateFrameworks/IOAccelerator.framework/Versions/A/IOAccelerator
0x00007ff812294000 	/System/Library/Frameworks/CoreVideo.framework/Versions/A/CoreVideo
0x00007ff816434000 	/System/Library/Frameworks/MetalPerformanceShaders.framework/Versions/A/MetalPerformanceShaders
0x00007ff81892f000 	/System/Library/Frameworks/VideoToolbox.framework/Versions/A/VideoToolbox
0x00007ff8100fb000 	/System/Library/PrivateFrameworks/BaseBoard.framework/Versions/A/BaseBoard
0x00007ff818f3b000 	/System/Library/PrivateFrameworks/GPUWrangler.framework/Versions/A/GPUWrangler
0x00007ff818f1f000 	/System/Library/PrivateFrameworks/IOPresentment.framework/Versions/A/IOPresentment
0x00007ff818f45000 	/System/Library/PrivateFrameworks/DSExternalDisplay.framework/Versions/A/DSExternalDisplay
0x00007ffb10814000 	/System/Library/PrivateFrameworks/GPUCompiler.framework/Versions/31001/Libraries/libllvm-flatbuffers.dylib
0x00007ffa21a05000 	/System/Library/Frameworks/OpenGL.framework/Versions/A/Libraries/libCoreFSCache.dylib
0x00007ffb10810000 	/System/Library/PrivateFrameworks/GPUCompiler.framework/Versions/31001/Libraries/libGPUCompilerUtils.dylib
0x00007ff818fb1000 	/System/Library/PrivateFrameworks/CMCaptureCore.framework/Versions/A/CMCaptureCore
0x00007ffa256bd000 	/System/Library/Frameworks/ExtensionFoundation.framework/Versions/A/ExtensionFoundation
0x00007ff81fa30000 	/System/Library/PrivateFrameworks/CoreTime.framework/Versions/A/CoreTime
0x00007ff8184c3000 	/System/Library/PrivateFrameworks/AppServerSupport.framework/Versions/A/AppServerSupport
0x00007ff81a84b000 	/System/Library/PrivateFrameworks/perfdata.framework/Versions/A/perfdata
0x00007ff80b734000 	/System/Library/PrivateFrameworks/AudioToolboxCore.framework/Versions/A/AudioToolboxCore
0x00007ff813a05000 	/System/Library/PrivateFrameworks/caulk.framework/Versions/A/caulk
0x00007ff81a126000 	/usr/lib/libAudioStatistics.dylib
0x00007ff90db17000 	/System/Library/PrivateFrameworks/SystemPolicy.framework/Versions/A/SystemPolicy
0x00007ff81a3c1000 	/usr/lib/libSMC.dylib
0x00007ff823595000 	/System/Library/Frameworks/CoreMIDI.framework/Versions/A/CoreMIDI
0x00007ff818e5c000 	/usr/lib/libAudioToolboxUtility.dylib
0x00007ff828f28000 	/System/Library/PrivateFrameworks/OSAServicesClient.framework/Versions/A/OSAServicesClient
0x00007ff81a858000 	/usr/lib/libperfcheck.dylib
0x00007ff817dea000 	/System/Library/PrivateFrameworks/PlugInKit.framework/Versions/A/PlugInKit
0x00007ff815586000 	/System/Library/PrivateFrameworks/AssertionServices.framework/Versions/A/AssertionServices
0x00007ffa21a62000 	/System/Library/Frameworks/OpenGL.framework/Versions/A/Libraries/libGLU.dylib
0x00007ffa21a24000 	/System/Library/Frameworks/OpenGL.framework/Versions/A/Libraries/libGFXShared.dylib
0x00007ffa21c23000 	/System/Library/Frameworks/OpenGL.framework/Versions/A/Libraries/libGL.dylib
0x00007ffa21a2d000 	/System/Library/Frameworks/OpenGL.framework/Versions/A/Libraries/libGLImage.dylib
0x00007ffa21a21000 	/System/Library/Frameworks/OpenGL.framework/Versions/A/Libraries/libCVMSPluginSupport.dylib
0x00007ffb2916a000 	/usr/lib/libRosetta.dylib
0x00007ffa21a0c000 	/System/Library/Frameworks/OpenGL.framework/Versions/A/Libraries/libCoreVMClient.dylib
0x00007ff8146a8000 	/System/Library/Frameworks/MetalPerformanceShaders.framework/Versions/A/Frameworks/MPSCore.framework/Versions/A/MPSCore
0x00007ff815c86000 	/System/Library/Frameworks/MetalPerformanceShaders.framework/Versions/A/Frameworks/MPSImage.framework/Versions/A/MPSImage
0x00007ff8156f8000 	/System/Library/Frameworks/MetalPerformanceShaders.framework/Versions/A/Frameworks/MPSNeuralNetwork.framework/Versions/A/MPSNeuralNetwork
0x00007ff815b69000 	/System/Library/Frameworks/MetalPerformanceShaders.framework/Versions/A/Frameworks/MPSMatrix.framework/Versions/A/MPSMatrix
0x00007ff815925000 	/System/Library/Frameworks/MetalPerformanceShaders.framework/Versions/A/Frameworks/MPSRayIntersector.framework/Versions/A/MPSRayIntersector
0x00007ff815ba5000 	/System/Library/Frameworks/MetalPerformanceShaders.framework/Versions/A/Frameworks/MPSNDArray.framework/Versions/A/MPSNDArray
0x00007ffa26aa5000 	/System/Library/Frameworks/MetalPerformanceShaders.framework/Versions/A/Frameworks/MPSFunctions.framework/Versions/A/MPSFunctions
0x00007ff80a42b000 	/System/Library/PrivateFrameworks/MetalTools.framework/Versions/A/MetalTools
0x00007ff814732000 	/System/Library/PrivateFrameworks/AggregateDictionary.framework/Versions/A/AggregateDictionary
0x00007ff817ca0000 	/usr/lib/libIOReport.dylib
0x00007ffb18c96000 	/System/Library/PrivateFrameworks/PhotosensitivityProcessing.framework/Versions/A/PhotosensitivityProcessing
0x00007ffa226e8000 	/System/Library/Frameworks/OpenCL.framework/Versions/A/OpenCL
0x00007ff818052000 	/System/Library/PrivateFrameworks/GraphVisualizer.framework/Versions/A/GraphVisualizer
0x00007ffb10729000 	/System/Library/PrivateFrameworks/FontServices.framework/Versions/A/FontServices
0x00007ff81847e000 	/System/Library/PrivateFrameworks/OTSVG.framework/Versions/A/OTSVG
0x00007ff811e5d000 	/System/Library/Frameworks/ApplicationServices.framework/Versions/A/Frameworks/ATS.framework/Versions/A/Resources/libFontRegistry.dylib
0x00007ff8184cd000 	/System/Library/PrivateFrameworks/FontServices.framework/libhvf.dylib
0x00007ffb1072a000 	/System/Library/PrivateFrameworks/FontServices.framework/libXTFontStaticRegistryData.dylib
0x00007ff919520000 	/usr/lib/swift/libswiftMetal.dylib
0x00007ff91161f000 	/usr/lib/swift/libswiftsimd.dylib
0x00007ffb2236f000 	/System/Library/PrivateFrameworks/VideoToolboxParavirtualizationSupport.framework/Versions/A/VideoToolboxParavirtualizationSupport
0x00007ff817eba000 	/System/Library/PrivateFrameworks/AppleVA.framework/Versions/A/AppleVA
0x00007ff81a166000 	/System/Library/Frameworks/ApplicationServices.framework/Versions/A/Frameworks/ATS.framework/Versions/A/ATS
0x00007ff80f571000 	/System/Library/Frameworks/ApplicationServices.framework/Versions/A/Frameworks/HIServices.framework/Versions/A/HIServices
0x00007ff818fbd000 	/System/Library/Frameworks/ApplicationServices.framework/Versions/A/Frameworks/PrintCore.framework/Versions/A/PrintCore
0x00007ff81a517000 	/System/Library/Frameworks/ApplicationServices.framework/Versions/A/Frameworks/QD.framework/Versions/A/QD
0x00007ff81a50f000 	/System/Library/Frameworks/ApplicationServices.framework/Versions/A/Frameworks/ColorSyncLegacy.framework/Versions/A/ColorSyncLegacy
0x00007ff81a13a000 	/System/Library/Frameworks/ApplicationServices.framework/Versions/A/Frameworks/SpeechSynthesis.framework/Versions/A/SpeechSynthesis
0x00007ff818f7b000 	/System/Library/Frameworks/ApplicationServices.framework/Versions/A/Frameworks/ATSUI.framework/Versions/A/ATSUI
0x00007ff81a4a1000 	/usr/lib/libcups.2.dylib
0x00007ff81a867000 	/System/Library/Frameworks/Kerberos.framework/Versions/A/Kerberos
0x00007ff81a876000 	/System/Library/Frameworks/GSS.framework/Versions/A/GSS
0x00007ff81a1d4000 	/usr/lib/libresolv.9.dylib
0x00007ff8184dd000 	/System/Library/PrivateFrameworks/Heimdal.framework/Versions/A/Heimdal
0x00007ff821778000 	/System/Library/Frameworks/Kerberos.framework/Versions/A/Libraries/libHeimdalProxy.dylib
0x00007ff81a8c1000 	/System/Library/PrivateFrameworks/CommonAuth.framework/Versions/A/CommonAuth
0x00007ffa2496d000 	/System/Library/Frameworks/AVFAudio.framework/Versions/A/AVFAudio
0x00007ff828f71000 	/System/Library/PrivateFrameworks/AXCoreUtilities.framework/Versions/A/AXCoreUtilities
0x00007ff81a0b8000 	/System/Library/PrivateFrameworks/AudioSession.framework/Versions/A/AudioSession
0x00007ff81b6b6000 	/System/Library/Frameworks/IOBluetooth.framework/Versions/A/IOBluetooth
0x00007ff817fc0000 	/System/Library/PrivateFrameworks/MediaExperience.framework/Versions/A/MediaExperience
0x00007ff819f62000 	/System/Library/PrivateFrameworks/AudioSession.framework/libSessionUtility.dylib
0x00007ff81a523000 	/System/Library/PrivateFrameworks/AudioResourceArbitration.framework/Versions/A/AudioResourceArbitration
0x00007ff81e647000 	/System/Library/PrivateFrameworks/PowerLog.framework/Versions/A/PowerLog
0x00007ff81e586000 	/System/Library/Frameworks/CoreBluetooth.framework/Versions/A/CoreBluetooth
0x00007ff821779000 	/System/Library/Frameworks/AudioUnit.framework/Versions/A/AudioUnit
0x00007ff8153f0000 	/System/Library/PrivateFrameworks/CoreUtils.framework/Versions/A/CoreUtils
0x00007ffb0f1f7000 	/System/Library/PrivateFrameworks/CoreUtilsExtras.framework/Versions/A/CoreUtilsExtras
0x00007ffb141ae000 	/System/Library/PrivateFrameworks/IO80211.framework/Versions/A/IO80211
0x00007ff817f2e000 	/System/Library/PrivateFrameworks/IconFoundation.framework/Versions/A/IconFoundation
0x00007ff81d63e000 	/System/Library/PrivateFrameworks/SpeechRecognitionCore.framework/Versions/A/SpeechRecognitionCore
0x000000010bd9d000 	/Library/Internet Plug-Ins/JavaAppletPlugin.plugin/Contents/Home/lib/server/libjvm.dylib
0x000000010afea000 	/Library/Internet Plug-Ins/JavaAppletPlugin.plugin/Contents/Home/lib/libverify.dylib
0x000000010b042000 	/Library/Internet Plug-Ins/JavaAppletPlugin.plugin/Contents/Home/lib/libjava.dylib
0x000000010b103000 	/Library/Internet Plug-Ins/JavaAppletPlugin.plugin/Contents/Home/lib/libjdwp.dylib
0x000000010b00f000 	/Library/Internet Plug-Ins/JavaAppletPlugin.plugin/Contents/Home/lib/libnpt.dylib
0x000000010b1b1000 	/Library/Internet Plug-Ins/JavaAppletPlugin.plugin/Contents/Home/lib/libinstrument.dylib
0x000000010b0ba000 	/Library/Internet Plug-Ins/JavaAppletPlugin.plugin/Contents/Home/lib/libzip.dylib
0x000000010b8ef000 	/Library/Internet Plug-Ins/JavaAppletPlugin.plugin/Contents/Home/lib/libdt_socket.dylib
0x0000000131bbd000 	/Library/Internet Plug-Ins/JavaAppletPlugin.plugin/Contents/Home/lib/libmanagement.dylib
0x0000000132205000 	/Library/Internet Plug-Ins/JavaAppletPlugin.plugin/Contents/Home/lib/libnet.dylib
0x00000001322d9000 	/Library/Internet Plug-Ins/JavaAppletPlugin.plugin/Contents/Home/lib/libnio.dylib

VM Arguments:
jvm_args: -agentlib:jdwp=transport=dt_socket,suspend=y,address=localhost:51426 -javaagent:/Users/brianhayes/eclipse/jee-2022-09/Eclipse.app/Contents/Eclipse/configuration/org.eclipse.osgi/1330/0/.cp/lib/javaagent-shaded.jar -Dfile.encoding=UTF-8 
java_command: com.bluehouseinc.dataconverter.TidalDataConverterMainApplication
java_class_path (initial): /Users/brianhayes/git/TidalMigrationTools/target/classes:/Users/brianhayes/.m2/repository/org/springframework/boot/spring-boot-starter/2.4.5/spring-boot-starter-2.4.5.jar:/Users/brianhayes/.m2/repository/org/springframework/boot/spring-boot/2.4.5/spring-boot-2.4.5.jar:/Users/brianhayes/.m2/repository/org/springframework/spring-context/5.3.6/spring-context-5.3.6.jar:/Users/brianhayes/.m2/repository/org/springframework/spring-aop/5.3.6/spring-aop-5.3.6.jar:/Users/brianhayes/.m2/repository/org/springframework/spring-beans/5.3.6/spring-beans-5.3.6.jar:/Users/brianhayes/.m2/repository/org/springframework/spring-expression/5.3.6/spring-expression-5.3.6.jar:/Users/brianhayes/.m2/repository/org/springframework/boot/spring-boot-autoconfigure/2.4.5/spring-boot-autoconfigure-2.4.5.jar:/Users/brianhayes/.m2/repository/jakarta/annotation/jakarta.annotation-api/1.3.5/jakarta.annotation-api-1.3.5.jar:/Users/brianhayes/.m2/repository/org/springframework/spring-core/5.3.6/spring-core-5.3.6.jar:/Users/brianhayes/.m2/repository/org/springframework/spring-jcl/5.3.6/spring-jcl-5.3.6.jar:/Users/brianhayes/.m2/repository/org/yaml/snakeyaml/1.27/snakeyaml-1.27.jar:/Users/brianhayes/.m2/repository/org/springframework/boot/spring-boot-starter-log4j2/2.4.5/spring-boot-starter-log4j2-2.4.5.jar:/Users/brianhayes/.m2/repository/org/apache/logging/log4j/log4j-slf4j-impl/2.13.3/log4j-slf4j-impl-2.13.3.jar:/Users/brianhayes/.m2/repository/org/slf4j/slf4j-api/1.7.30/slf4j-api-1.7.30.jar:/Users/brianhayes/.m2/repository/org/apache/logging/log4j/log4j-core/2.13.3/log4j-core-2.13.3.jar:/Users/brianhayes/.m2/repository/org/apache/logging/log4j/log4j-jul/2.13.3/log4j-jul-2.13.3.jar:/Users/brianhayes/.m2/repository/org/slf4j/jul-to-slf4j/1.7.30/jul-to-slf4j-1.7.30.jar:/Users/brianhayes/.m2/repository/org/projectlombok/lombok/1.18.20/lombok-1.18.20.jar:/Users/brianhayes/git/TidalMigrationTools/lib/tidaltools.jar:/Users/brianhayes/git/TidalMigrationTools/lib/tidal-1.1.12-TIDAL.A
Launcher Type: SUN_STANDARD

Environment Variables:
PATH=/usr/bin:/bin:/usr/sbin:/sbin
SHELL=/bin/zsh

Signal Handlers:
SIGSEGV: [libjvm.dylib+0x59cd83], sa_mask[0]=11111111111111111111111111111111, sa_flags=SA_ONSTACK|SA_RESTART|SA_SIGINFO
SIGBUS: [libjvm.dylib+0x59cd83], sa_mask[0]=11111111111111111111111111111111, sa_flags=SA_RESTART|SA_SIGINFO
SIGFPE: [libjvm.dylib+0x59cd83], sa_mask[0]=11111111111111111111111111111111, sa_flags=SA_RESTART|SA_SIGINFO
SIGPIPE: [libjvm.dylib+0x4905a7], sa_mask[0]=11111111111111111111111111111111, sa_flags=SA_RESTART|SA_SIGINFO
SIGXFSZ: [libjvm.dylib+0x4905a7], sa_mask[0]=11111111111111111111111111111111, sa_flags=SA_RESTART|SA_SIGINFO
SIGILL: [libjvm.dylib+0x59cd83], sa_mask[0]=11111111111111111111111111111111, sa_flags=SA_RESTART|SA_SIGINFO
SIGUSR1: SIG_DFL, sa_mask[0]=00000000000000000000000000000000, sa_flags=none
SIGUSR2: [libjvm.dylib+0x490ea2], sa_mask[0]=00100000000000000000000000000000, sa_flags=SA_RESTART|SA_SIGINFO
SIGHUP: [libjvm.dylib+0x48f0e7], sa_mask[0]=11111111111111111111111111111111, sa_flags=SA_RESTART|SA_SIGINFO
SIGINT: [libjvm.dylib+0x48f0e7], sa_mask[0]=11111111111111111111111111111111, sa_flags=SA_RESTART|SA_SIGINFO
SIGTERM: [libjvm.dylib+0x48f0e7], sa_mask[0]=11111111111111111111111111111111, sa_flags=SA_RESTART|SA_SIGINFO
SIGQUIT: [libjvm.dylib+0x48f0e7], sa_mask[0]=11111111111111111111111111111111, sa_flags=SA_RESTART|SA_SIGINFO


---------------  S Y S T E M  ---------------

OS:Bsduname:Darwin 22.5.0 Darwin Kernel Version 22.5.0: Mon Apr 24 20:52:24 PDT 2023; root:xnu-8796.121.2~5/RELEASE_ARM64_T6000 x86_64
rlimit: STACK 8176k, CORE 0k, NPROC 5333, NOFILE 10240, AS infinity
load average:2.61 2.79 3.21

CPU:total 10 (initial active 10) (1 cores per cpu, 1 threads per core) family 6 model 44 stepping 0, cmov, cx8, fxsr, mmx, sse, sse2, sse3, ssse3, sse4.1, sse4.2, popcnt, aes, clmul, tsc, tscinvbit, tscinv

Memory: 4k page, physical 33554432k(304680k free)

/proc/meminfo:


vm_info: Java HotSpot(TM) 64-Bit Server VM (25.321-b07) for bsd-amd64 JRE (1.8.0_321-b07), built on Dec 15 2021 19:12:29 by "java_re" with gcc 4.2.1 Compatible Apple LLVM 11.0.0 (clang-1100.0.33.17)

time: Sun Jun  4 14:43:34 2023
timezone: EDT
elapsed time: 1146.716080 seconds (0d 0h 19m 6s)

