#
# A fatal error has been detected by the Java Runtime Environment:
#
#  Internal Error (javaCalls.cpp:51), pid=46153, tid=0x0000000000004003
#  guarantee(thread->is_Java_thread()) failed: crucial check - the VM thread cannot and must not escape to Java code
#
# JRE version: Java(TM) SE Runtime Environment (8.0_321-b07) (build 1.8.0_321-b07)
# Java VM: Java HotSpot(TM) 64-Bit Server VM (25.321-b07 mixed mode bsd-amd64 compressed oops)
# Failed to write core dump. Core dumps have been disabled. To enable core dumping, try "ulimit -c unlimited" before starting Java again
#
# If you would like to submit a bug report, please visit:
#   http://bugreport.java.com/bugreport/crash.jsp
#

---------------  T H R E A D  ---------------

Current thread (0x00007fdb3885e000):  VMThread [stack: 0x0000000306052000,0x0000000306152000] [id=16387]

Stack: [0x0000000306052000,0x0000000306152000],  sp=0x0000000306150eb0,  free space=1019k
Native frames: (J=compiled Java code, j=interpreted, Vv=VM code, C=native code)
V  [libjvm.dylib+0x59c24b]  VMError::report_and_die()+0x421
V  [libjvm.dylib+0x1d428b]  report_vm_error(char const*, int, char const*, char const*)+0x55
V  [libjvm.dylib+0x2d578f]  JavaCallWrapper::JavaCallWrapper(methodHandle, Handle, JavaValue*, Thread*)+0x57
V  [libjvm.dylib+0x2d6dd1]  JavaCalls::call_helper(JavaValue*, methodHandle*, JavaCallArguments*, Thread*)+0x5cf
V  [libjvm.dylib+0x2d6110]  JavaCalls::call_special(JavaValue*, KlassHandle, Symbol*, Symbol*, JavaCallArguments*, Thread*)+0x112
V  [libjvm.dylib+0x22c549]  Exceptions::new_exception(Thread*, Symbol*, Symbol*, JavaCallArguments*, Handle, Handle)+0xbf
V  [libjvm.dylib+0x22c8b0]  Exceptions::new_exception(Thread*, Symbol*, Symbol*, JavaCallArguments*, Handle, Handle, Handle)+0x38
V  [libjvm.dylib+0x22c1a1]  Exceptions::new_exception(Thread*, Symbol*, char const*, Handle, Handle, Handle, Exceptions::ExceptionMsgToUtf8Mode)+0xdb
V  [libjvm.dylib+0x22c9c2]  Exceptions::new_exception(Thread*, Symbol*, char const*, Exceptions::ExceptionMsgToUtf8Mode)+0x18
V  [libjvm.dylib+0x26ea84]  GenerateOopMap::verify_error(char const*, ...)+0x8e
V  [libjvm.dylib+0x26eea1]  GenerateOopMap::init_basic_blocks()+0x22f
V  [libjvm.dylib+0x26ec31]  GenerateOopMap::do_interpretation()+0x2f
V  [libjvm.dylib+0x271708]  GenerateOopMap::compute_map(Thread*)+0x238
V  [libjvm.dylib+0x4884b7]  OopMapForCacheEntry::compute_map(Thread*)+0x7f
V  [libjvm.dylib+0x488d60]  OopMapCacheEntry::fill(methodHandle, int)+0x186
V  [libjvm.dylib+0x48973a]  OopMapCache::lookup(methodHandle, int, InterpreterOopMap*) const+0x48e
V  [libjvm.dylib+0x2a021f]  InstanceKlass::mask_for(methodHandle, int, InterpreterOopMap*)+0xd3
V  [libjvm.dylib+0x451b7b]  Method::mask_for(int, InterpreterOopMap*)+0xb3
V  [libjvm.dylib+0x39d9cb]  VM_GetOrSetLocal::doit()+0x47
V  [libjvm.dylib+0x5a243e]  VM_Operation::evaluate()+0x46
V  [libjvm.dylib+0x5a19d1]  VMThread::evaluate_operation(VM_Operation*)+0x149
V  [libjvm.dylib+0x5a1415]  VMThread::loop()+0xb9
V  [libjvm.dylib+0x5a1250]  VMThread::run()+0x74
V  [libjvm.dylib+0x48e20f]  java_start(Thread*)+0xfa
C  [libsystem_pthread.dylib+0x6259]  _pthread_start+0x7d
C  [libsystem_pthread.dylib+0x1c7b]  thread_start+0xf

VM_Operation (0x000000030666da88): GetOrSetLocal, mode: safepoint, requested by thread 0x00007fdb3886e800


---------------  P R O C E S S  ---------------

Java Threads: ( => current thread )
  0x00007fdb390c3800 JavaThread "Service Thread" daemon [_thread_blocked, id=23559, stack(0x0000000306c83000,0x0000000306d83000)]
  0x00007fdb3a093000 JavaThread "C1 CompilerThread3" daemon [_thread_blocked, id=29699, stack(0x0000000306b80000,0x0000000306c80000)]
  0x00007fdb389a2800 JavaThread "C2 CompilerThread2" daemon [_thread_blocked, id=30211, stack(0x0000000306a7d000,0x0000000306b7d000)]
  0x00007fdb3a08a000 JavaThread "C2 CompilerThread1" daemon [_thread_blocked, id=30723, stack(0x000000030697a000,0x0000000306a7a000)]
  0x00007fdb39078000 JavaThread "C2 CompilerThread0" daemon [_thread_blocked, id=31315, stack(0x0000000306877000,0x0000000306977000)]
  0x00007fdb3a017000 JavaThread "JDWP Command Reader" daemon [_thread_in_native, id=22275, stack(0x0000000306774000,0x0000000306874000)]
  0x00007fdb19008800 JavaThread "JDWP Event Helper Thread" daemon [_thread_blocked, id=32259, stack(0x0000000306671000,0x0000000306771000)]
  0x00007fdb3886e800 JavaThread "JDWP Transport Listener: dt_socket" daemon [_thread_blocked, id=22027, stack(0x000000030656e000,0x000000030666e000)]
  0x00007fdb3900e000 JavaThread "Signal Dispatcher" daemon [_thread_blocked, id=18435, stack(0x000000030646b000,0x000000030656b000)]
  0x00007fdb38863800 JavaThread "Finalizer" daemon [_thread_blocked, id=16923, stack(0x0000000306258000,0x0000000306358000)]
  0x00007fdb38862800 JavaThread "Reference Handler" daemon [_thread_blocked, id=21539, stack(0x0000000306155000,0x0000000306255000)]
  0x00007fdb3880f000 JavaThread "main" [_thread_blocked, id=4867, stack(0x0000000305634000,0x0000000305734000)]

Other Threads:
=>0x00007fdb3885e000 VMThread [stack: 0x0000000306052000,0x0000000306152000] [id=16387]
  0x00007fdb19094000 WatcherThread [stack: 0x0000000306d86000,0x0000000306e86000] [id=28939]

VM state:at safepoint (normal execution)

VM Mutex/Monitor currently owned by a thread:  ([mutex/lock_event])
[0x000060000319cf00] Threads_lock - owner thread: 0x00007fdb3885e000

heap address: 0x00000005c0000000, size: 8192 MB, Compressed Oops mode: Zero based, Oop shift amount: 3
Narrow klass base: 0x0000000000000000, Narrow klass shift: 3
Compressed class space size: 1073741824 Address: 0x00000007c0000000

Heap:
 PSYoungGen      total 2512896K, used 1337223K [0x0000000715580000, 0x00000007be980000, 0x00000007c0000000)
  eden space 2501120K, 53% used [0x0000000715580000,0x000000076641daa8,0x00000007ae000000)
  from space 11776K, 97% used [0x00000007bde00000,0x00000007be944350,0x00000007be980000)
  to   space 19456K, 0% used [0x00000007bc380000,0x00000007bc380000,0x00000007bd680000)
 ParOldGen       total 148480K, used 48277K [0x00000005c0000000, 0x00000005c9100000, 0x0000000715580000)
  object space 148480K, 32% used [0x00000005c0000000,0x00000005c2f25598,0x00000005c9100000)
 Metaspace       used 27812K, capacity 29172K, committed 29312K, reserved 1075200K
  class space    used 3386K, capacity 3647K, committed 3712K, reserved 1048576K

Card table byte_map: [0x000000011abfa000,0x000000011bbfb000] byte_map_base: 0x0000000117dfa000

Marking Bits: (ParMarkBitMap*) 0x000000010a53a2e8
 Begin Bits: [0x000000011c6a6000, 0x00000001246a6000)
 End Bits:   [0x00000001246a6000, 0x000000012c6a6000)

Polling page: 0x0000000108fd9000

CodeCache: size=245760Kb used=14447Kb max_used=14507Kb free=231312Kb
 bounds [0x000000010bbfa000, 0x000000010ca4a000, 0x000000011abfa000]
 total_blobs=4277 nmethods=3817 adapters=382
 compilation: enabled

Compilation events (10 events):
Event: 67.693 Thread 0x00007fdb389a2800 4408   !   4       java.text.SimpleDateFormat::parse (456 bytes)
Event: 67.693 Thread 0x00007fdb3a093000 4409       3       java.util.stream.SortedOps$SizedRefSortingSink::accept (18 bytes)
Event: 67.693 Thread 0x00007fdb3a093000 nmethod 4409 0x000000010c738250 code [0x000000010c7383c0, 0x000000010c738670]
Event: 67.693 Thread 0x00007fdb3a093000 4410       3       org.apache.commons.collections4.map.AbstractHashedMap::containsKey (64 bytes)
Event: 67.694 Thread 0x00007fdb3a093000 nmethod 4410 0x000000010c7aa690 code [0x000000010c7aa840, 0x000000010c7ab058]
Event: 67.694 Thread 0x00007fdb3a093000 4411       3       org.apache.commons.collections4.map.AbstractHashedMap::get (67 bytes)
Event: 67.694 Thread 0x00007fdb3a093000 nmethod 4411 0x000000010c73d090 code [0x000000010c73d260, 0x000000010c73da98]
Event: 67.704 Thread 0x00007fdb389a2800 nmethod 4408 0x000000010be49150 code [0x000000010be49380, 0x000000010be4a420]
Event: 67.709 Thread 0x00007fdb3a08a000 nmethod 4403 0x000000010be44810 code [0x000000010be44a60, 0x000000010be46bd8]
Event: 67.767 Thread 0x00007fdb39078000 nmethod 4338 0x000000010ca2a910 code [0x000000010ca2b420, 0x000000010ca39fd8]

GC Heap History (10 events):
Event: 22.352 GC heap before
{Heap before GC invocations=19 (full 1):
 PSYoungGen      total 2778112K, used 2771472K [0x0000000715580000, 0x00000007c0000000, 0x00000007c0000000)
  eden space 2761728K, 100% used [0x0000000715580000,0x00000007bde80000,0x00000007bde80000)
  from space 16384K, 59% used [0x00000007bde80000,0x00000007be804120,0x00000007bee80000)
  to   space 16384K, 0% used [0x00000007bf000000,0x00000007bf000000,0x00000007c0000000)
 ParOldGen       total 148480K, used 35469K [0x00000005c0000000, 0x00000005c9100000, 0x0000000715580000)
  object space 148480K, 23% used [0x00000005c0000000,0x00000005c22a3478,0x00000005c9100000)
 Metaspace       used 26984K, capacity 28298K, committed 28544K, reserved 1075200K
  class space    used 3339K, capacity 3604K, committed 3712K, reserved 1048576K
Event: 22.355 GC heap after
Heap after GC invocations=19 (full 1):
 PSYoungGen      total 2778624K, used 11808K [0x0000000715580000, 0x00000007c0000000, 0x00000007c0000000)
  eden space 2762240K, 0% used [0x0000000715580000,0x0000000715580000,0x00000007bdf00000)
  from space 16384K, 72% used [0x00000007bf000000,0x00000007bfb88000,0x00000007c0000000)
  to   space 16896K, 0% used [0x00000007bdf00000,0x00000007bdf00000,0x00000007bef80000)
 ParOldGen       total 148480K, used 35469K [0x00000005c0000000, 0x00000005c9100000, 0x0000000715580000)
  object space 148480K, 23% used [0x00000005c0000000,0x00000005c22a3478,0x00000005c9100000)
 Metaspace       used 26984K, capacity 28298K, committed 28544K, reserved 1075200K
  class space    used 3339K, capacity 3604K, committed 3712K, reserved 1048576K
}
Event: 24.220 GC heap before
{Heap before GC invocations=20 (full 1):
 PSYoungGen      total 2778624K, used 2774048K [0x0000000715580000, 0x00000007c0000000, 0x00000007c0000000)
  eden space 2762240K, 100% used [0x0000000715580000,0x00000007bdf00000,0x00000007bdf00000)
  from space 16384K, 72% used [0x00000007bf000000,0x00000007bfb88000,0x00000007c0000000)
  to   space 16896K, 0% used [0x00000007bdf00000,0x00000007bdf00000,0x00000007bef80000)
 ParOldGen       total 148480K, used 35469K [0x00000005c0000000, 0x00000005c9100000, 0x0000000715580000)
  object space 148480K, 23% used [0x00000005c0000000,0x00000005c22a3478,0x00000005c9100000)
 Metaspace       used 26984K, capacity 28298K, committed 28544K, reserved 1075200K
  class space    used 3339K, capacity 3604K, committed 3712K, reserved 1048576K
Event: 24.223 GC heap after
Heap after GC invocations=20 (full 1):
 PSYoungGen      total 2645504K, used 13825K [0x0000000715580000, 0x00000007bf080000, 0x00000007c0000000)
  eden space 2631168K, 0% used [0x0000000715580000,0x0000000715580000,0x00000007b5f00000)
  from space 14336K, 96% used [0x00000007bdf00000,0x00000007bec80470,0x00000007bed00000)
  to   space 3584K, 0% used [0x00000007bed00000,0x00000007bed00000,0x00000007bf080000)
 ParOldGen       total 148480K, used 35469K [0x00000005c0000000, 0x00000005c9100000, 0x0000000715580000)
  object space 148480K, 23% used [0x00000005c0000000,0x00000005c22a3478,0x00000005c9100000)
 Metaspace       used 26984K, capacity 28298K, committed 28544K, reserved 1075200K
  class space    used 3339K, capacity 3604K, committed 3712K, reserved 1048576K
}
Event: 25.997 GC heap before
{Heap before GC invocations=21 (full 1):
 PSYoungGen      total 2645504K, used 2644993K [0x0000000715580000, 0x00000007bf080000, 0x00000007c0000000)
  eden space 2631168K, 100% used [0x0000000715580000,0x00000007b5f00000,0x00000007b5f00000)
  from space 14336K, 96% used [0x00000007bdf00000,0x00000007bec80470,0x00000007bed00000)
  to   space 3584K, 0% used [0x00000007bed00000,0x00000007bed00000,0x00000007bf080000)
 ParOldGen       total 148480K, used 35469K [0x00000005c0000000, 0x00000005c9100000, 0x0000000715580000)
  object space 148480K, 23% used [0x00000005c0000000,0x00000005c22a3478,0x00000005c9100000)
 Metaspace       used 26985K, capacity 28298K, committed 28544K, reserved 1075200K
  class space    used 3339K, capacity 3604K, committed 3712K, reserved 1048576K
Event: 26.005 GC heap after
Heap after GC invocations=21 (full 1):
 PSYoungGen      total 2759680K, used 3576K [0x0000000715580000, 0x00000007c0000000, 0x00000007c0000000)
  eden space 2756096K, 0% used [0x0000000715580000,0x0000000715580000,0x00000007bd900000)
  from space 3584K, 99% used [0x00000007bed00000,0x00000007bf07e1a8,0x00000007bf080000)
  to   space 19968K, 0% used [0x00000007bd900000,0x00000007bd900000,0x00000007bec80000)
 ParOldGen       total 148480K, used 47573K [0x00000005c0000000, 0x00000005c9100000, 0x0000000715580000)
  object space 148480K, 32% used [0x00000005c0000000,0x00000005c2e75478,0x00000005c9100000)
 Metaspace       used 26985K, capacity 28298K, committed 28544K, reserved 1075200K
  class space    used 3339K, capacity 3604K, committed 3712K, reserved 1048576K
}
Event: 32.386 GC heap before
{Heap before GC invocations=22 (full 1):
 PSYoungGen      total 2759680K, used 2759672K [0x0000000715580000, 0x00000007c0000000, 0x00000007c0000000)
  eden space 2756096K, 100% used [0x0000000715580000,0x00000007bd900000,0x00000007bd900000)
  from space 3584K, 99% used [0x00000007bed00000,0x00000007bf07e1a8,0x00000007bf080000)
  to   space 19968K, 0% used [0x00000007bd900000,0x00000007bd900000,0x00000007bec80000)
 ParOldGen       total 148480K, used 47573K [0x00000005c0000000, 0x00000005c9100000, 0x0000000715580000)
  object space 148480K, 32% used [0x00000005c0000000,0x00000005c2e75478,0x00000005c9100000)
 Metaspace       used 27067K, capacity 28482K, committed 28800K, reserved 1075200K
  class space    used 3345K, capacity 3612K, committed 3712K, reserved 1048576K
Event: 32.389 GC heap after
Heap after GC invocations=22 (full 1):
 PSYoungGen      total 2630656K, used 5056K [0x0000000715580000, 0x00000007bed80000, 0x00000007c0000000)
  eden space 2625536K, 0% used [0x0000000715580000,0x0000000715580000,0x00000007b5980000)
  from space 5120K, 98% used [0x00000007bd900000,0x00000007bddf0360,0x00000007bde00000)
  to   space 15872K, 0% used [0x00000007bde00000,0x00000007bde00000,0x00000007bed80000)
 ParOldGen       total 148480K, used 48269K [0x00000005c0000000, 0x00000005c9100000, 0x0000000715580000)
  object space 148480K, 32% used [0x00000005c0000000,0x00000005c2f23598,0x00000005c9100000)
 Metaspace       used 27067K, capacity 28482K, committed 28800K, reserved 1075200K
  class space    used 3345K, capacity 3612K, committed 3712K, reserved 1048576K
}
Event: 61.682 GC heap before
{Heap before GC invocations=23 (full 1):
 PSYoungGen      total 2630656K, used 2630592K [0x0000000715580000, 0x00000007bed80000, 0x00000007c0000000)
  eden space 2625536K, 100% used [0x0000000715580000,0x00000007b5980000,0x00000007b5980000)
  from space 5120K, 98% used [0x00000007bd900000,0x00000007bddf0360,0x00000007bde00000)
  to   space 15872K, 0% used [0x00000007bde00000,0x00000007bde00000,0x00000007bed80000)
 ParOldGen       total 148480K, used 48269K [0x00000005c0000000, 0x00000005c9100000, 0x0000000715580000)
  object space 148480K, 32% used [0x00000005c0000000,0x00000005c2f23598,0x00000005c9100000)
 Metaspace       used 27067K, capacity 28482K, committed 28800K, reserved 1075200K
  class space    used 3345K, capacity 3612K, committed 3712K, reserved 1048576K
Event: 61.686 GC heap after
Heap after GC invocations=23 (full 1):
 PSYoungGen      total 2512896K, used 11536K [0x0000000715580000, 0x00000007be980000, 0x00000007c0000000)
  eden space 2501120K, 0% used [0x0000000715580000,0x0000000715580000,0x00000007ae000000)
  from space 11776K, 97% used [0x00000007bde00000,0x00000007be944350,0x00000007be980000)
  to   space 19456K, 0% used [0x00000007bc380000,0x00000007bc380000,0x00000007bd680000)
 ParOldGen       total 148480K, used 48277K [0x00000005c0000000, 0x00000005c9100000, 0x0000000715580000)
  object space 148480K, 32% used [0x00000005c0000000,0x00000005c2f25598,0x00000005c9100000)
 Metaspace       used 27067K, capacity 28482K, committed 28800K, reserved 1075200K
  class space    used 3345K, capacity 3612K, committed 3712K, reserved 1048576K
}

Deoptimization events (10 events):
Event: 67.489 Thread 0x00007fdb3880f000 Uncommon trap: reason=unhandled action=none pc=0x000000010c5f54fc method=java.net.URLClassLoader.findClass(Ljava/lang/String;)Ljava/lang/Class; @ 44
Event: 67.490 Thread 0x00007fdb3880f000 Uncommon trap: reason=unhandled action=none pc=0x000000010c5f54fc method=java.net.URLClassLoader.findClass(Ljava/lang/String;)Ljava/lang/Class; @ 44
Event: 67.490 Thread 0x00007fdb3880f000 Uncommon trap: reason=unhandled action=none pc=0x000000010c5f54fc method=java.net.URLClassLoader.findClass(Ljava/lang/String;)Ljava/lang/Class; @ 44
Event: 67.490 Thread 0x00007fdb3880f000 Uncommon trap: reason=unhandled action=none pc=0x000000010c5f54fc method=java.net.URLClassLoader.findClass(Ljava/lang/String;)Ljava/lang/Class; @ 44
Event: 67.491 Thread 0x00007fdb3880f000 Uncommon trap: reason=unhandled action=none pc=0x000000010c5f54fc method=java.net.URLClassLoader.findClass(Ljava/lang/String;)Ljava/lang/Class; @ 44
Event: 67.491 Thread 0x00007fdb3880f000 Uncommon trap: reason=unhandled action=none pc=0x000000010c5f54fc method=java.net.URLClassLoader.findClass(Ljava/lang/String;)Ljava/lang/Class; @ 44
Event: 67.492 Thread 0x00007fdb3880f000 Uncommon trap: reason=unhandled action=none pc=0x000000010c5f54fc method=java.net.URLClassLoader.findClass(Ljava/lang/String;)Ljava/lang/Class; @ 44
Event: 67.637 Thread 0x00007fdb3880f000 Uncommon trap: reason=unhandled action=none pc=0x000000010c5f54fc method=java.net.URLClassLoader.findClass(Ljava/lang/String;)Ljava/lang/Class; @ 44
Event: 67.639 Thread 0x00007fdb3880f000 Uncommon trap: reason=class_check action=maybe_recompile pc=0x000000010c8c95ec method=org.apache.logging.log4j.core.appender.OutputStreamManager.flushBuffer(Ljava/nio/ByteBuffer;)V @ 30
Event: 67.640 Thread 0x00007fdb3880f000 Uncommon trap: reason=class_check action=maybe_recompile pc=0x000000010c8c95ec method=org.apache.logging.log4j.core.appender.OutputStreamManager.flushBuffer(Ljava/nio/ByteBuffer;)V @ 30

Classes redefined (10 events):
Event: 242.832 Thread 0x00007fdb3885e000 redefined class name=com.bluehouseinc.util.APIDateUtils, count=1
Event: 242.839 Thread 0x00007fdb3885e000 redefined class name=com.bluehouseinc.util.APIDateUtils$RepeatInternalType, count=1
Event: 297.186 Thread 0x00007fdb3885e000 redefined class name=com.bluehouseinc.util.APIDateUtils, count=2
Event: 297.193 Thread 0x00007fdb3885e000 redefined class name=com.bluehouseinc.util.APIDateUtils$RepeatInternalType, count=2
Event: 390.330 Thread 0x00007fdb3885e000 redefined class name=com.bluehouseinc.util.APIDateUtils, count=3
Event: 390.337 Thread 0x00007fdb3885e000 redefined class name=com.bluehouseinc.util.APIDateUtils$RepeatInternalType, count=3
Event: 451.232 Thread 0x00007fdb3885e000 redefined class name=com.bluehouseinc.util.APIDateUtils, count=4
Event: 451.239 Thread 0x00007fdb3885e000 redefined class name=com.bluehouseinc.util.APIDateUtils$RepeatInternalType, count=4
Event: 935.575 Thread 0x00007fdb3885e000 redefined class name=com.bluehouseinc.util.APIDateUtils, count=5
Event: 935.583 Thread 0x00007fdb3885e000 redefined class name=com.bluehouseinc.util.APIDateUtils$RepeatInternalType, count=5

Internal exceptions (10 events):
Event: 3.541 Thread 0x00007fdb3880f000 Exception <a 'java/lang/ClassNotFoundException': com/bluehouseinc/dataconverter/providers/ConfigurationProviderCustomizer> (0x000000071b5ac3f8) thrown at [/System/Volumes/Data/jenkins/workspace/8-2-build-macosx-x86_64/jdk8u321/2141/hotspot/src/share/vm/cl
Event: 3.544 Thread 0x00007fdb3880f000 Exception <a 'java/lang/ClassNotFoundException': java/lang/ObjectCustomizer> (0x000000071b5cd630) thrown at [/System/Volumes/Data/jenkins/workspace/8-2-build-macosx-x86_64/jdk8u321/2141/hotspot/src/share/vm/classfile/systemDictionary.cpp, line 212]
Event: 3.546 Thread 0x00007fdb3880f000 Exception <a 'java/lang/ClassNotFoundException': com/bluehouseinc/dataconverter/providers/ParserProviderCustomizer> (0x000000071b5e4e88) thrown at [/System/Volumes/Data/jenkins/workspace/8-2-build-macosx-x86_64/jdk8u321/2141/hotspot/src/share/vm/classfile
Event: 3.569 Thread 0x00007fdb3880f000 Exception <a 'java/lang/ClassNotFoundException': java/lang/ObjectCustomizer> (0x000000071b7958b0) thrown at [/System/Volumes/Data/jenkins/workspace/8-2-build-macosx-x86_64/jdk8u321/2141/hotspot/src/share/vm/classfile/systemDictionary.cpp, line 212]
Event: 3.570 Thread 0x00007fdb3880f000 Exception <a 'java/lang/ClassNotFoundException': com/bluehouseinc/dataconverter/api/importer/TidalImporterCustomizer> (0x000000071b7add88) thrown at [/System/Volumes/Data/jenkins/workspace/8-2-build-macosx-x86_64/jdk8u321/2141/hotspot/src/share/vm/classfi
Event: 3.847 Thread 0x00007fdb3880f000 Exception <a 'java/lang/NoSuchMethodError': java.lang.Object.lambda$byAnnotation$0(Ljava/lang/Class;Ljava/lang/Class;)Z> (0x000000071e928868) thrown at [/System/Volumes/Data/jenkins/workspace/8-2-build-macosx-x86_64/jdk8u321/2141/hotspot/src/share/vm/inte
Event: 6.718 Thread 0x00007fdb3880f000 Implicit null exception at 0x000000010c8ea17b to 0x000000010c8ebe35
Event: 6.718 Thread 0x00007fdb3880f000 Implicit null exception at 0x000000010bdf8436 to 0x000000010bdf8955
Event: 27.125 Thread 0x00007fdb3880f000 Implicit null exception at 0x000000010c899e25 to 0x000000010c89a579
Event: 27.139 Thread 0x00007fdb3880f000 Implicit null exception at 0x000000010c94cf74 to 0x000000010c94d6e1

Events (10 events):
Event: 935.600 Executing VM operation: GetCurrentContendedMonitor done
Event: 935.600 Executing VM operation: GetOwnedMonitorInfo
Event: 935.600 Executing VM operation: GetOwnedMonitorInfo done
Event: 935.600 Executing VM operation: GetCurrentContendedMonitor
Event: 935.600 Executing VM operation: GetCurrentContendedMonitor done
Event: 935.603 Executing VM operation: GetCurrentContendedMonitor
Event: 935.603 Executing VM operation: GetCurrentContendedMonitor done
Event: 935.603 Executing VM operation: GetOwnedMonitorInfo
Event: 935.603 Executing VM operation: GetOwnedMonitorInfo done
Event: 936.249 Executing VM operation: GetOrSetLocal


Dynamic libraries:
0x00007ff8237a0000 	/System/Library/Frameworks/Cocoa.framework/Versions/A/Cocoa
0x00007ff80e297000 	/System/Library/Frameworks/AppKit.framework/Versions/C/AppKit
0x00007ff810f52000 	/System/Library/Frameworks/CoreData.framework/Versions/A/CoreData
0x00007ff80bf82000 	/System/Library/Frameworks/Foundation.framework/Versions/C/Foundation
0x00007ff817312000 	/usr/lib/libSystem.B.dylib
0x00007ff80f2a0000 	/System/Library/PrivateFrameworks/UIFoundation.framework/Versions/A/UIFoundation
0x00007ffb0bdff000 	/System/Library/PrivateFrameworks/CollectionViewCore.framework/Versions/A/CollectionViewCore
0x00007ff81d75e000 	/System/Library/PrivateFrameworks/RemoteViewServices.framework/Versions/A/RemoteViewServices
0x00007ff8153b9000 	/System/Library/PrivateFrameworks/XCTTargetBootstrap.framework/Versions/A/XCTTargetBootstrap
0x00007ff819241000 	/System/Library/PrivateFrameworks/InternationalSupport.framework/Versions/A/InternationalSupport
0x00007ff8192ca000 	/System/Library/PrivateFrameworks/UserActivity.framework/Versions/A/UserActivity
0x00007ffb220d1000 	/System/Library/PrivateFrameworks/WindowManagement.framework/Versions/A/WindowManagement
0x00007ff80bc6c000 	/System/Library/Frameworks/SystemConfiguration.framework/Versions/A/SystemConfiguration
0x00007ff81863e000 	/usr/lib/libspindump.dylib
0x00007ff80f46e000 	/System/Library/Frameworks/UniformTypeIdentifiers.framework/Versions/A/UniformTypeIdentifiers
0x00007ff813899000 	/usr/lib/libapp_launch_measurement.dylib
0x00007ff81250d000 	/System/Library/PrivateFrameworks/CoreAnalytics.framework/Versions/A/CoreAnalytics
0x00007ff81389c000 	/System/Library/PrivateFrameworks/CoreAutoLayout.framework/Versions/A/CoreAutoLayout
0x00007ff814c2d000 	/System/Library/Frameworks/Metal.framework/Versions/A/Metal
0x00007ff815b7c000 	/usr/lib/liblangid.dylib
0x00007ff8153be000 	/System/Library/PrivateFrameworks/CoreSVG.framework/Versions/A/CoreSVG
0x00007ff80fda8000 	/System/Library/PrivateFrameworks/SkyLight.framework/Versions/A/SkyLight
0x00007ff810192000 	/System/Library/Frameworks/CoreGraphics.framework/Versions/A/CoreGraphics
0x00007ff81de30000 	/System/Library/Frameworks/Accelerate.framework/Versions/A/Accelerate
0x00007ff8180b3000 	/System/Library/PrivateFrameworks/IconServices.framework/Versions/A/IconServices
0x00007ff814c10000 	/System/Library/Frameworks/IOSurface.framework/Versions/A/IOSurface
0x00007ff812537000 	/usr/lib/libDiagnosticMessagesClient.dylib
0x00007ff817228000 	/usr/lib/libz.1.dylib
0x00007ff8213b2000 	/System/Library/Frameworks/ApplicationServices.framework/Versions/A/ApplicationServices
0x00007ff8153a5000 	/System/Library/PrivateFrameworks/DFRFoundation.framework/Versions/A/DFRFoundation
0x00007ff80db5f000 	/usr/lib/libicucore.A.dylib
0x00007ff81a0e4000 	/System/Library/Frameworks/AudioToolbox.framework/Versions/A/AudioToolbox
0x00007ff81924c000 	/System/Library/PrivateFrameworks/DataDetectorsCore.framework/Versions/A/DataDetectorsCore
0x00007ff912a37000 	/System/Library/PrivateFrameworks/TextInput.framework/Versions/A/TextInput
0x00007ff80fd1d000 	/usr/lib/libMobileGestalt.dylib
0x00007ff8150ad000 	/System/Library/Frameworks/Carbon.framework/Versions/A/Frameworks/HIToolbox.framework/Versions/A/HIToolbox
0x00007ff81323a000 	/System/Library/Frameworks/QuartzCore.framework/Versions/A/QuartzCore
0x00007ff80d7dd000 	/System/Library/Frameworks/Security.framework/Versions/A/Security
0x00007ff81d796000 	/System/Library/Frameworks/Carbon.framework/Versions/A/Frameworks/SpeechRecognition.framework/Versions/A/SpeechRecognition
0x00007ff8135d9000 	/System/Library/PrivateFrameworks/CoreUI.framework/Versions/A/CoreUI
0x00007ff80d0be000 	/System/Library/Frameworks/CoreAudio.framework/Versions/A/CoreAudio
0x00007ff812611000 	/System/Library/Frameworks/DiskArbitration.framework/Versions/A/DiskArbitration
0x00007ff818a5c000 	/System/Library/PrivateFrameworks/MultitouchSupport.framework/Versions/A/MultitouchSupport
0x00007ff80fd1c000 	/usr/lib/libenergytrace.dylib
0x00007ff80e179000 	/System/Library/Frameworks/IOKit.framework/Versions/A/IOKit
0x00007ff81db8f000 	/System/Library/Frameworks/CoreServices.framework/Versions/A/CoreServices
0x00007ff813831000 	/System/Library/PrivateFrameworks/PerformanceAnalysis.framework/Versions/A/PerformanceAnalysis
0x00007ffa2132d000 	/System/Library/Frameworks/OpenGL.framework/Versions/A/OpenGL
0x00007ff8138e4000 	/usr/lib/libxml2.2.dylib
0x00007ff816788000 	/System/Library/PrivateFrameworks/MobileKeyBag.framework/Versions/A/MobileKeyBag
0x00007ff80adfc000 	/usr/lib/libobjc.A.dylib
0x00007ff80b0c2000 	/usr/lib/libc++.1.dylib
0x00007ff8109b4000 	/System/Library/Frameworks/ColorSync.framework/Versions/A/ColorSync
0x00007ff80b1cd000 	/System/Library/Frameworks/CoreFoundation.framework/Versions/A/CoreFoundation
0x00007ff815759000 	/System/Library/Frameworks/CoreImage.framework/Versions/A/CoreImage
0x00007ff80cecf000 	/System/Library/Frameworks/CoreText.framework/Versions/A/CoreText
0x00007ff8153f6000 	/System/Library/Frameworks/ImageIO.framework/Versions/A/ImageIO
0x00007ff817318000 	/System/Library/PrivateFrameworks/SoftLinking.framework/Versions/A/SoftLinking
0x00007ff817598000 	/usr/lib/libcompression.dylib
0x00007ff819173000 	/System/Library/PrivateFrameworks/TextureIO.framework/Versions/A/TextureIO
0x00007ff817ce3000 	/usr/lib/libate.dylib
0x00007ff81730d000 	/usr/lib/system/libcache.dylib
0x00007ff8172c8000 	/usr/lib/system/libcommonCrypto.dylib
0x00007ff8172f1000 	/usr/lib/system/libcompiler_rt.dylib
0x00007ff8172e7000 	/usr/lib/system/libcopyfile.dylib
0x00007ff80af2b000 	/usr/lib/system/libcorecrypto.dylib
0x00007ff80afef000 	/usr/lib/system/libdispatch.dylib
0x00007ff80b177000 	/usr/lib/system/libdyld.dylib
0x00007ff817303000 	/usr/lib/system/libkeymgr.dylib
0x00007ff8172a7000 	/usr/lib/system/libmacho.dylib
0x00007ff816875000 	/usr/lib/system/libquarantine.dylib
0x00007ff817301000 	/usr/lib/system/libremovefile.dylib
0x00007ff80fd76000 	/usr/lib/system/libsystem_asl.dylib
0x00007ff80aecd000 	/usr/lib/system/libsystem_blocks.dylib
0x00007ff80b039000 	/usr/lib/system/libsystem_c.dylib
0x00007ff8172f9000 	/usr/lib/system/libsystem_collections.dylib
0x00007ff815b6d000 	/usr/lib/system/libsystem_configuration.dylib
0x00007ff814be1000 	/usr/lib/system/libsystem_containermanager.dylib
0x00007ff816f60000 	/usr/lib/system/libsystem_coreservices.dylib
0x00007ff80ddf3000 	/usr/lib/system/libsystem_darwin.dylib
0x00007ff817304000 	/usr/lib/system/libsystem_dnssd.dylib
0x00007ff80b036000 	/usr/lib/system/libsystem_featureflags.dylib
0x00007ff80b1a2000 	/usr/lib/system/libsystem_info.dylib
0x00007ff81723b000 	/usr/lib/system/libsystem_m.dylib
0x00007ff80afc2000 	/usr/lib/system/libsystem_malloc.dylib
0x00007ff80fd05000 	/usr/lib/system/libsystem_networkextension.dylib
0x00007ff80e238000 	/usr/lib/system/libsystem_notify.dylib
0x00007ff815b71000 	/usr/lib/system/libsystem_sandbox.dylib
0x00007ff8172fe000 	/usr/lib/system/libsystem_secinit.dylib
0x00007ff80b131000 	/usr/lib/system/libsystem_kernel.dylib
0x00007ff80b198000 	/usr/lib/system/libsystem_platform.dylib
0x00007ff80b16b000 	/usr/lib/system/libsystem_pthread.dylib
0x00007ff8117c6000 	/usr/lib/system/libsystem_symptoms.dylib
0x00007ff80af11000 	/usr/lib/system/libsystem_trace.dylib
0x00007ff8172d4000 	/usr/lib/system/libunwind.dylib
0x00007ff80aed1000 	/usr/lib/system/libxpc.dylib
0x00007ff80b11b000 	/usr/lib/libc++abi.dylib
0x00007ff8172df000 	/usr/lib/liboah.dylib
0x00007ff817a73000 	/usr/lib/liblzma.5.dylib
0x00007ff817314000 	/usr/lib/libfakelink.dylib
0x00007ff80f95f000 	/System/Library/Frameworks/CFNetwork.framework/Versions/A/CFNetwork
0x00007ff817451000 	/usr/lib/libarchive.2.dylib
0x00007ff81ba37000 	/System/Library/Frameworks/Combine.framework/Versions/A/Combine
0x00007ff819b5c000 	/usr/lib/swift/libswiftCore.dylib
0x00007ff90fa7c000 	/usr/lib/swift/libswiftCoreFoundation.dylib
0x00007ff90da35000 	/usr/lib/swift/libswiftDarwin.dylib
0x00007ff81f3b1000 	/usr/lib/swift/libswiftDispatch.dylib
0x00007ff90fa98000 	/usr/lib/swift/libswiftIOKit.dylib
0x00007ff8217eb000 	/usr/lib/swift/libswiftObjectiveC.dylib
0x00007ff90fa8d000 	/usr/lib/swift/libswiftXPC.dylib
0x00007ffb289ab000 	/usr/lib/swift/libswift_Concurrency.dylib
0x00007ffb28aea000 	/usr/lib/swift/libswift_StringProcessing.dylib
0x00007ff8217ef000 	/usr/lib/swift/libswiftos.dylib
0x00007ff80e0fa000 	/System/Library/PrivateFrameworks/CoreServicesInternal.framework/Versions/A/CoreServicesInternal
0x00007ff81689c000 	/usr/lib/libbsm.0.dylib
0x00007ff8172ac000 	/usr/lib/system/libkxld.dylib
0x00007ff813865000 	/System/Library/Frameworks/CoreServices.framework/Versions/A/Frameworks/FSEvents.framework/Versions/A/FSEvents
0x00007ff80ddfe000 	/System/Library/Frameworks/CoreServices.framework/Versions/A/Frameworks/CarbonCore.framework/Versions/A/CarbonCore
0x00007ff81257a000 	/System/Library/Frameworks/CoreServices.framework/Versions/A/Frameworks/Metadata.framework/Versions/A/Metadata
0x00007ff816f66000 	/System/Library/Frameworks/CoreServices.framework/Versions/A/Frameworks/OSServices.framework/Versions/A/OSServices
0x00007ff8174d9000 	/System/Library/Frameworks/CoreServices.framework/Versions/A/Frameworks/SearchKit.framework/Versions/A/SearchKit
0x00007ff81174d000 	/System/Library/Frameworks/CoreServices.framework/Versions/A/Frameworks/AE.framework/Versions/A/AE
0x00007ff80b665000 	/System/Library/Frameworks/CoreServices.framework/Versions/A/Frameworks/LaunchServices.framework/Versions/A/LaunchServices
0x00007ff817a24000 	/System/Library/Frameworks/CoreServices.framework/Versions/A/Frameworks/DictionaryServices.framework/Versions/A/DictionaryServices
0x00007ff813872000 	/System/Library/Frameworks/CoreServices.framework/Versions/A/Frameworks/SharedFileList.framework/Versions/A/SharedFileList
0x00007ff817565000 	/usr/lib/libapple_nghttp2.dylib
0x00007ff80f95b000 	/usr/lib/libnetwork.dylib
0x00007ff8113cb000 	/usr/lib/libsqlite3.dylib
0x00007ff8117ce000 	/System/Library/Frameworks/Network.framework/Versions/A/Network
0x00007ffb27995000 	/usr/lib/libCoreEntitlements.dylib
0x00007ffb152d0000 	/System/Library/PrivateFrameworks/MessageSecurity.framework/Versions/A/MessageSecurity
0x00007ff8113b2000 	/System/Library/PrivateFrameworks/ProtocolBuffer.framework/Versions/A/ProtocolBuffer
0x00007ff816f3f000 	/System/Library/PrivateFrameworks/AppleFSCompression.framework/Versions/A/AppleFSCompression
0x00007ff816884000 	/usr/lib/libcoretls.dylib
0x00007ff817a8d000 	/usr/lib/libcoretls_cfhelpers.dylib
0x00007ff817592000 	/usr/lib/libpam.2.dylib
0x00007ff817afb000 	/usr/lib/libxar.1.dylib
0x00007ff81808f000 	/usr/lib/libheimdal-asn1.dylib
0x00007ff817319000 	/usr/lib/libpcap.A.dylib
0x00007ff8117bd000 	/usr/lib/libdns_services.dylib
0x00007ff815b78000 	/System/Library/PrivateFrameworks/AppleSystemInfo.framework/Versions/A/AppleSystemInfo
0x00007ff816591000 	/System/Library/PrivateFrameworks/IOMobileFramebuffer.framework/Versions/A/IOMobileFramebuffer
0x00007ff816f50000 	/usr/lib/libbz2.1.0.dylib
0x00007ff816878000 	/usr/lib/libCheckFix.dylib
0x00007ff80fd8d000 	/System/Library/PrivateFrameworks/TCC.framework/Versions/A/TCC
0x00007ff815b7e000 	/System/Library/PrivateFrameworks/CoreNLP.framework/Versions/A/CoreNLP
0x00007ff812539000 	/System/Library/PrivateFrameworks/MetadataUtilities.framework/Versions/A/MetadataUtilities
0x00007ff8168ac000 	/usr/lib/libmecab.dylib
0x00007ff80bceb000 	/usr/lib/libCRFSuite.dylib
0x00007ff816906000 	/usr/lib/libgermantok.dylib
0x00007ff817540000 	/usr/lib/libThaiTokenizer.dylib
0x00007ff812619000 	/System/Library/Frameworks/Accelerate.framework/Versions/A/Frameworks/vImage.framework/Versions/A/vImage
0x00007ff81db62000 	/System/Library/Frameworks/Accelerate.framework/Versions/A/Frameworks/vecLib.framework/Versions/A/vecLib
0x00007ff817b3d000 	/System/Library/Frameworks/Accelerate.framework/Versions/A/Frameworks/vecLib.framework/Versions/A/libvMisc.dylib
0x00007ff81638c000 	/System/Library/Frameworks/Accelerate.framework/Versions/A/Frameworks/vecLib.framework/Versions/A/libvDSP.dylib
0x00007ff80ba21000 	/System/Library/Frameworks/Accelerate.framework/Versions/A/Frameworks/vecLib.framework/Versions/A/libBLAS.dylib
0x00007ff817677000 	/System/Library/Frameworks/Accelerate.framework/Versions/A/Frameworks/vecLib.framework/Versions/A/libLAPACK.dylib
0x00007ff816909000 	/System/Library/Frameworks/Accelerate.framework/Versions/A/Frameworks/vecLib.framework/Versions/A/libLinearAlgebra.dylib
0x00007ff81757d000 	/System/Library/Frameworks/Accelerate.framework/Versions/A/Frameworks/vecLib.framework/Versions/A/libSparseBLAS.dylib
0x00007ff817671000 	/System/Library/Frameworks/Accelerate.framework/Versions/A/Frameworks/vecLib.framework/Versions/A/libQuadrature.dylib
0x00007ff815c6a000 	/System/Library/Frameworks/Accelerate.framework/Versions/A/Frameworks/vecLib.framework/Versions/A/libBNNS.dylib
0x00007ff80bbf5000 	/System/Library/Frameworks/Accelerate.framework/Versions/A/Frameworks/vecLib.framework/Versions/A/libSparse.dylib
0x00007ffb145cf000 	/System/Library/PrivateFrameworks/MIL.framework/Versions/A/MIL
0x00007ff81734e000 	/usr/lib/libiconv.2.dylib
0x00007ff8172a6000 	/usr/lib/libcharset.1.dylib
0x00007ff813849000 	/System/Library/Frameworks/OpenDirectory.framework/Versions/A/Frameworks/CFOpenDirectory.framework/Versions/A/CFOpenDirectory
0x00007ff81383d000 	/System/Library/Frameworks/OpenDirectory.framework/Versions/A/OpenDirectory
0x00007ff817a8f000 	/System/Library/PrivateFrameworks/APFS.framework/Versions/A/APFS
0x00007ff8167bb000 	/System/Library/Frameworks/SecurityFoundation.framework/Versions/A/SecurityFoundation
0x00007ff817b09000 	/usr/lib/libutil.dylib
0x00007ffb13760000 	/System/Library/PrivateFrameworks/InstalledContentLibrary.framework/Versions/A/InstalledContentLibrary
0x00007ff80e13d000 	/System/Library/PrivateFrameworks/CoreServicesStore.framework/Versions/A/CoreServicesStore
0x00007ffa2a937000 	/System/Library/PrivateFrameworks/AppleMobileFileIntegrity.framework/Versions/A/AppleMobileFileIntegrity
0x00007ff90fa5c000 	/usr/lib/libmis.dylib
0x00007ff91e08e000 	/System/Library/PrivateFrameworks/MobileSystemServices.framework/Versions/A/MobileSystemServices
0x00007ffa18228000 	/System/Library/PrivateFrameworks/ConfigProfileHelper.framework/Versions/A/ConfigProfileHelper
0x00007ff817542000 	/System/Library/PrivateFrameworks/AppleSauce.framework/Versions/A/AppleSauce
0x00007ff80c994000 	/System/Library/PrivateFrameworks/LanguageModeling.framework/Versions/A/LanguageModeling
0x00007ff817b0d000 	/usr/lib/libxslt.1.dylib
0x00007ff817440000 	/usr/lib/libcmph.dylib
0x00007ff81657f000 	/System/Library/PrivateFrameworks/CoreEmoji.framework/Versions/A/CoreEmoji
0x00007ff815c64000 	/System/Library/PrivateFrameworks/LinguisticData.framework/Versions/A/LinguisticData
0x00007ff80bbab000 	/System/Library/PrivateFrameworks/Lexicon.framework/Versions/A/Lexicon
0x00007ff816849000 	/System/Library/PrivateFrameworks/BackgroundTaskManagement.framework/Versions/A/BackgroundTaskManagement
0x00007ffb27acf000 	/usr/lib/libTLE.dylib
0x00007ffb28a2f000 	/usr/lib/swift/libswift_RegexParser.dylib
0x00007ff818926000 	/System/Library/PrivateFrameworks/AppleJPEG.framework/Versions/A/AppleJPEG
0x00007ff818074000 	/usr/lib/libexpat.1.dylib
0x00007ff818fd0000 	/System/Library/Frameworks/ImageIO.framework/Versions/A/Resources/libPng.dylib
0x00007ff818ffd000 	/System/Library/Frameworks/ImageIO.framework/Versions/A/Resources/libTIFF.dylib
0x00007ff8190ed000 	/System/Library/Frameworks/ImageIO.framework/Versions/A/Resources/libGIF.dylib
0x00007ff818971000 	/System/Library/Frameworks/ImageIO.framework/Versions/A/Resources/libJP2.dylib
0x00007ff81908d000 	/System/Library/Frameworks/ImageIO.framework/Versions/A/Resources/libJPEG.dylib
0x00007ff819084000 	/System/Library/Frameworks/ImageIO.framework/Versions/A/Resources/libRadiance.dylib
0x00007ff814f43000 	/System/Library/PrivateFrameworks/FontServices.framework/libFontParser.dylib
0x00007ff8116f2000 	/System/Library/PrivateFrameworks/RunningBoardServices.framework/Versions/A/RunningBoardServices
0x00007ff823ddd000 	/System/Library/PrivateFrameworks/IOSurfaceAccelerator.framework/Versions/A/IOSurfaceAccelerator
0x00007ff818a58000 	/System/Library/PrivateFrameworks/WatchdogClient.framework/Versions/A/WatchdogClient
0x00007ff80caf6000 	/System/Library/Frameworks/CoreDisplay.framework/Versions/A/CoreDisplay
0x00007ff814e32000 	/System/Library/Frameworks/CoreMedia.framework/Versions/A/CoreMedia
0x00007ff814c24000 	/System/Library/PrivateFrameworks/IOAccelerator.framework/Versions/A/IOAccelerator
0x00007ff8139c3000 	/System/Library/Frameworks/CoreVideo.framework/Versions/A/CoreVideo
0x00007ff817590000 	/System/Library/Frameworks/MetalPerformanceShaders.framework/Versions/A/MetalPerformanceShaders
0x00007ff818a95000 	/System/Library/Frameworks/VideoToolbox.framework/Versions/A/VideoToolbox
0x00007ff811636000 	/System/Library/PrivateFrameworks/BaseBoard.framework/Versions/A/BaseBoard
0x00007ff81907d000 	/System/Library/PrivateFrameworks/GPUWrangler.framework/Versions/A/GPUWrangler
0x00007ff819061000 	/System/Library/PrivateFrameworks/IOPresentment.framework/Versions/A/IOPresentment
0x00007ff819087000 	/System/Library/PrivateFrameworks/DSExternalDisplay.framework/Versions/A/DSExternalDisplay
0x00007ffb0fdcf000 	/System/Library/PrivateFrameworks/GPUCompiler.framework/Versions/31001/Libraries/libllvm-flatbuffers.dylib
0x00007ffa21321000 	/System/Library/Frameworks/OpenGL.framework/Versions/A/Libraries/libCoreFSCache.dylib
0x00007ffb0fdcb000 	/System/Library/PrivateFrameworks/GPUCompiler.framework/Versions/31001/Libraries/libGPUCompilerUtils.dylib
0x00007ff8190f3000 	/System/Library/PrivateFrameworks/CMCaptureCore.framework/Versions/A/CMCaptureCore
0x00007ffa24e09000 	/System/Library/Frameworks/ExtensionFoundation.framework/Versions/A/ExtensionFoundation
0x00007ff81fb2e000 	/System/Library/PrivateFrameworks/CoreTime.framework/Versions/A/CoreTime
0x00007ff818628000 	/System/Library/PrivateFrameworks/AppServerSupport.framework/Versions/A/AppServerSupport
0x00007ff81a9af000 	/System/Library/PrivateFrameworks/perfdata.framework/Versions/A/perfdata
0x00007ff80cc22000 	/System/Library/PrivateFrameworks/AudioToolboxCore.framework/Versions/A/AudioToolboxCore
0x00007ff814e0c000 	/System/Library/PrivateFrameworks/caulk.framework/Versions/A/caulk
0x00007ff81a27c000 	/usr/lib/libAudioStatistics.dylib
0x00007ff90eedf000 	/System/Library/PrivateFrameworks/SystemPolicy.framework/Versions/A/SystemPolicy
0x00007ff81a51a000 	/usr/lib/libSMC.dylib
0x00007ff823645000 	/System/Library/Frameworks/CoreMIDI.framework/Versions/A/CoreMIDI
0x00007ff818f9e000 	/usr/lib/libAudioToolboxUtility.dylib
0x00007ff828b78000 	/System/Library/PrivateFrameworks/OSAServicesClient.framework/Versions/A/OSAServicesClient
0x00007ff81a9bc000 	/usr/lib/libperfcheck.dylib
0x00007ff817f58000 	/System/Library/PrivateFrameworks/PlugInKit.framework/Versions/A/PlugInKit
0x00007ff8167ae000 	/System/Library/PrivateFrameworks/AssertionServices.framework/Versions/A/AssertionServices
0x00007ffa2137c000 	/System/Library/Frameworks/OpenGL.framework/Versions/A/Libraries/libGLU.dylib
0x00007ffa21340000 	/System/Library/Frameworks/OpenGL.framework/Versions/A/Libraries/libGFXShared.dylib
0x00007ffa21549000 	/System/Library/Frameworks/OpenGL.framework/Versions/A/Libraries/libGL.dylib
0x00007ffa21349000 	/System/Library/Frameworks/OpenGL.framework/Versions/A/Libraries/libGLImage.dylib
0x00007ffa2133d000 	/System/Library/Frameworks/OpenGL.framework/Versions/A/Libraries/libCVMSPluginSupport.dylib
0x00007ffb27aae000 	/usr/lib/libRosetta.dylib
0x00007ffa21328000 	/System/Library/Frameworks/OpenGL.framework/Versions/A/Libraries/libCoreVMClient.dylib
0x00007ff815af1000 	/System/Library/Frameworks/MetalPerformanceShaders.framework/Versions/A/Frameworks/MPSCore.framework/Versions/A/MPSCore
0x00007ff816ea9000 	/System/Library/Frameworks/MetalPerformanceShaders.framework/Versions/A/Frameworks/MPSImage.framework/Versions/A/MPSImage
0x00007ff81691f000 	/System/Library/Frameworks/MetalPerformanceShaders.framework/Versions/A/Frameworks/MPSNeuralNetwork.framework/Versions/A/MPSNeuralNetwork
0x00007ff816d92000 	/System/Library/Frameworks/MetalPerformanceShaders.framework/Versions/A/Frameworks/MPSMatrix.framework/Versions/A/MPSMatrix
0x00007ff816b4d000 	/System/Library/Frameworks/MetalPerformanceShaders.framework/Versions/A/Frameworks/MPSRayIntersector.framework/Versions/A/MPSRayIntersector
0x00007ff816dcd000 	/System/Library/Frameworks/MetalPerformanceShaders.framework/Versions/A/Frameworks/MPSNDArray.framework/Versions/A/MPSNDArray
0x00007ffa26179000 	/System/Library/Frameworks/MetalPerformanceShaders.framework/Versions/A/Frameworks/MPSFunctions.framework/Versions/A/MPSFunctions
0x00007ff80b8e2000 	/System/Library/PrivateFrameworks/MetalTools.framework/Versions/A/MetalTools
0x00007ff815b77000 	/System/Library/PrivateFrameworks/AggregateDictionary.framework/Versions/A/AggregateDictionary
0x00007ff817e13000 	/usr/lib/libIOReport.dylib
0x00007ffa22010000 	/System/Library/Frameworks/OpenCL.framework/Versions/A/OpenCL
0x00007ff8181ba000 	/System/Library/PrivateFrameworks/GraphVisualizer.framework/Versions/A/GraphVisualizer
0x00007ffb0fce0000 	/System/Library/PrivateFrameworks/FontServices.framework/Versions/A/FontServices
0x00007ff8185e3000 	/System/Library/PrivateFrameworks/OTSVG.framework/Versions/A/OTSVG
0x00007ff81358d000 	/System/Library/Frameworks/ApplicationServices.framework/Versions/A/Frameworks/ATS.framework/Versions/A/Resources/libFontRegistry.dylib
0x00007ff818632000 	/System/Library/PrivateFrameworks/FontServices.framework/libhvf.dylib
0x00007ffb0fce1000 	/System/Library/PrivateFrameworks/FontServices.framework/libXTFontStaticRegistryData.dylib
0x00007ffb20f7a000 	/System/Library/PrivateFrameworks/VideoToolboxParavirtualizationSupport.framework/Versions/A/VideoToolboxParavirtualizationSupport
0x00007ff818024000 	/System/Library/PrivateFrameworks/AppleVA.framework/Versions/A/AppleVA
0x00007ff81a2bc000 	/System/Library/Frameworks/ApplicationServices.framework/Versions/A/Frameworks/ATS.framework/Versions/A/ATS
0x00007ff810aa4000 	/System/Library/Frameworks/ApplicationServices.framework/Versions/A/Frameworks/HIServices.framework/Versions/A/HIServices
0x00007ff8190ff000 	/System/Library/Frameworks/ApplicationServices.framework/Versions/A/Frameworks/PrintCore.framework/Versions/A/PrintCore
0x00007ff81a66f000 	/System/Library/Frameworks/ApplicationServices.framework/Versions/A/Frameworks/QD.framework/Versions/A/QD
0x00007ff81a667000 	/System/Library/Frameworks/ApplicationServices.framework/Versions/A/Frameworks/ColorSyncLegacy.framework/Versions/A/ColorSyncLegacy
0x00007ff81a290000 	/System/Library/Frameworks/ApplicationServices.framework/Versions/A/Frameworks/SpeechSynthesis.framework/Versions/A/SpeechSynthesis
0x00007ff8190bd000 	/System/Library/Frameworks/ApplicationServices.framework/Versions/A/Frameworks/ATSUI.framework/Versions/A/ATSUI
0x00007ff81a5fa000 	/usr/lib/libcups.2.dylib
0x00007ff81a9cb000 	/System/Library/Frameworks/Kerberos.framework/Versions/A/Kerberos
0x00007ff81a9da000 	/System/Library/Frameworks/GSS.framework/Versions/A/GSS
0x00007ff81a32a000 	/usr/lib/libresolv.9.dylib
0x00007ff818643000 	/System/Library/PrivateFrameworks/Heimdal.framework/Versions/A/Heimdal
0x00007ff82176e000 	/System/Library/Frameworks/Kerberos.framework/Versions/A/Libraries/libHeimdalProxy.dylib
0x00007ff81aa25000 	/System/Library/PrivateFrameworks/CommonAuth.framework/Versions/A/CommonAuth
0x00007ffa240df000 	/System/Library/Frameworks/AVFAudio.framework/Versions/A/AVFAudio
0x00007ff828bc1000 	/System/Library/PrivateFrameworks/AXCoreUtilities.framework/Versions/A/AXCoreUtilities
0x00007ff81a20c000 	/System/Library/PrivateFrameworks/AudioSession.framework/Versions/A/AudioSession
0x00007ff81b80e000 	/System/Library/Frameworks/IOBluetooth.framework/Versions/A/IOBluetooth
0x00007ff81812a000 	/System/Library/PrivateFrameworks/MediaExperience.framework/Versions/A/MediaExperience
0x00007ff81a0b3000 	/System/Library/PrivateFrameworks/AudioSession.framework/libSessionUtility.dylib
0x00007ff81a67b000 	/System/Library/PrivateFrameworks/AudioResourceArbitration.framework/Versions/A/AudioResourceArbitration
0x00007ff81e767000 	/System/Library/PrivateFrameworks/PowerLog.framework/Versions/A/PowerLog
0x00007ff81e6a9000 	/System/Library/Frameworks/CoreBluetooth.framework/Versions/A/CoreBluetooth
0x00007ff82176f000 	/System/Library/Frameworks/AudioUnit.framework/Versions/A/AudioUnit
0x00007ff816618000 	/System/Library/PrivateFrameworks/CoreUtils.framework/Versions/A/CoreUtils
0x00007ffb0e891000 	/System/Library/PrivateFrameworks/CoreUtilsExtras.framework/Versions/A/CoreUtilsExtras
0x00007ffb135f3000 	/System/Library/PrivateFrameworks/IO80211.framework/Versions/A/IO80211
0x00007ff818098000 	/System/Library/PrivateFrameworks/IconFoundation.framework/Versions/A/IconFoundation
0x00007ff81d786000 	/System/Library/PrivateFrameworks/SpeechRecognitionCore.framework/Versions/A/SpeechRecognitionCore
0x0000000109e15000 	/Library/Internet Plug-Ins/JavaAppletPlugin.plugin/Contents/Home/lib/server/libjvm.dylib
0x0000000109047000 	/Library/Internet Plug-Ins/JavaAppletPlugin.plugin/Contents/Home/lib/libverify.dylib
0x000000010909f000 	/Library/Internet Plug-Ins/JavaAppletPlugin.plugin/Contents/Home/lib/libjava.dylib
0x0000000109160000 	/Library/Internet Plug-Ins/JavaAppletPlugin.plugin/Contents/Home/lib/libjdwp.dylib
0x0000000108fe4000 	/Library/Internet Plug-Ins/JavaAppletPlugin.plugin/Contents/Home/lib/libnpt.dylib
0x000000010920e000 	/Library/Internet Plug-Ins/JavaAppletPlugin.plugin/Contents/Home/lib/libinstrument.dylib
0x0000000109079000 	/Library/Internet Plug-Ins/JavaAppletPlugin.plugin/Contents/Home/lib/libzip.dylib
0x0000000109982000 	/Library/Internet Plug-Ins/JavaAppletPlugin.plugin/Contents/Home/lib/libdt_socket.dylib
0x000000012fc2b000 	/Library/Internet Plug-Ins/JavaAppletPlugin.plugin/Contents/Home/lib/libmanagement.dylib
0x0000000130275000 	/Library/Internet Plug-Ins/JavaAppletPlugin.plugin/Contents/Home/lib/libnet.dylib
0x000000013035c000 	/Library/Internet Plug-Ins/JavaAppletPlugin.plugin/Contents/Home/lib/libnio.dylib

VM Arguments:
jvm_args: -agentlib:jdwp=transport=dt_socket,suspend=y,address=localhost:61220 -javaagent:/Users/brianhayes/eclipse/jee-2022-09/Eclipse.app/Contents/Eclipse/configuration/org.eclipse.osgi/1046/0/.cp/lib/javaagent-shaded.jar -Dfile.encoding=UTF-8 
java_command: com.bluehouseinc.dataconverter.TidalDataConverterMainApplication
java_class_path (initial): /Users/brianhayes/git/TidalMigrationTools/target/classes:/Users/brianhayes/.m2/repository/org/springframework/boot/spring-boot-starter/2.4.5/spring-boot-starter-2.4.5.jar:/Users/brianhayes/.m2/repository/org/springframework/boot/spring-boot/2.4.5/spring-boot-2.4.5.jar:/Users/brianhayes/.m2/repository/org/springframework/spring-context/5.3.6/spring-context-5.3.6.jar:/Users/brianhayes/.m2/repository/org/springframework/spring-aop/5.3.6/spring-aop-5.3.6.jar:/Users/brianhayes/.m2/repository/org/springframework/spring-beans/5.3.6/spring-beans-5.3.6.jar:/Users/brianhayes/.m2/repository/org/springframework/spring-expression/5.3.6/spring-expression-5.3.6.jar:/Users/brianhayes/.m2/repository/org/springframework/boot/spring-boot-autoconfigure/2.4.5/spring-boot-autoconfigure-2.4.5.jar:/Users/brianhayes/.m2/repository/jakarta/annotation/jakarta.annotation-api/1.3.5/jakarta.annotation-api-1.3.5.jar:/Users/brianhayes/.m2/repository/org/springframework/spring-core/5.3.6/spring-core-5.3.6.jar:/Users/brianhayes/.m2/repository/org/springframework/spring-jcl/5.3.6/spring-jcl-5.3.6.jar:/Users/brianhayes/.m2/repository/org/yaml/snakeyaml/1.27/snakeyaml-1.27.jar:/Users/brianhayes/.m2/repository/org/springframework/boot/spring-boot-starter-log4j2/2.4.5/spring-boot-starter-log4j2-2.4.5.jar:/Users/brianhayes/.m2/repository/org/apache/logging/log4j/log4j-slf4j-impl/2.13.3/log4j-slf4j-impl-2.13.3.jar:/Users/brianhayes/.m2/repository/org/slf4j/slf4j-api/1.7.30/slf4j-api-1.7.30.jar:/Users/brianhayes/.m2/repository/org/apache/logging/log4j/log4j-api/2.13.3/log4j-api-2.13.3.jar:/Users/brianhayes/.m2/repository/org/apache/logging/log4j/log4j-core/2.13.3/log4j-core-2.13.3.jar:/Users/brianhayes/.m2/repository/org/apache/logging/log4j/log4j-jul/2.13.3/log4j-jul-2.13.3.jar:/Users/brianhayes/.m2/repository/org/slf4j/jul-to-slf4j/1.7.30/jul-to-slf4j-1.7.30.jar:/Users/brianhayes/.m2/repository/org/projectlombok/lombok/1.18.20/lombok-1.18.20.jar:/Users/brianhayes/git/TidalMigr
Launcher Type: SUN_STANDARD

Environment Variables:
PATH=/usr/bin:/bin:/usr/sbin:/sbin
SHELL=/bin/zsh

Signal Handlers:
SIGSEGV: [libjvm.dylib+0x59cd83], sa_mask[0]=11111111111111111111111111111111, sa_flags=SA_ONSTACK|SA_RESTART|SA_SIGINFO
SIGBUS: [libjvm.dylib+0x59cd83], sa_mask[0]=11111111111111111111111111111111, sa_flags=SA_RESTART|SA_SIGINFO
SIGFPE: [libjvm.dylib+0x59cd83], sa_mask[0]=11111111111111111111111111111111, sa_flags=SA_RESTART|SA_SIGINFO
SIGPIPE: [libjvm.dylib+0x4905a7], sa_mask[0]=11111111111111111111111111111111, sa_flags=SA_RESTART|SA_SIGINFO
SIGXFSZ: [libjvm.dylib+0x4905a7], sa_mask[0]=11111111111111111111111111111111, sa_flags=SA_RESTART|SA_SIGINFO
SIGILL: [libjvm.dylib+0x59cd83], sa_mask[0]=11111111111111111111111111111111, sa_flags=SA_RESTART|SA_SIGINFO
SIGUSR1: SIG_DFL, sa_mask[0]=00000000000000000000000000000000, sa_flags=none
SIGUSR2: [libjvm.dylib+0x490ea2], sa_mask[0]=00100000000000000000000000000000, sa_flags=SA_RESTART|SA_SIGINFO
SIGHUP: [libjvm.dylib+0x48f0e7], sa_mask[0]=11111111111111111111111111111111, sa_flags=SA_RESTART|SA_SIGINFO
SIGINT: [libjvm.dylib+0x48f0e7], sa_mask[0]=11111111111111111111111111111111, sa_flags=SA_RESTART|SA_SIGINFO
SIGTERM: [libjvm.dylib+0x48f0e7], sa_mask[0]=11111111111111111111111111111111, sa_flags=SA_RESTART|SA_SIGINFO
SIGQUIT: [libjvm.dylib+0x48f0e7], sa_mask[0]=11111111111111111111111111111111, sa_flags=SA_RESTART|SA_SIGINFO


---------------  S Y S T E M  ---------------

OS:Bsduname:Darwin 22.3.0 Darwin Kernel Version 22.3.0: Mon Jan 30 20:38:37 PST 2023; root:xnu-8792.81.3~2/RELEASE_ARM64_T6000 x86_64
rlimit: STACK 8176k, CORE 0k, NPROC 5333, NOFILE 10240, AS infinity
load average:2.21 2.23 2.52

CPU:total 10 (initial active 10) (1 cores per cpu, 1 threads per core) family 6 model 44 stepping 0, cmov, cx8, fxsr, mmx, sse, sse2, sse3, ssse3, sse4.1, sse4.2, popcnt, aes, clmul, tsc, tscinvbit, tscinv

Memory: 4k page, physical 33554432k(63428k free)

/proc/meminfo:


vm_info: Java HotSpot(TM) 64-Bit Server VM (25.321-b07) for bsd-amd64 JRE (1.8.0_321-b07), built on Dec 15 2021 19:12:29 by "java_re" with gcc 4.2.1 Compatible Apple LLVM 11.0.0 (clang-1100.0.33.17)

time: Tue May  2 13:06:18 2023
timezone: EDT
elapsed time: 936.272585 seconds (0d 0h 15m 36s)

