#
# A fatal error has been detected by the Java Runtime Environment:
#
#  SIGBUS (0xa) at pc=0x000000010cba500e, pid=56613, tid=0x0000000000005103
#
# JRE version: Java(TM) SE Runtime Environment (8.0_321-b07) (build 1.8.0_321-b07)
# Java VM: Java HotSpot(TM) 64-Bit Server VM (25.321-b07 mixed mode bsd-amd64 compressed oops)
# Problematic frame:
# V  [libjvm.dylib+0x45600e]  BytecodeStream::next()+0x5e
#
# Failed to write core dump. Core dumps have been disabled. To enable core dumping, try "ulimit -c unlimited" before starting Java again
#
# If you would like to submit a bug report, please visit:
#   http://bugreport.java.com/bugreport/crash.jsp
#

---------------  T H R E A D  ---------------

Current thread (0x00007fba0d02d000):  VMThread [stack: 0x000000030aaf2000,0x000000030abf2000] [id=20739]

siginfo: si_signo: 10 (SIGBUS), si_code: 2 (BUS_ADRERR), si_addr: 0x0000000110e60200

Registers:
RAX=0x000000010ce5fe00, RBX=0x000000030abf17a8, RCX=0x000000010ce5fef0, RDX=0x00000000000000ce
RSP=0x000000030abf1750, RBP=0x000000030abf1780, RSI=0x000000000000011a, RDI=0x0000000134648798
R8 =0x0000000000000000, R9 =0x0000000000001508, R10=0x000000010ce6a36b, R11=0x000000010ce6a36b
R12=0x00000000000000ff, R13=0x0000000004000400, R14=0x00000000ffffffff, R15=0x0000000134648672
RIP=0x000000010cba500e, EFLAGS=0x0000000000000206, ERR=0x0000000000000004
  TRAPNO=0x000000000000000e

Top of Stack: (sp=0x000000030abf1750)
0x000000030abf1750:   00000000000000b9 000000030abf1798
0x000000030abf1760:   00007fba0d02d000 000000030abf1938
0x000000030abf1770:   000000030abf1950 000000030abf17a8
0x000000030abf1780:   000000030abf1800 000000010c9bc926
0x000000030abf1790:   000000030abf17e0 0000000134648798
0x000000030abf17a0:   00007fba0d02d000 0000000134648798
0x000000030abf17b0:   0000000134648798 00007fba0d02d000
0x000000030abf17c0:   0000011a0000011a 000000b90000015e
0x000000030abf17d0:   000000b9012c0000 e95dbb7bf797009f
0x000000030abf17e0:   0000000134648798 00007fba0d02d000
0x000000030abf17f0:   00007fba0d02d000 000000030abf1950
0x000000030abf1800:   000000030abf18a0 000000010c9c0698
0x000000030abf1810:   000000030abf0100 0000000000000000
0x000000030abf1820:   000000030abf1dd0 00007fba0d02d000
0x000000030abf1830:   0000000000000000 0000000000000000
0x000000030abf1840:   0000000000000000 00007fba3ec07800
0x000000030abf1850:   000000010cd66100 000000073e010000
0x000000030abf1860:   0000000134648798 0000000134648798
0x000000030abf1870:   00007fba0d02d000 000000030abf1938
0x000000030abf1880:   00007fba0d02d000 000000010ce42c78
0x000000030abf1890:   00007fba0d02d000 00007fba2d0453c0
0x000000030abf18a0:   000000030abf18f0 000000010cbd74b7
0x000000030abf18b0:   00006000012c8810 00007fba3ec07840
0x000000030abf18c0:   00007fba3ec07850 00007fba3ec07c28
0x000000030abf18d0:   00000000000003d8 0000000134648798
0x000000030abf18e0:   0000000000000000 00007fba2d0453c0
0x000000030abf18f0:   000000030abf1a70 000000010cbd7d60
0x000000030abf1900:   00007fba0d02d000 00006000009c8400
0x000000030abf1910:   00006000023cc000 00006000023cc010
0x000000030abf1920:   00006000023cc0e8 00000000000000d8
0x000000030abf1930:   000000030abf1d88 000000010ce27288
0x000000030abf1940:   0000000134648798 00007fba0d02d000 

Instructions: (pc=0x000000010cba500e)
0x000000010cba4fee:   4c 89 fe e8 94 7e c7 ff 41 89 c4 49 63 c4 48 8d
0x000000010cba4ffe:   0d ed ae 2b 00 4c 63 2c 81 48 8d 05 f2 ad 2b 00
0x000000010cba500e:   42 0f b6 04 28 83 e0 0f 84 c0 75 10 48 8b 7b 08
0x000000010cba501e:   4c 89 fe e8 ca f6 ff ff 85 c0 7e 0c 8b 53 18 8b 

Register to memory mapping:

RAX=0x000000010ce5fe00: _ZN9Bytecodes8_lengthsE+0 in /Library/Internet Plug-Ins/JavaAppletPlugin.plugin/Contents/Home/lib/server/libjvm.dylib at 0x000000010c74f000
RBX=0x000000030abf17a8 is an unknown value
RCX=0x000000010ce5fef0: _ZN9Bytecodes10_java_codeE+0 in /Library/Internet Plug-Ins/JavaAppletPlugin.plugin/Contents/Home/lib/server/libjvm.dylib at 0x000000010c74f000
RDX=0x00000000000000ce is an unknown value
RSP=0x000000030abf1750 is an unknown value
RBP=0x000000030abf1780 is an unknown value
RSI=0x000000000000011a is an unknown value
RDI={method} {0x0000000134648798} 'processJob' '(Lcom/bluehouseinc/dataconverter/parsers/esp/model/jobs/impl/EspZosJob;Lcom/bluehouseinc/dataconverter/model/impl/CsvOSJob;)V' in 'com/bluehouseinc/dataconverter/parsers/esp/model/EspToTidalTransformer2'
R8 =0x0000000000000000 is an unknown value
R9 =0x0000000000001508 is an unknown value
R10=0x000000010ce6a36b: AssumeMP+0 in /Library/Internet Plug-Ins/JavaAppletPlugin.plugin/Contents/Home/lib/server/libjvm.dylib at 0x000000010c74f000
R11=0x000000010ce6a36b: AssumeMP+0 in /Library/Internet Plug-Ins/JavaAppletPlugin.plugin/Contents/Home/lib/server/libjvm.dylib at 0x000000010c74f000
R12=0x00000000000000ff is an unknown value
R13=0x0000000004000400 is an unknown value
R14=0x00000000ffffffff is an unknown value
R15=0x0000000134648672 is pointing into metadata


Stack: [0x000000030aaf2000,0x000000030abf2000],  sp=0x000000030abf1750,  free space=1021k
Native frames: (J=compiled Java code, j=interpreted, Vv=VM code, C=native code)
V  [libjvm.dylib+0x45600e]  BytecodeStream::next()+0x5e
V  [libjvm.dylib+0x26d926]  RetTable::compute_ret_table(methodHandle)+0x136
V  [libjvm.dylib+0x271698]  GenerateOopMap::compute_map(Thread*)+0x1c8
V  [libjvm.dylib+0x4884b7]  OopMapForCacheEntry::compute_map(Thread*)+0x7f
V  [libjvm.dylib+0x488d60]  OopMapCacheEntry::fill(methodHandle, int)+0x186
V  [libjvm.dylib+0x48973a]  OopMapCache::lookup(methodHandle, int, InterpreterOopMap*) const+0x48e
V  [libjvm.dylib+0x2a021f]  InstanceKlass::mask_for(methodHandle, int, InterpreterOopMap*)+0xd3
V  [libjvm.dylib+0x451b7b]  Method::mask_for(int, InterpreterOopMap*)+0xb3
V  [libjvm.dylib+0x39d9cb]  VM_GetOrSetLocal::doit()+0x47
V  [libjvm.dylib+0x5a243e]  VM_Operation::evaluate()+0x46
V  [libjvm.dylib+0x5a19d1]  VMThread::evaluate_operation(VM_Operation*)+0x149
V  [libjvm.dylib+0x5a1415]  VMThread::loop()+0xb9
V  [libjvm.dylib+0x5a1250]  VMThread::run()+0x74
V  [libjvm.dylib+0x48e20f]  java_start(Thread*)+0xfa
C  [libsystem_pthread.dylib+0x6202]  _pthread_start+0x63
C  [libsystem_pthread.dylib+0x1bab]  thread_start+0xf

VM_Operation (0x000000030b10da98): GetOrSetLocal, mode: safepoint, requested by thread 0x00007fba3e009800


---------------  P R O C E S S  ---------------

Java Threads: ( => current thread )
  0x00007fba3d8ef000 JavaThread "Service Thread" daemon [_thread_blocked, id=25095, stack(0x000000030b723000,0x000000030b823000)]
  0x00007fba3f03d000 JavaThread "C1 CompilerThread3" daemon [_thread_blocked, id=24323, stack(0x000000030b620000,0x000000030b720000)]
  0x00007fba2d887000 JavaThread "C2 CompilerThread2" daemon [_thread_blocked, id=23811, stack(0x000000030b51d000,0x000000030b61d000)]
  0x00007fba3d8ee000 JavaThread "C2 CompilerThread1" daemon [_thread_blocked, id=30723, stack(0x000000030b41a000,0x000000030b51a000)]
  0x00007fba3d8ed000 JavaThread "C2 CompilerThread0" daemon [_thread_blocked, id=31315, stack(0x000000030b317000,0x000000030b417000)]
  0x00007fba3d00f000 JavaThread "JDWP Command Reader" daemon [_thread_in_native, id=23555, stack(0x000000030b214000,0x000000030b314000)]
  0x00007fba3f80e000 JavaThread "JDWP Event Helper Thread" daemon [_thread_blocked, id=32515, stack(0x000000030b111000,0x000000030b211000)]
  0x00007fba3e009800 JavaThread "JDWP Transport Listener: dt_socket" daemon [_thread_blocked, id=23051, stack(0x000000030b00e000,0x000000030b10e000)]
  0x00007fba0d034800 JavaThread "Signal Dispatcher" daemon [_thread_blocked, id=22531, stack(0x000000030af0b000,0x000000030b00b000)]
  0x00007fba3d00e000 JavaThread "Finalizer" daemon [_thread_blocked, id=20259, stack(0x000000030acf8000,0x000000030adf8000)]
  0x00007fba0d033800 JavaThread "Reference Handler" daemon [_thread_blocked, id=20515, stack(0x000000030abf5000,0x000000030acf5000)]
  0x00007fba2d008800 JavaThread "main" [_thread_blocked, id=9219, stack(0x000000030a0d4000,0x000000030a1d4000)]

Other Threads:
=>0x00007fba0d02d000 VMThread [stack: 0x000000030aaf2000,0x000000030abf2000] [id=20739]
  0x00007fba2d8ba800 WatcherThread [stack: 0x000000030b826000,0x000000030b926000] [id=29475]

VM state:at safepoint (normal execution)

VM Mutex/Monitor currently owned by a thread:  ([mutex/lock_event])
[0x00006000032d8f00] Threads_lock - owner thread: 0x00007fba0d02d000

heap address: 0x00000005c0000000, size: 8192 MB, Compressed Oops mode: Zero based, Oop shift amount: 3
Narrow klass base: 0x0000000000000000, Narrow klass shift: 3
Compressed class space size: 1073741824 Address: 0x00000007c0000000

Heap:
 PSYoungGen      total 924672K, used 646535K [0x0000000715580000, 0x000000074fe00000, 0x00000007c0000000)
  eden space 898560K, 69% used [0x0000000715580000,0x000000073b6a0cb0,0x000000074c300000)
  from space 26112K, 87% used [0x000000074df80000,0x000000074f5c1278,0x000000074f900000)
  to   space 29184K, 0% used [0x000000074c300000,0x000000074c300000,0x000000074df80000)
 ParOldGen       total 147968K, used 8498K [0x00000005c0000000, 0x00000005c9080000, 0x0000000715580000)
  object space 147968K, 5% used [0x00000005c0000000,0x00000005c084c8a8,0x00000005c9080000)
 Metaspace       used 28615K, capacity 30252K, committed 30464K, reserved 1075200K
  class space    used 3488K, capacity 3805K, committed 3840K, reserved 1048576K

Card table byte_map: [0x000000011d534000,0x000000011e535000] byte_map_base: 0x000000011a734000

Marking Bits: (ParMarkBitMap*) 0x000000010ce742e8
 Begin Bits: [0x000000011efe0000, 0x0000000126fe0000)
 End Bits:   [0x0000000126fe0000, 0x000000012efe0000)

Polling page: 0x000000010b414000

CodeCache: size=245760Kb used=14405Kb max_used=15873Kb free=231354Kb
 bounds [0x000000010e534000, 0x000000010f574000, 0x000000011d534000]
 total_blobs=4275 nmethods=3819 adapters=378
 compilation: enabled

Compilation events (10 events):
Event: 161.493 Thread 0x00007fba3f03d000 4720       3       com.bluehouseinc.dataconverter.parsers.esp.model.EspToTidalTransformer2$$Lambda$372/1042874081::accept (12 bytes)
Event: 161.494 Thread 0x00007fba3f03d000 nmethod 4720 0x000000010e825390 code [0x000000010e825520, 0x000000010e825978]
Event: 161.494 Thread 0x00007fba3d8ed000 4722       4       java.util.ArrayList::forEach (75 bytes)
Event: 161.494 Thread 0x00007fba3d8ee000 4723       4       java.util.ArrayList::remove (77 bytes)
Event: 161.495 Thread 0x00007fba2d887000 4724       4       java.util.ArrayList::fastRemove (57 bytes)
Event: 161.495 Thread 0x00007fba3d8ed000 nmethod 4722 0x000000010f352690 code [0x000000010f3527e0, 0x000000010f352a18]
Event: 161.495 Thread 0x00007fba3f03d000 4721       3       com.bluehouseinc.dataconverter.parsers.esp.model.EspToTidalTransformer2::lambda$5 (15 bytes)
Event: 161.496 Thread 0x00007fba3f03d000 nmethod 4721 0x000000010e79b5d0 code [0x000000010e79b780, 0x000000010e79bca8]
Event: 161.496 Thread 0x00007fba2d887000 nmethod 4724 0x000000010f345910 code [0x000000010f345a60, 0x000000010f345c78]
Event: 161.499 Thread 0x00007fba3d8ee000 nmethod 4723 0x000000010e67d2d0 code [0x000000010e67d460, 0x000000010e67d8d8]

GC Heap History (10 events):
Event: 2.620 GC heap before
{Heap before GC invocations=3 (full 1):
 PSYoungGen      total 284672K, used 5447K [0x0000000715580000, 0x0000000728080000, 0x00000007c0000000)
  eden space 263168K, 0% used [0x0000000715580000,0x0000000715580000,0x0000000725680000)
  from space 21504K, 25% used [0x0000000726b80000,0x00000007270d1d48,0x0000000728080000)
  to   space 21504K, 0% used [0x0000000725680000,0x0000000725680000,0x0000000726b80000)
 ParOldGen       total 349696K, used 16K [0x00000005c0000000, 0x00000005d5580000, 0x0000000715580000)
  object space 349696K, 0% used [0x00000005c0000000,0x00000005c0004000,0x00000005d5580000)
 Metaspace       used 20343K, capacity 21078K, committed 21248K, reserved 1067008K
  class space    used 2513K, capacity 2690K, committed 2816K, reserved 1048576K
Event: 2.637 GC heap after
Heap after GC invocations=3 (full 1):
 PSYoungGen      total 284672K, used 0K [0x0000000715580000, 0x0000000728080000, 0x00000007c0000000)
  eden space 263168K, 0% used [0x0000000715580000,0x0000000715580000,0x0000000725680000)
  from space 21504K, 0% used [0x0000000726b80000,0x0000000726b80000,0x0000000728080000)
  to   space 21504K, 0% used [0x0000000725680000,0x0000000725680000,0x0000000726b80000)
 ParOldGen       total 147968K, used 5258K [0x00000005c0000000, 0x00000005c9080000, 0x0000000715580000)
  object space 147968K, 3% used [0x00000005c0000000,0x00000005c05228a8,0x00000005c9080000)
 Metaspace       used 20343K, capacity 21078K, committed 21248K, reserved 1067008K
  class space    used 2513K, capacity 2690K, committed 2816K, reserved 1048576K
}
Event: 6.056 GC heap before
{Heap before GC invocations=4 (full 1):
 PSYoungGen      total 284672K, used 263168K [0x0000000715580000, 0x0000000728080000, 0x00000007c0000000)
  eden space 263168K, 100% used [0x0000000715580000,0x0000000725680000,0x0000000725680000)
  from space 21504K, 0% used [0x0000000726b80000,0x0000000726b80000,0x0000000728080000)
  to   space 21504K, 0% used [0x0000000725680000,0x0000000725680000,0x0000000726b80000)
 ParOldGen       total 147968K, used 5258K [0x00000005c0000000, 0x00000005c9080000, 0x0000000715580000)
  object space 147968K, 3% used [0x00000005c0000000,0x00000005c05228a8,0x00000005c9080000)
 Metaspace       used 26924K, capacity 28186K, committed 28416K, reserved 1075200K
  class space    used 3322K, capacity 3572K, committed 3584K, reserved 1048576K
Event: 6.071 GC heap after
Heap after GC invocations=4 (full 1):
 PSYoungGen      total 284672K, used 14687K [0x0000000715580000, 0x0000000736480000, 0x00000007c0000000)
  eden space 263168K, 0% used [0x0000000715580000,0x0000000715580000,0x0000000725680000)
  from space 21504K, 68% used [0x0000000725680000,0x00000007264d7fc0,0x0000000726b80000)
  to   space 21504K, 0% used [0x0000000734f80000,0x0000000734f80000,0x0000000736480000)
 ParOldGen       total 147968K, used 5266K [0x00000005c0000000, 0x00000005c9080000, 0x0000000715580000)
  object space 147968K, 3% used [0x00000005c0000000,0x00000005c05248a8,0x00000005c9080000)
 Metaspace       used 26924K, capacity 28186K, committed 28416K, reserved 1075200K
  class space    used 3322K, capacity 3572K, committed 3584K, reserved 1048576K
}
Event: 7.361 GC heap before
{Heap before GC invocations=5 (full 1):
 PSYoungGen      total 284672K, used 277855K [0x0000000715580000, 0x0000000736480000, 0x00000007c0000000)
  eden space 263168K, 100% used [0x0000000715580000,0x0000000725680000,0x0000000725680000)
  from space 21504K, 68% used [0x0000000725680000,0x00000007264d7fc0,0x0000000726b80000)
  to   space 21504K, 0% used [0x0000000734f80000,0x0000000734f80000,0x0000000736480000)
 ParOldGen       total 147968K, used 5266K [0x00000005c0000000, 0x00000005c9080000, 0x0000000715580000)
  object space 147968K, 3% used [0x00000005c0000000,0x00000005c05248a8,0x00000005c9080000)
 Metaspace       used 27553K, capacity 28940K, committed 29056K, reserved 1075200K
  class space    used 3366K, capacity 3649K, committed 3712K, reserved 1048576K
Event: 7.376 GC heap after
Heap after GC invocations=5 (full 1):
 PSYoungGen      total 504832K, used 12900K [0x0000000715580000, 0x0000000735e00000, 0x00000007c0000000)
  eden space 489984K, 0% used [0x0000000715580000,0x0000000715580000,0x0000000733400000)
  from space 14848K, 86% used [0x0000000734f80000,0x0000000735c19298,0x0000000735e00000)
  to   space 21504K, 0% used [0x0000000733400000,0x0000000733400000,0x0000000734900000)
 ParOldGen       total 147968K, used 5274K [0x00000005c0000000, 0x00000005c9080000, 0x0000000715580000)
  object space 147968K, 3% used [0x00000005c0000000,0x00000005c05268a8,0x00000005c9080000)
 Metaspace       used 27553K, capacity 28940K, committed 29056K, reserved 1075200K
  class space    used 3366K, capacity 3649K, committed 3712K, reserved 1048576K
}
Event: 8.872 GC heap before
{Heap before GC invocations=6 (full 1):
 PSYoungGen      total 504832K, used 502884K [0x0000000715580000, 0x0000000735e00000, 0x00000007c0000000)
  eden space 489984K, 100% used [0x0000000715580000,0x0000000733400000,0x0000000733400000)
  from space 14848K, 86% used [0x0000000734f80000,0x0000000735c19298,0x0000000735e00000)
  to   space 21504K, 0% used [0x0000000733400000,0x0000000733400000,0x0000000734900000)
 ParOldGen       total 147968K, used 5274K [0x00000005c0000000, 0x00000005c9080000, 0x0000000715580000)
  object space 147968K, 3% used [0x00000005c0000000,0x00000005c05268a8,0x00000005c9080000)
 Metaspace       used 27587K, capacity 29016K, committed 29312K, reserved 1075200K
  class space    used 3369K, capacity 3651K, committed 3712K, reserved 1048576K
Event: 8.896 GC heap after
Heap after GC invocations=6 (full 1):
 PSYoungGen      total 511488K, used 21492K [0x0000000715580000, 0x000000074f900000, 0x00000007c0000000)
  eden space 489984K, 0% used [0x0000000715580000,0x0000000715580000,0x0000000733400000)
  from space 21504K, 99% used [0x0000000733400000,0x00000007348fd288,0x0000000734900000)
  to   space 26112K, 0% used [0x000000074df80000,0x000000074df80000,0x000000074f900000)
 ParOldGen       total 147968K, used 8490K [0x00000005c0000000, 0x00000005c9080000, 0x0000000715580000)
  object space 147968K, 5% used [0x00000005c0000000,0x00000005c084a8a8,0x00000005c9080000)
 Metaspace       used 27587K, capacity 29016K, committed 29312K, reserved 1075200K
  class space    used 3369K, capacity 3651K, committed 3712K, reserved 1048576K
}
Event: 9.325 GC heap before
{Heap before GC invocations=7 (full 1):
 PSYoungGen      total 511488K, used 511476K [0x0000000715580000, 0x000000074f900000, 0x00000007c0000000)
  eden space 489984K, 100% used [0x0000000715580000,0x0000000733400000,0x0000000733400000)
  from space 21504K, 99% used [0x0000000733400000,0x00000007348fd288,0x0000000734900000)
  to   space 26112K, 0% used [0x000000074df80000,0x000000074df80000,0x000000074f900000)
 ParOldGen       total 147968K, used 8490K [0x00000005c0000000, 0x00000005c9080000, 0x0000000715580000)
  object space 147968K, 5% used [0x00000005c0000000,0x00000005c084a8a8,0x00000005c9080000)
 Metaspace       used 27643K, capacity 29058K, committed 29312K, reserved 1075200K
  class space    used 3375K, capacity 3658K, committed 3712K, reserved 1048576K
Event: 9.340 GC heap after
Heap after GC invocations=7 (full 1):
 PSYoungGen      total 924672K, used 22788K [0x0000000715580000, 0x000000074fe00000, 0x00000007c0000000)
  eden space 898560K, 0% used [0x0000000715580000,0x0000000715580000,0x000000074c300000)
  from space 26112K, 87% used [0x000000074df80000,0x000000074f5c1278,0x000000074f900000)
  to   space 29184K, 0% used [0x000000074c300000,0x000000074c300000,0x000000074df80000)
 ParOldGen       total 147968K, used 8498K [0x00000005c0000000, 0x00000005c9080000, 0x0000000715580000)
  object space 147968K, 5% used [0x00000005c0000000,0x00000005c084c8a8,0x00000005c9080000)
 Metaspace       used 27643K, capacity 29058K, committed 29312K, reserved 1075200K
  class space    used 3375K, capacity 3658K, committed 3712K, reserved 1048576K
}

Deoptimization events (10 events):
Event: 9.932 Thread 0x00007fba2d008800 Uncommon trap: reason=unhandled action=none pc=0x000000010ef82ebc method=java.net.URLClassLoader.findClass(Ljava/lang/String;)Ljava/lang/Class; @ 44
Event: 9.933 Thread 0x00007fba2d008800 Uncommon trap: reason=unhandled action=none pc=0x000000010ef82ebc method=java.net.URLClassLoader.findClass(Ljava/lang/String;)Ljava/lang/Class; @ 44
Event: 9.951 Thread 0x00007fba2d008800 Uncommon trap: reason=class_check action=maybe_recompile pc=0x000000010f458eac method=java.util.regex.Pattern$Dollar.match(Ljava/util/regex/Matcher;ILjava/lang/CharSequence;)Z @ 205
Event: 9.952 Thread 0x00007fba2d008800 Uncommon trap: reason=class_check action=maybe_recompile pc=0x000000010f458eac method=java.util.regex.Pattern$Dollar.match(Ljava/util/regex/Matcher;ILjava/lang/CharSequence;)Z @ 205
Event: 9.992 Thread 0x00007fba2d008800 Uncommon trap: reason=class_check action=maybe_recompile pc=0x000000010e64abb8 method=java.util.stream.StreamOpFlag.fromCharacteristics(Ljava/util/Spliterator;)I @ 14
Event: 10.205 Thread 0x00007fba2d008800 Uncommon trap: reason=unstable_if action=reinterpret pc=0x000000010e71ef7c method=java.lang.AbstractStringBuilder.append(Ljava/lang/String;)Ljava/lang/AbstractStringBuilder; @ 1
Event: 10.205 Thread 0x00007fba2d008800 Uncommon trap: reason=unstable_if action=reinterpret pc=0x000000010e9958d0 method=java.lang.AbstractStringBuilder.append(Z)Ljava/lang/AbstractStringBuilder; @ 1
Event: 55.607 Thread 0x00007fba2d008800 Uncommon trap: reason=class_check action=maybe_recompile pc=0x000000010e64abb8 method=java.util.stream.StreamOpFlag.fromCharacteristics(Ljava/util/Spliterator;)I @ 14
Event: 136.156 Thread 0x00007fba2d008800 Uncommon trap: reason=class_check action=maybe_recompile pc=0x000000010e64abb8 method=java.util.stream.StreamOpFlag.fromCharacteristics(Ljava/util/Spliterator;)I @ 14
Event: 160.124 Thread 0x00007fba2d008800 Uncommon trap: reason=class_check action=maybe_recompile pc=0x000000010e64abb8 method=java.util.stream.StreamOpFlag.fromCharacteristics(Ljava/util/Spliterator;)I @ 14

Classes redefined (2 events):
Event: 133.902 Thread 0x00007fba0d02d000 redefined class name=com.bluehouseinc.dataconverter.parsers.esp.model.EspToTidalTransformer2, count=1
Event: 215.105 Thread 0x00007fba0d02d000 redefined class name=com.bluehouseinc.dataconverter.parsers.esp.model.EspToTidalTransformer2, count=2

Internal exceptions (10 events):
Event: 3.796 Thread 0x00007fba2d008800 Exception <a 'java/lang/ClassNotFoundException': java/lang/ObjectCustomizer> (0x000000071bc5ae78) thrown at [/System/Volumes/Data/jenkins/workspace/8-2-build-macosx-x86_64/jdk8u321/2141/hotspot/src/share/vm/classfile/systemDictionary.cpp, line 212]
Event: 3.797 Thread 0x00007fba2d008800 Exception <a 'java/lang/ClassNotFoundException': com/bluehouseinc/dataconverter/api/importer/TidalImporterCustomizer> (0x000000071bc73740) thrown at [/System/Volumes/Data/jenkins/workspace/8-2-build-macosx-x86_64/jdk8u321/2141/hotspot/src/share/vm/classfi
Event: 4.138 Thread 0x00007fba2d008800 Exception <a 'java/lang/NoSuchMethodError': java.lang.Object.lambda$byAnnotation$0(Ljava/lang/Class;Ljava/lang/Class;)Z> (0x000000071eb8d0e8) thrown at [/System/Volumes/Data/jenkins/workspace/8-2-build-macosx-x86_64/jdk8u321/2141/hotspot/src/share/vm/inte
Event: 5.980 Thread 0x00007fba2d008800 Implicit null exception at 0x000000010f166401 to 0x000000010f166b59
Event: 6.096 Thread 0x00007fba0d717800 Implicit null exception at 0x000000010f19a8ae to 0x000000010f19aa89
Event: 6.098 Thread 0x00007fba0d717800 Implicit null exception at 0x000000010f1acdae to 0x000000010f1b0389
Event: 6.561 Thread 0x00007fba3f1d5000 Implicit null exception at 0x000000010f189ab0 to 0x000000010f18a219
Event: 9.763 Thread 0x00007fba3d93e000 Implicit null exception at 0x000000010f222c53 to 0x000000010f222d17
Event: 9.847 Thread 0x00007fba2d008800 Implicit null exception at 0x000000010e72d336 to 0x000000010e72d855
Event: 10.205 Thread 0x00007fba2d008800 Implicit null exception at 0x000000010e71ea76 to 0x000000010e71ef65

Events (10 events):
Event: 215.143 Executing VM operation: GetCurrentContendedMonitor done
Event: 215.143 Executing VM operation: GetOwnedMonitorInfo
Event: 215.143 Executing VM operation: GetOwnedMonitorInfo done
Event: 215.143 Executing VM operation: GetCurrentContendedMonitor
Event: 215.143 Executing VM operation: GetCurrentContendedMonitor done
Event: 215.144 Executing VM operation: GetCurrentContendedMonitor
Event: 215.144 Executing VM operation: GetCurrentContendedMonitor done
Event: 215.144 Executing VM operation: GetOwnedMonitorInfo
Event: 215.144 Executing VM operation: GetOwnedMonitorInfo done
Event: 215.172 Executing VM operation: GetOrSetLocal


Dynamic libraries:
0x00007ff8366e2000 	/System/Library/Frameworks/Cocoa.framework/Versions/A/Cocoa
0x00007ff81ec0d000 	/System/Library/Frameworks/AppKit.framework/Versions/C/AppKit
0x00007ff821f39000 	/System/Library/Frameworks/CoreData.framework/Versions/A/CoreData
0x00007ff81c580000 	/System/Library/Frameworks/Foundation.framework/Versions/C/Foundation
0x00007ff828ac2000 	/usr/lib/libSystem.B.dylib
0x00007ff82000f000 	/System/Library/PrivateFrameworks/UIFoundation.framework/Versions/A/UIFoundation
0x00007ffb20d36000 	/System/Library/PrivateFrameworks/CollectionViewCore.framework/Versions/A/CollectionViewCore
0x00007ff83004d000 	/System/Library/PrivateFrameworks/RemoteViewServices.framework/Versions/A/RemoteViewServices
0x00007ff826694000 	/System/Library/PrivateFrameworks/XCTTargetBootstrap.framework/Versions/A/XCTTargetBootstrap
0x00007ff82b53a000 	/System/Library/PrivateFrameworks/InternationalSupport.framework/Versions/A/InternationalSupport
0x00007ff82b5c3000 	/System/Library/PrivateFrameworks/UserActivity.framework/Versions/A/UserActivity
0x00007ffc21ddf000 	/System/Library/PrivateFrameworks/WindowManagement.framework/Versions/A/WindowManagement
0x00007ff81c239000 	/System/Library/Frameworks/SystemConfiguration.framework/Versions/A/SystemConfiguration
0x00007ff82a8ff000 	/usr/lib/libspindump.dylib
0x00007ff8201eb000 	/System/Library/Frameworks/UniformTypeIdentifiers.framework/Versions/A/UniformTypeIdentifiers
0x00007ff8246df000 	/usr/lib/libapp_launch_measurement.dylib
0x00007ff8233cd000 	/System/Library/PrivateFrameworks/CoreAnalytics.framework/Versions/A/CoreAnalytics
0x00007ff8246e2000 	/System/Library/PrivateFrameworks/CoreAutoLayout.framework/Versions/A/CoreAutoLayout
0x00007ff825f0c000 	/System/Library/Frameworks/Metal.framework/Versions/A/Metal
0x00007ff826e5a000 	/usr/lib/liblangid.dylib
0x00007ff826699000 	/System/Library/PrivateFrameworks/CoreSVG.framework/Versions/A/CoreSVG
0x00007ff820b9c000 	/System/Library/PrivateFrameworks/SkyLight.framework/Versions/A/SkyLight
0x00007ff820fef000 	/System/Library/Frameworks/CoreGraphics.framework/Versions/A/CoreGraphics
0x00007ff8307a1000 	/System/Library/Frameworks/Accelerate.framework/Versions/A/Accelerate
0x00007ff82a763000 	/System/Library/PrivateFrameworks/IconServices.framework/Versions/A/IconServices
0x00007ff825eed000 	/System/Library/Frameworks/IOSurface.framework/Versions/A/IOSurface
0x00007ff8233f9000 	/usr/lib/libDiagnosticMessagesClient.dylib
0x00007ff8289d1000 	/usr/lib/libz.1.dylib
0x00007ff83410f000 	/System/Library/Frameworks/ApplicationServices.framework/Versions/A/ApplicationServices
0x00007ff826680000 	/System/Library/PrivateFrameworks/DFRFoundation.framework/Versions/A/DFRFoundation
0x00007ff81e4cb000 	/usr/lib/libicucore.A.dylib
0x00007ff82c4ff000 	/System/Library/Frameworks/AudioToolbox.framework/Versions/A/AudioToolbox
0x00007ff82b546000 	/System/Library/PrivateFrameworks/DataDetectorsCore.framework/Versions/A/DataDetectorsCore
0x00007ff924cc3000 	/System/Library/PrivateFrameworks/TextInput.framework/Versions/A/TextInput
0x00007ff820af6000 	/usr/lib/libMobileGestalt.dylib
0x00007ff8263e4000 	/System/Library/Frameworks/Carbon.framework/Versions/A/Frameworks/HIToolbox.framework/Versions/A/HIToolbox
0x00007ff824024000 	/System/Library/Frameworks/QuartzCore.framework/Versions/A/QuartzCore
0x00007ff81e12f000 	/System/Library/Frameworks/Security.framework/Versions/A/Security
0x00007ff830085000 	/System/Library/Frameworks/Carbon.framework/Versions/A/Frameworks/SpeechRecognition.framework/Versions/A/SpeechRecognition
0x00007ff824414000 	/System/Library/PrivateFrameworks/CoreUI.framework/Versions/A/CoreUI
0x00007ff81da23000 	/System/Library/Frameworks/CoreAudio.framework/Versions/A/CoreAudio
0x00007ff8234d9000 	/System/Library/Frameworks/DiskArbitration.framework/Versions/A/DiskArbitration
0x00007ff82ad2b000 	/System/Library/PrivateFrameworks/MultitouchSupport.framework/Versions/A/MultitouchSupport
0x00007ff820af5000 	/usr/lib/libenergytrace.dylib
0x00007ff83a9af000 	/System/Library/PrivateFrameworks/RenderBox.framework/Versions/A/RenderBox
0x00007ff81eae6000 	/System/Library/Frameworks/IOKit.framework/Versions/A/IOKit
0x00007ff83049d000 	/System/Library/Frameworks/CoreServices.framework/Versions/A/CoreServices
0x00007ff824677000 	/System/Library/PrivateFrameworks/PerformanceAnalysis.framework/Versions/A/PerformanceAnalysis
0x00007ffa330eb000 	/System/Library/Frameworks/OpenGL.framework/Versions/A/OpenGL
0x00007ff82472b000 	/usr/lib/libxml2.2.dylib
0x00007ff827e0e000 	/System/Library/PrivateFrameworks/MobileKeyBag.framework/Versions/A/MobileKeyBag
0x00007ff81b238000 	/usr/lib/libobjc.A.dylib
0x00007ff81b530000 	/usr/lib/libc++.1.dylib
0x00007ff830414000 	/System/Library/Frameworks/Accessibility.framework/Versions/A/Accessibility
0x00007ff821881000 	/System/Library/Frameworks/ColorSync.framework/Versions/A/ColorSync
0x00007ff81b668000 	/System/Library/Frameworks/CoreFoundation.framework/Versions/A/CoreFoundation
0x00007ff8269ff000 	/System/Library/Frameworks/CoreImage.framework/Versions/A/CoreImage
0x00007ff81d81e000 	/System/Library/Frameworks/CoreText.framework/Versions/A/CoreText
0x00007ffa375dc000 	/System/Library/Frameworks/CoreTransferable.framework/Versions/A/CoreTransferable
0x00007ffa37a25000 	/System/Library/Frameworks/DeveloperToolsSupport.framework/Versions/A/DeveloperToolsSupport
0x00007ff8266d0000 	/System/Library/Frameworks/ImageIO.framework/Versions/A/ImageIO
0x00007ffb1bd71000 	/System/Library/Frameworks/Symbols.framework/Versions/A/Symbols
0x00007ff828ac8000 	/System/Library/PrivateFrameworks/SoftLinking.framework/Versions/A/SoftLinking
0x00007ff82bf77000 	/usr/lib/swift/libswiftCore.dylib
0x00007ff9219bb000 	/usr/lib/swift/libswiftCoreFoundation.dylib
0x00007ff91f905000 	/usr/lib/swift/libswiftCoreGraphics.dylib
0x00007ff9219f8000 	/usr/lib/swift/libswiftCoreImage.dylib
0x00007ff91f90c000 	/usr/lib/swift/libswiftDarwin.dylib
0x00007ff831e0a000 	/usr/lib/swift/libswiftDispatch.dylib
0x00007ff9219f9000 	/usr/lib/swift/libswiftIOKit.dylib
0x00007ff92d8e3000 	/usr/lib/swift/libswiftMetal.dylib
0x00007ff93a2ba000 	/usr/lib/swift/libswiftOSLog.dylib
0x00007ff834572000 	/usr/lib/swift/libswiftObjectiveC.dylib
0x00007ff9314cd000 	/usr/lib/swift/libswiftQuartzCore.dylib
0x00007ff93551f000 	/usr/lib/swift/libswiftUniformTypeIdentifiers.dylib
0x00007ff9219cb000 	/usr/lib/swift/libswiftXPC.dylib
0x00007ffc2a480000 	/usr/lib/swift/libswift_Concurrency.dylib
0x00007ff834576000 	/usr/lib/swift/libswiftos.dylib
0x00007ff924c25000 	/usr/lib/swift/libswiftsimd.dylib
0x00007ff828c5f000 	/usr/lib/libcompression.dylib
0x00007ff82b47a000 	/System/Library/PrivateFrameworks/TextureIO.framework/Versions/A/TextureIO
0x00007ff82a371000 	/usr/lib/libate.dylib
0x00007ff828abc000 	/usr/lib/system/libcache.dylib
0x00007ff828a77000 	/usr/lib/system/libcommonCrypto.dylib
0x00007ff828aa0000 	/usr/lib/system/libcompiler_rt.dylib
0x00007ff828a96000 	/usr/lib/system/libcopyfile.dylib
0x00007ff81b379000 	/usr/lib/system/libcorecrypto.dylib
0x00007ff81b45e000 	/usr/lib/system/libdispatch.dylib
0x00007ff81b60f000 	/usr/lib/system/libdyld.dylib
0x00007ff828ab2000 	/usr/lib/system/libkeymgr.dylib
0x00007ff828a53000 	/usr/lib/system/libmacho.dylib
0x00007ff827ee8000 	/usr/lib/system/libquarantine.dylib
0x00007ff828ab0000 	/usr/lib/system/libremovefile.dylib
0x00007ff820b67000 	/usr/lib/system/libsystem_asl.dylib
0x00007ff81b317000 	/usr/lib/system/libsystem_blocks.dylib
0x00007ff81b4a8000 	/usr/lib/system/libsystem_c.dylib
0x00007ff828aa8000 	/usr/lib/system/libsystem_collections.dylib
0x00007ff826e4a000 	/usr/lib/system/libsystem_configuration.dylib
0x00007ff825ec4000 	/usr/lib/system/libsystem_containermanager.dylib
0x00007ff8286ad000 	/usr/lib/system/libsystem_coreservices.dylib
0x00007ff81e760000 	/usr/lib/system/libsystem_darwin.dylib
0x00007ffc2a79c000 	/usr/lib/system/libsystem_darwindirectory.dylib
0x00007ff828ab3000 	/usr/lib/system/libsystem_dnssd.dylib
0x00007ff81b4a5000 	/usr/lib/system/libsystem_featureflags.dylib
0x00007ff81b63d000 	/usr/lib/system/libsystem_info.dylib
0x00007ff8289e5000 	/usr/lib/system/libsystem_m.dylib
0x00007ff81b425000 	/usr/lib/system/libsystem_malloc.dylib
0x00007ff820add000 	/usr/lib/system/libsystem_networkextension.dylib
0x00007ff81eba9000 	/usr/lib/system/libsystem_notify.dylib
0x00007ff826e4e000 	/usr/lib/system/libsystem_sandbox.dylib
0x00007ff828aad000 	/usr/lib/system/libsystem_secinit.dylib
0x00007ff81b5c8000 	/usr/lib/system/libsystem_kernel.dylib
0x00007ff81b633000 	/usr/lib/system/libsystem_platform.dylib
0x00007ff81b603000 	/usr/lib/system/libsystem_pthread.dylib
0x00007ff8227aa000 	/usr/lib/system/libsystem_symptoms.dylib
0x00007ff81b35f000 	/usr/lib/system/libsystem_trace.dylib
0x00007ff828a83000 	/usr/lib/system/libunwind.dylib
0x00007ff81b31b000 	/usr/lib/system/libxpc.dylib
0x00007ff81b5af000 	/usr/lib/libc++abi.dylib
0x00007ff828a8e000 	/usr/lib/liboah.dylib
0x00007ff82a0fe000 	/usr/lib/liblzma.5.dylib
0x00007ff828ac4000 	/usr/lib/libfakelink.dylib
0x00007ff820730000 	/System/Library/Frameworks/CFNetwork.framework/Versions/A/CFNetwork
0x00007ff828b16000 	/usr/lib/libarchive.2.dylib
0x00007ff82e2ff000 	/System/Library/Frameworks/Combine.framework/Versions/A/Combine
0x00007ffb20d4b000 	/System/Library/PrivateFrameworks/CollectionsInternal.framework/Versions/A/CollectionsInternal
0x00007ffb35df8000 	/System/Library/PrivateFrameworks/ReflectionInternal.framework/Versions/A/ReflectionInternal
0x00007ffb363db000 	/System/Library/PrivateFrameworks/RuntimeInternal.framework/Versions/A/RuntimeInternal
0x00007ffc2a5bb000 	/usr/lib/swift/libswift_StringProcessing.dylib
0x00007ff81ea65000 	/System/Library/PrivateFrameworks/CoreServicesInternal.framework/Versions/A/CoreServicesInternal
0x00007ff827f0f000 	/usr/lib/libbsm.0.dylib
0x00007ff828a5b000 	/usr/lib/system/libkxld.dylib
0x00007ff8246ab000 	/System/Library/Frameworks/CoreServices.framework/Versions/A/Frameworks/FSEvents.framework/Versions/A/FSEvents
0x00007ff81e76b000 	/System/Library/Frameworks/CoreServices.framework/Versions/A/Frameworks/CarbonCore.framework/Versions/A/CarbonCore
0x00007ff823441000 	/System/Library/Frameworks/CoreServices.framework/Versions/A/Frameworks/Metadata.framework/Versions/A/Metadata
0x00007ff8286b3000 	/System/Library/Frameworks/CoreServices.framework/Versions/A/Frameworks/OSServices.framework/Versions/A/OSServices
0x00007ff828b9f000 	/System/Library/Frameworks/CoreServices.framework/Versions/A/Frameworks/SearchKit.framework/Versions/A/SearchKit
0x00007ff822730000 	/System/Library/Frameworks/CoreServices.framework/Versions/A/Frameworks/AE.framework/Versions/A/AE
0x00007ff81bb01000 	/System/Library/Frameworks/CoreServices.framework/Versions/A/Frameworks/LaunchServices.framework/Versions/A/LaunchServices
0x00007ff82a0af000 	/System/Library/Frameworks/CoreServices.framework/Versions/A/Frameworks/DictionaryServices.framework/Versions/A/DictionaryServices
0x00007ff8246b8000 	/System/Library/Frameworks/CoreServices.framework/Versions/A/Frameworks/SharedFileList.framework/Versions/A/SharedFileList
0x00007ff828c29000 	/usr/lib/libapple_nghttp2.dylib
0x00007ff8223ca000 	/usr/lib/libsqlite3.dylib
0x00007ff8227b2000 	/System/Library/Frameworks/Network.framework/Versions/A/Network
0x00007ffc28e40000 	/usr/lib/libCoreEntitlements.dylib
0x00007ffb31a82000 	/System/Library/PrivateFrameworks/MessageSecurity.framework/Versions/A/MessageSecurity
0x00007ff8223b1000 	/System/Library/PrivateFrameworks/ProtocolBuffer.framework/Versions/A/ProtocolBuffer
0x00007ff8285d0000 	/System/Library/PrivateFrameworks/AppleFSCompression.framework/Versions/A/AppleFSCompression
0x00007ff827ef7000 	/usr/lib/libcoretls.dylib
0x00007ff82a117000 	/usr/lib/libcoretls_cfhelpers.dylib
0x00007ff828c59000 	/usr/lib/libpam.2.dylib
0x00007ff82a18f000 	/usr/lib/libxar.1.dylib
0x00007ff82a73c000 	/usr/lib/libheimdal-asn1.dylib
0x00007ff82072f000 	/usr/lib/libnetwork.dylib
0x00007ff828ac9000 	/usr/lib/libpcap.A.dylib
0x00007ff8227a0000 	/usr/lib/libdns_services.dylib
0x00007ffc2a507000 	/usr/lib/swift/libswift_RegexParser.dylib
0x00007ff826e55000 	/System/Library/PrivateFrameworks/AppleSystemInfo.framework/Versions/A/AppleSystemInfo
0x00007ff827c13000 	/System/Library/PrivateFrameworks/IOMobileFramebuffer.framework/Versions/A/IOMobileFramebuffer
0x00007ff82869e000 	/usr/lib/libbz2.1.0.dylib
0x00007ff827eeb000 	/usr/lib/libCheckFix.dylib
0x00007ff820b7e000 	/System/Library/PrivateFrameworks/TCC.framework/Versions/A/TCC
0x00007ff826e5c000 	/System/Library/PrivateFrameworks/CoreNLP.framework/Versions/A/CoreNLP
0x00007ff8233fb000 	/System/Library/PrivateFrameworks/MetadataUtilities.framework/Versions/A/MetadataUtilities
0x00007ff827f1f000 	/usr/lib/libmecab.dylib
0x00007ff81c2c0000 	/usr/lib/libCRFSuite.dylib
0x00007ff827f78000 	/usr/lib/libgermantok.dylib
0x00007ff828c05000 	/usr/lib/libThaiTokenizer.dylib
0x00007ff8234e1000 	/System/Library/Frameworks/Accelerate.framework/Versions/A/Frameworks/vImage.framework/Versions/A/vImage
0x00007ff830470000 	/System/Library/Frameworks/Accelerate.framework/Versions/A/Frameworks/vecLib.framework/Versions/A/vecLib
0x00007ff82a1d1000 	/System/Library/Frameworks/Accelerate.framework/Versions/A/Frameworks/vecLib.framework/Versions/A/libvMisc.dylib
0x00007ff8279e4000 	/System/Library/Frameworks/Accelerate.framework/Versions/A/Frameworks/vecLib.framework/Versions/A/libvDSP.dylib
0x00007ff81bf06000 	/System/Library/Frameworks/Accelerate.framework/Versions/A/Frameworks/vecLib.framework/Versions/A/libBLAS.dylib
0x00007ff828d3f000 	/System/Library/Frameworks/Accelerate.framework/Versions/A/Frameworks/vecLib.framework/Versions/A/libLAPACK.dylib
0x00007ff827f7b000 	/System/Library/Frameworks/Accelerate.framework/Versions/A/Frameworks/vecLib.framework/Versions/A/libLinearAlgebra.dylib
0x00007ff828c44000 	/System/Library/Frameworks/Accelerate.framework/Versions/A/Frameworks/vecLib.framework/Versions/A/libSparseBLAS.dylib
0x00007ff828d39000 	/System/Library/Frameworks/Accelerate.framework/Versions/A/Frameworks/vecLib.framework/Versions/A/libQuadrature.dylib
0x00007ff826f6b000 	/System/Library/Frameworks/Accelerate.framework/Versions/A/Frameworks/vecLib.framework/Versions/A/libBNNS.dylib
0x00007ff81c1c1000 	/System/Library/Frameworks/Accelerate.framework/Versions/A/Frameworks/vecLib.framework/Versions/A/libSparse.dylib
0x00007ffb303db000 	/System/Library/PrivateFrameworks/MIL.framework/Versions/A/MIL
0x00007ff828afe000 	/usr/lib/libiconv.2.dylib
0x00007ff828a4f000 	/usr/lib/libcharset.1.dylib
0x00007ff82468f000 	/System/Library/Frameworks/OpenDirectory.framework/Versions/A/Frameworks/CFOpenDirectory.framework/Versions/A/CFOpenDirectory
0x00007ff824683000 	/System/Library/Frameworks/OpenDirectory.framework/Versions/A/OpenDirectory
0x00007ff82a119000 	/System/Library/PrivateFrameworks/APFS.framework/Versions/A/APFS
0x00007ff827e31000 	/System/Library/Frameworks/SecurityFoundation.framework/Versions/A/SecurityFoundation
0x00007ff82a19d000 	/usr/lib/libutil.dylib
0x00007ffb2e8d8000 	/System/Library/PrivateFrameworks/InstalledContentLibrary.framework/Versions/A/InstalledContentLibrary
0x00007ff81eaa6000 	/System/Library/PrivateFrameworks/CoreServicesStore.framework/Versions/A/CoreServicesStore
0x00007ffb1ec9f000 	/System/Library/PrivateFrameworks/AppleMobileFileIntegrity.framework/Versions/A/AppleMobileFileIntegrity
0x00007ff92199b000 	/usr/lib/libmis.dylib
0x00007ff931992000 	/System/Library/PrivateFrameworks/MobileSystemServices.framework/Versions/A/MobileSystemServices
0x00007ffa2ed43000 	/System/Library/PrivateFrameworks/ConfigProfileHelper.framework/Versions/A/ConfigProfileHelper
0x00007ff828c07000 	/System/Library/PrivateFrameworks/AppleSauce.framework/Versions/A/AppleSauce
0x00007ff81d1be000 	/System/Library/PrivateFrameworks/LanguageModeling.framework/Versions/A/LanguageModeling
0x00007ff82a1a1000 	/usr/lib/libxslt.1.dylib
0x00007ff828b05000 	/usr/lib/libcmph.dylib
0x00007ff827be2000 	/System/Library/PrivateFrameworks/CoreEmoji.framework/Versions/A/CoreEmoji
0x00007ff826f66000 	/System/Library/PrivateFrameworks/LinguisticData.framework/Versions/A/LinguisticData
0x00007ff81c0de000 	/System/Library/PrivateFrameworks/Lexicon.framework/Versions/A/Lexicon
0x00007ff827eba000 	/System/Library/PrivateFrameworks/BackgroundTaskManagement.framework/Versions/A/BackgroundTaskManagement
0x00007ffc28fbb000 	/usr/lib/libTLE.dylib
0x00007ff82abf3000 	/System/Library/PrivateFrameworks/AppleJPEG.framework/Versions/A/AppleJPEG
0x00007ff82a721000 	/usr/lib/libexpat.1.dylib
0x00007ff82b2d4000 	/System/Library/Frameworks/ImageIO.framework/Versions/A/Resources/libPng.dylib
0x00007ff82b301000 	/System/Library/Frameworks/ImageIO.framework/Versions/A/Resources/libTIFF.dylib
0x00007ff82b3f3000 	/System/Library/Frameworks/ImageIO.framework/Versions/A/Resources/libGIF.dylib
0x00007ff82ac3f000 	/System/Library/Frameworks/ImageIO.framework/Versions/A/Resources/libJP2.dylib
0x00007ff82b393000 	/System/Library/Frameworks/ImageIO.framework/Versions/A/Resources/libJPEG.dylib
0x00007ff82b38a000 	/System/Library/Frameworks/ImageIO.framework/Versions/A/Resources/libRadiance.dylib
0x00007ff826284000 	/System/Library/PrivateFrameworks/FontServices.framework/libFontParser.dylib
0x00007ff8226d2000 	/System/Library/PrivateFrameworks/RunningBoardServices.framework/Versions/A/RunningBoardServices
0x00007ff836dda000 	/System/Library/PrivateFrameworks/IOSurfaceAccelerator.framework/Versions/A/IOSurfaceAccelerator
0x00007ff82ad27000 	/System/Library/PrivateFrameworks/WatchdogClient.framework/Versions/A/WatchdogClient
0x00007ff81d385000 	/System/Library/Frameworks/CoreDisplay.framework/Versions/A/CoreDisplay
0x00007ff826158000 	/System/Library/Frameworks/CoreMedia.framework/Versions/A/CoreMedia
0x00007ff825f03000 	/System/Library/PrivateFrameworks/IOAccelerator.framework/Versions/A/IOAccelerator
0x00007ff82480a000 	/System/Library/Frameworks/CoreVideo.framework/Versions/A/CoreVideo
0x00007ff828c57000 	/System/Library/Frameworks/MetalPerformanceShaders.framework/Versions/A/MetalPerformanceShaders
0x00007ff82ad68000 	/System/Library/Frameworks/VideoToolbox.framework/Versions/A/VideoToolbox
0x00007ff824896000 	/System/Library/PrivateFrameworks/UserManagement.framework/Versions/A/UserManagement
0x00007ff822604000 	/System/Library/PrivateFrameworks/BaseBoard.framework/Versions/A/BaseBoard
0x00007ff826e54000 	/System/Library/PrivateFrameworks/AggregateDictionary.framework/Versions/A/AggregateDictionary
0x00007ffb1ec27000 	/System/Library/PrivateFrameworks/AppleKeyStore.framework/Versions/A/AppleKeyStore
0x00007ff82b383000 	/System/Library/PrivateFrameworks/GPUWrangler.framework/Versions/A/GPUWrangler
0x00007ff82b367000 	/System/Library/PrivateFrameworks/IOPresentment.framework/Versions/A/IOPresentment
0x00007ff82b38d000 	/System/Library/PrivateFrameworks/DSExternalDisplay.framework/Versions/A/DSExternalDisplay
0x00007ffb2a8eb000 	/System/Library/PrivateFrameworks/GPUCompiler.framework/Versions/32023/Libraries/libllvm-flatbuffers.dylib
0x00007ffa330df000 	/System/Library/Frameworks/OpenGL.framework/Versions/A/Libraries/libCoreFSCache.dylib
0x00007ffb2748b000 	/System/Library/PrivateFrameworks/GPUCompiler.framework/Versions/32023/Libraries/libGPUCompilerUtils.dylib
0x00007ff82b3f9000 	/System/Library/PrivateFrameworks/CMCaptureCore.framework/Versions/A/CMCaptureCore
0x00007ffa37b08000 	/System/Library/Frameworks/ExtensionFoundation.framework/Versions/A/ExtensionFoundation
0x00007ff83262d000 	/System/Library/PrivateFrameworks/CoreTime.framework/Versions/A/CoreTime
0x00007ff82a8e9000 	/System/Library/PrivateFrameworks/AppServerSupport.framework/Versions/A/AppServerSupport
0x00007ff82ce4a000 	/System/Library/PrivateFrameworks/perfdata.framework/Versions/A/perfdata
0x00007ff81d4b1000 	/System/Library/PrivateFrameworks/AudioToolboxCore.framework/Versions/A/AudioToolboxCore
0x00007ff826132000 	/System/Library/PrivateFrameworks/caulk.framework/Versions/A/caulk
0x00007ff82c6ed000 	/usr/lib/libAudioStatistics.dylib
0x00007ff920d9c000 	/System/Library/PrivateFrameworks/SystemPolicy.framework/Versions/A/SystemPolicy
0x00007ff82c9b4000 	/usr/lib/libSMC.dylib
0x00007ff836546000 	/System/Library/Frameworks/CoreMIDI.framework/Versions/A/CoreMIDI
0x00007ff82b29b000 	/usr/lib/libAudioToolboxUtility.dylib
0x00007ff91c8aa000 	/System/Library/PrivateFrameworks/OSAServicesClient.framework/Versions/A/OSAServicesClient
0x00007ff82ce57000 	/usr/lib/libperfcheck.dylib
0x00007ff82a602000 	/System/Library/PrivateFrameworks/PlugInKit.framework/Versions/A/PlugInKit
0x00007ff827e24000 	/System/Library/PrivateFrameworks/AssertionServices.framework/Versions/A/AssertionServices
0x00007ffa1df23000 	/System/Library/PrivateFrameworks/Symbolication.framework/Versions/A/Symbolication
0x00007ffb34f84000 	/System/Library/PrivateFrameworks/PhotosensitivityProcessing.framework/Versions/A/PhotosensitivityProcessing
0x00007ffa33db3000 	/System/Library/Frameworks/OpenCL.framework/Versions/A/OpenCL
0x00007ff82a894000 	/System/Library/PrivateFrameworks/GraphVisualizer.framework/Versions/A/GraphVisualizer
0x00007ffa3313c000 	/System/Library/Frameworks/OpenGL.framework/Versions/A/Libraries/libGLU.dylib
0x00007ffa330fe000 	/System/Library/Frameworks/OpenGL.framework/Versions/A/Libraries/libGFXShared.dylib
0x00007ffa332fb000 	/System/Library/Frameworks/OpenGL.framework/Versions/A/Libraries/libGL.dylib
0x00007ffa33106000 	/System/Library/Frameworks/OpenGL.framework/Versions/A/Libraries/libGLImage.dylib
0x00007ffa330fb000 	/System/Library/Frameworks/OpenGL.framework/Versions/A/Libraries/libCVMSPluginSupport.dylib
0x00007ffc28f75000 	/usr/lib/libRosetta.dylib
0x00007ffa330e6000 	/System/Library/Frameworks/OpenGL.framework/Versions/A/Libraries/libCoreVMClient.dylib
0x00007ffb255ca000 	/System/Library/PrivateFrameworks/FontServices.framework/Versions/A/FontServices
0x00007ff82a8a3000 	/System/Library/PrivateFrameworks/OTSVG.framework/Versions/A/OTSVG
0x00007ff8243c8000 	/System/Library/Frameworks/ApplicationServices.framework/Versions/A/Frameworks/ATS.framework/Versions/A/Resources/libFontRegistry.dylib
0x00007ff82a8f3000 	/System/Library/PrivateFrameworks/FontServices.framework/libhvf.dylib
0x00007ffb255cb000 	/System/Library/PrivateFrameworks/FontServices.framework/libXTFontStaticRegistryData.dylib
0x00007ff826dc9000 	/System/Library/Frameworks/MetalPerformanceShaders.framework/Versions/A/Frameworks/MPSCore.framework/Versions/A/MPSCore
0x00007ff828536000 	/System/Library/Frameworks/MetalPerformanceShaders.framework/Versions/A/Frameworks/MPSImage.framework/Versions/A/MPSImage
0x00007ff827f91000 	/System/Library/Frameworks/MetalPerformanceShaders.framework/Versions/A/Frameworks/MPSNeuralNetwork.framework/Versions/A/MPSNeuralNetwork
0x00007ff82840a000 	/System/Library/Frameworks/MetalPerformanceShaders.framework/Versions/A/Frameworks/MPSMatrix.framework/Versions/A/MPSMatrix
0x00007ff8281bd000 	/System/Library/Frameworks/MetalPerformanceShaders.framework/Versions/A/Frameworks/MPSRayIntersector.framework/Versions/A/MPSRayIntersector
0x00007ff828445000 	/System/Library/Frameworks/MetalPerformanceShaders.framework/Versions/A/Frameworks/MPSNDArray.framework/Versions/A/MPSNDArray
0x00007ffa394aa000 	/System/Library/Frameworks/MetalPerformanceShaders.framework/Versions/A/Frameworks/MPSFunctions.framework/Versions/A/MPSFunctions
0x00007ffa3948c000 	/System/Library/Frameworks/MetalPerformanceShaders.framework/Versions/A/Frameworks/MPSBenchmarkLoop.framework/Versions/A/MPSBenchmarkLoop
0x00007ff81bdb6000 	/System/Library/PrivateFrameworks/MetalTools.framework/Versions/A/MetalTools
0x00007ff925f76000 	/System/Library/PrivateFrameworks/IOAccelMemoryInfo.framework/Versions/A/IOAccelMemoryInfo
0x00007ff9318a4000 	/System/Library/PrivateFrameworks/kperf.framework/Versions/A/kperf
0x00007ff9219ae000 	/System/Library/PrivateFrameworks/GPURawCounter.framework/Versions/A/GPURawCounter
0x00007ff832521000 	/System/Library/PrivateFrameworks/CoreSymbolication.framework/Versions/A/CoreSymbolication
0x00007ff92196c000 	/System/Library/PrivateFrameworks/MallocStackLogging.framework/Versions/A/MallocStackLogging
0x00007ff82a4a9000 	/System/Library/PrivateFrameworks/CrashReporterSupport.framework/Versions/A/CrashReporterSupport
0x00007ff8324e2000 	/System/Library/PrivateFrameworks/DebugSymbols.framework/Versions/A/DebugSymbols
0x00007ff930be3000 	/System/Library/PrivateFrameworks/OSAnalytics.framework/Versions/A/OSAnalytics
0x00007ffc20551000 	/System/Library/PrivateFrameworks/VideoToolboxParavirtualizationSupport.framework/Versions/A/VideoToolboxParavirtualizationSupport
0x00007ff82a6d1000 	/System/Library/PrivateFrameworks/AppleVA.framework/Versions/A/AppleVA
0x00007ff82c731000 	/System/Library/Frameworks/ApplicationServices.framework/Versions/A/Frameworks/ATS.framework/Versions/A/ATS
0x00007ff821a2e000 	/System/Library/Frameworks/ApplicationServices.framework/Versions/A/Frameworks/HIServices.framework/Versions/A/HIServices
0x00007ff82b406000 	/System/Library/Frameworks/ApplicationServices.framework/Versions/A/Frameworks/PrintCore.framework/Versions/A/PrintCore
0x00007ff82cb0a000 	/System/Library/Frameworks/ApplicationServices.framework/Versions/A/Frameworks/QD.framework/Versions/A/QD
0x00007ff82cb02000 	/System/Library/Frameworks/ApplicationServices.framework/Versions/A/Frameworks/ColorSyncLegacy.framework/Versions/A/ColorSyncLegacy
0x00007ff82c705000 	/System/Library/Frameworks/ApplicationServices.framework/Versions/A/Frameworks/SpeechSynthesis.framework/Versions/A/SpeechSynthesis
0x00007ff82b3c3000 	/System/Library/Frameworks/ApplicationServices.framework/Versions/A/Frameworks/ATSUI.framework/Versions/A/ATSUI
0x00007ff82ca94000 	/usr/lib/libcups.2.dylib
0x00007ff82ce66000 	/System/Library/Frameworks/Kerberos.framework/Versions/A/Kerberos
0x00007ff82ce75000 	/System/Library/Frameworks/GSS.framework/Versions/A/GSS
0x00007ff82c7aa000 	/usr/lib/libresolv.9.dylib
0x00007ff82a905000 	/System/Library/PrivateFrameworks/Heimdal.framework/Versions/A/Heimdal
0x00007ff8344e0000 	/System/Library/Frameworks/Kerberos.framework/Versions/A/Libraries/libHeimdalProxy.dylib
0x00007ff82cec2000 	/System/Library/PrivateFrameworks/CommonAuth.framework/Versions/A/CommonAuth
0x00007ffa369cd000 	/System/Library/Frameworks/AVFAudio.framework/Versions/A/AVFAudio
0x00007ff91c8f3000 	/System/Library/PrivateFrameworks/AXCoreUtilities.framework/Versions/A/AXCoreUtilities
0x00007ff82c675000 	/System/Library/PrivateFrameworks/AudioSession.framework/Versions/A/AudioSession
0x00007ff82e0c7000 	/System/Library/Frameworks/IOBluetooth.framework/Versions/A/IOBluetooth
0x00007ff82a7e0000 	/System/Library/PrivateFrameworks/MediaExperience.framework/Versions/A/MediaExperience
0x00007ff82c4ca000 	/System/Library/PrivateFrameworks/AudioSession.framework/libSessionUtility.dylib
0x00007ff82cb16000 	/System/Library/PrivateFrameworks/AudioResourceArbitration.framework/Versions/A/AudioResourceArbitration
0x00007ff8311a6000 	/System/Library/PrivateFrameworks/PowerLog.framework/Versions/A/PowerLog
0x00007ff8310c4000 	/System/Library/Frameworks/CoreBluetooth.framework/Versions/A/CoreBluetooth
0x00007ff8344e1000 	/System/Library/Frameworks/AudioUnit.framework/Versions/A/AudioUnit
0x00007ff827c9a000 	/System/Library/PrivateFrameworks/CoreUtils.framework/Versions/A/CoreUtils
0x00007ffb23e15000 	/System/Library/PrivateFrameworks/CoreUtilsExtras.framework/Versions/A/CoreUtilsExtras
0x00007ffb2e765000 	/System/Library/PrivateFrameworks/IO80211.framework/Versions/A/IO80211
0x00007ff832044000 	/System/Library/PrivateFrameworks/FrontBoardServices.framework/Versions/A/FrontBoardServices
0x00007ff833ad7000 	/System/Library/PrivateFrameworks/BackBoardServices.framework/Versions/A/BackBoardServices
0x00007ff8320fe000 	/System/Library/PrivateFrameworks/BoardServices.framework/Versions/A/BoardServices
0x00007ff82a745000 	/System/Library/PrivateFrameworks/IconFoundation.framework/Versions/A/IconFoundation
0x00007ff830075000 	/System/Library/PrivateFrameworks/SpeechRecognitionCore.framework/Versions/A/SpeechRecognitionCore
0x00007ff91c90a000 	/usr/lib/libAccessibility.dylib
0x00007ff8307e9000 	/System/Library/Frameworks/MediaAccessibility.framework/Versions/A/MediaAccessibility
0x00007ffa21674000 	/System/Library/Frameworks/OSLog.framework/Versions/A/OSLog
0x00007ff9218f9000 	/System/Library/PrivateFrameworks/LoggingSupport.framework/Versions/A/LoggingSupport
0x000000010c74f000 	/Library/Internet Plug-Ins/JavaAppletPlugin.plugin/Contents/Home/lib/server/libjvm.dylib
0x000000010b425000 	/Library/Internet Plug-Ins/JavaAppletPlugin.plugin/Contents/Home/lib/libverify.dylib
0x000000010b47e000 	/Library/Internet Plug-Ins/JavaAppletPlugin.plugin/Contents/Home/lib/libjava.dylib
0x000000010b53f000 	/Library/Internet Plug-Ins/JavaAppletPlugin.plugin/Contents/Home/lib/libjdwp.dylib
0x000000010b44b000 	/Library/Internet Plug-Ins/JavaAppletPlugin.plugin/Contents/Home/lib/libnpt.dylib
0x00007ffc28ce1000 	/usr/lib/i18n/libiconv_std.dylib
0x00007ffc28cc9000 	/usr/lib/i18n/libUTF8.dylib
0x00007ffc28ced000 	/usr/lib/i18n/libmapper_parallel.dylib
0x00007ffc28ce5000 	/usr/lib/i18n/libmapper_646.dylib
0x00007ffc28cf5000 	/usr/lib/i18n/libmapper_std.dylib
0x000000010b60f000 	/Library/Internet Plug-Ins/JavaAppletPlugin.plugin/Contents/Home/lib/libinstrument.dylib
0x000000010b5ed000 	/Library/Internet Plug-Ins/JavaAppletPlugin.plugin/Contents/Home/lib/libzip.dylib
0x000000010b7c1000 	/Library/Internet Plug-Ins/JavaAppletPlugin.plugin/Contents/Home/lib/libdt_socket.dylib
0x00000001323ea000 	/Library/Internet Plug-Ins/JavaAppletPlugin.plugin/Contents/Home/lib/libmanagement.dylib
0x0000000132a3e000 	/Library/Internet Plug-Ins/JavaAppletPlugin.plugin/Contents/Home/lib/libnet.dylib
0x00007ff82bf14000 	/usr/lib/libusrtcp.dylib
0x00007ff82065b000 	/usr/lib/libboringssl.dylib
0x0000000132b20000 	/Library/Internet Plug-Ins/JavaAppletPlugin.plugin/Contents/Home/lib/libnio.dylib

VM Arguments:
jvm_args: -agentlib:jdwp=transport=dt_socket,suspend=y,address=localhost:53320 -javaagent:/Users/brianhayes/eclipse/jee-2022-09/Eclipse.app/Contents/Eclipse/configuration/org.eclipse.osgi/1330/0/.cp/lib/javaagent-shaded.jar -Dfile.encoding=UTF-8 
java_command: com.bluehouseinc.dataconverter.TidalDataConverterMainApplication
java_class_path (initial): /Users/brianhayes/git/TidalMigrationTools/target/classes:/Users/brianhayes/.m2/repository/org/springframework/boot/spring-boot-starter/2.4.5/spring-boot-starter-2.4.5.jar:/Users/brianhayes/.m2/repository/org/springframework/boot/spring-boot/2.4.5/spring-boot-2.4.5.jar:/Users/brianhayes/.m2/repository/org/springframework/spring-context/5.3.6/spring-context-5.3.6.jar:/Users/brianhayes/.m2/repository/org/springframework/spring-aop/5.3.6/spring-aop-5.3.6.jar:/Users/brianhayes/.m2/repository/org/springframework/spring-beans/5.3.6/spring-beans-5.3.6.jar:/Users/brianhayes/.m2/repository/org/springframework/spring-expression/5.3.6/spring-expression-5.3.6.jar:/Users/brianhayes/.m2/repository/org/springframework/boot/spring-boot-autoconfigure/2.4.5/spring-boot-autoconfigure-2.4.5.jar:/Users/brianhayes/.m2/repository/jakarta/annotation/jakarta.annotation-api/1.3.5/jakarta.annotation-api-1.3.5.jar:/Users/brianhayes/.m2/repository/org/springframework/spring-core/5.3.6/spring-core-5.3.6.jar:/Users/brianhayes/.m2/repository/org/springframework/spring-jcl/5.3.6/spring-jcl-5.3.6.jar:/Users/brianhayes/.m2/repository/org/yaml/snakeyaml/1.27/snakeyaml-1.27.jar:/Users/brianhayes/.m2/repository/org/springframework/boot/spring-boot-starter-log4j2/2.4.5/spring-boot-starter-log4j2-2.4.5.jar:/Users/brianhayes/.m2/repository/org/apache/logging/log4j/log4j-slf4j-impl/2.13.3/log4j-slf4j-impl-2.13.3.jar:/Users/brianhayes/.m2/repository/org/slf4j/slf4j-api/1.7.30/slf4j-api-1.7.30.jar:/Users/brianhayes/.m2/repository/org/apache/logging/log4j/log4j-core/2.13.3/log4j-core-2.13.3.jar:/Users/brianhayes/.m2/repository/org/apache/logging/log4j/log4j-jul/2.13.3/log4j-jul-2.13.3.jar:/Users/brianhayes/.m2/repository/org/slf4j/jul-to-slf4j/1.7.30/jul-to-slf4j-1.7.30.jar:/Users/brianhayes/.m2/repository/org/projectlombok/lombok/1.18.20/lombok-1.18.20.jar:/Users/brianhayes/git/TidalMigrationTools/lib/tidaltools.jar:/Users/brianhayes/git/TidalMigrationTools/lib/tidal-1.1.15-TIDAL.A
Launcher Type: SUN_STANDARD

Environment Variables:
PATH=/usr/bin:/bin:/usr/sbin:/sbin
SHELL=/bin/zsh

Signal Handlers:
SIGSEGV: [libjvm.dylib+0x59cd83], sa_mask[0]=11111111111111111111111111111111, sa_flags=SA_ONSTACK|SA_RESTART|SA_SIGINFO
SIGBUS: [libjvm.dylib+0x59cd83], sa_mask[0]=11111111111111111111111111111111, sa_flags=SA_RESTART|SA_SIGINFO
SIGFPE: [libjvm.dylib+0x59cd83], sa_mask[0]=11111111111111111111111111111111, sa_flags=SA_RESTART|SA_SIGINFO
SIGPIPE: [libjvm.dylib+0x4905a7], sa_mask[0]=11111111111111111111111111111111, sa_flags=SA_RESTART|SA_SIGINFO
SIGXFSZ: [libjvm.dylib+0x4905a7], sa_mask[0]=11111111111111111111111111111111, sa_flags=SA_RESTART|SA_SIGINFO
SIGILL: [libjvm.dylib+0x59cd83], sa_mask[0]=11111111111111111111111111111111, sa_flags=SA_RESTART|SA_SIGINFO
SIGUSR1: SIG_DFL, sa_mask[0]=00000000000000000000000000000000, sa_flags=none
SIGUSR2: [libjvm.dylib+0x490ea2], sa_mask[0]=00100000000000000000000000000000, sa_flags=SA_RESTART|SA_SIGINFO
SIGHUP: [libjvm.dylib+0x48f0e7], sa_mask[0]=11111111111111111111111111111111, sa_flags=SA_RESTART|SA_SIGINFO
SIGINT: [libjvm.dylib+0x48f0e7], sa_mask[0]=11111111111111111111111111111111, sa_flags=SA_RESTART|SA_SIGINFO
SIGTERM: [libjvm.dylib+0x48f0e7], sa_mask[0]=11111111111111111111111111111111, sa_flags=SA_RESTART|SA_SIGINFO
SIGQUIT: [libjvm.dylib+0x48f0e7], sa_mask[0]=11111111111111111111111111111111, sa_flags=SA_RESTART|SA_SIGINFO


---------------  S Y S T E M  ---------------

OS:Bsduname:Darwin 23.0.0 Darwin Kernel Version 23.0.0: Fri Sep 15 14:41:43 PDT 2023; root:xnu-10002.1.13~1/RELEASE_ARM64_T6000 x86_64
rlimit: STACK 8176k, CORE 0k, NPROC 5333, NOFILE 10240, AS infinity
load average:6.59 7.46 6.85

CPU:total 10 (initial active 10) (1 cores per cpu, 1 threads per core) family 6 model 44 stepping 0, cmov, cx8, fxsr, mmx, sse, sse2, sse3, ssse3, sse4.1, sse4.2, popcnt, aes, clmul, tsc, tscinvbit, tscinv

Memory: 4k page, physical 33554432k(73984k free)

/proc/meminfo:


vm_info: Java HotSpot(TM) 64-Bit Server VM (25.321-b07) for bsd-amd64 JRE (1.8.0_321-b07), built on Dec 15 2021 19:12:29 by "java_re" with gcc 4.2.1 Compatible Apple LLVM 11.0.0 (clang-1100.0.33.17)

time: Tue Oct 10 14:22:23 2023
timezone: EDT
elapsed time: 215.194694 seconds (0d 0h 3m 35s)

